
AVRASM ver. 2.1.30  C:\Users\KPS\Desktop\HW4\codeVision\question1\Debug\List\source.asm Mon Oct 26 18:42:58 2020

C:\Users\KPS\Desktop\HW4\codeVision\question1\Debug\List\source.asm(1088): warning: Register r5 already defined by the .DEF directive
C:\Users\KPS\Desktop\HW4\codeVision\question1\Debug\List\source.asm(1089): warning: Register r4 already defined by the .DEF directive
C:\Users\KPS\Desktop\HW4\codeVision\question1\Debug\List\source.asm(1090): warning: Register r7 already defined by the .DEF directive
C:\Users\KPS\Desktop\HW4\codeVision\question1\Debug\List\source.asm(1091): warning: Register r6 already defined by the .DEF directive
C:\Users\KPS\Desktop\HW4\codeVision\question1\Debug\List\source.asm(1092): warning: Register r9 already defined by the .DEF directive
C:\Users\KPS\Desktop\HW4\codeVision\question1\Debug\List\source.asm(1093): warning: Register r8 already defined by the .DEF directive
C:\Users\KPS\Desktop\HW4\codeVision\question1\Debug\List\source.asm(1094): warning: Register r11 already defined by the .DEF directive
C:\Users\KPS\Desktop\HW4\codeVision\question1\Debug\List\source.asm(1095): warning: Register r10 already defined by the .DEF directive
C:\Users\KPS\Desktop\HW4\codeVision\question1\Debug\List\source.asm(1096): warning: Register r13 already defined by the .DEF directive
                 
                 
                 ;CodeVisionAVR C Compiler V3.12 Advanced
                 ;(C) Copyright 1998-2014 Pavel Haiduc, HP InfoTech s.r.l.
                 ;http://www.hpinfotech.com
                 
                 ;Build configuration    : Debug
                 ;Chip type              : ATmega16
                 ;Program type           : Application
                 ;Clock frequency        : 8.000000 MHz
                 ;Memory model           : Small
                 ;Optimize for           : Size
                 ;(s)printf features     : int, width
                 ;(s)scanf features      : int, width
                 ;External RAM size      : 0
                 ;Data Stack size        : 256 byte(s)
                 ;Heap size              : 0 byte(s)
                 ;Promote 'char' to 'int': Yes
                 ;'char' is unsigned     : Yes
                 ;8 bit enums            : Yes
                 ;Global 'const' stored in FLASH: Yes
                 ;Enhanced function parameter passing: Yes
                 ;Enhanced core instructions: On
                 ;Automatic register allocation for global variables: On
                 ;Smart register allocation: On
                 
                 	#define _MODEL_SMALL_
                 
                 	#pragma AVRPART ADMIN PART_NAME ATmega16
                 	#pragma AVRPART MEMORY PROG_FLASH 16384
                 	#pragma AVRPART MEMORY EEPROM 512
                 	#pragma AVRPART MEMORY INT_SRAM SIZE 1024
                 	#pragma AVRPART MEMORY INT_SRAM START_ADDR 0x60
                 
                 	#define CALL_SUPPORTED 1
                 
                 	.LISTMAC
                 	.EQU UDRE=0x5
                 	.EQU RXC=0x7
                 	.EQU USR=0xB
                 	.EQU UDR=0xC
                 	.EQU SPSR=0xE
                 	.EQU SPDR=0xF
                 	.EQU EERE=0x0
                 	.EQU EEWE=0x1
                 	.EQU EEMWE=0x2
                 	.EQU EECR=0x1C
                 	.EQU EEDR=0x1D
                 	.EQU EEARL=0x1E
                 	.EQU EEARH=0x1F
                 	.EQU WDTCR=0x21
                 	.EQU MCUCR=0x35
                 	.EQU GICR=0x3B
                 	.EQU SPL=0x3D
                 	.EQU SPH=0x3E
                 	.EQU SREG=0x3F
                 
                 	.DEF R0X0=R0
                 	.DEF R0X1=R1
                 	.DEF R0X2=R2
                 	.DEF R0X3=R3
                 	.DEF R0X4=R4
                 	.DEF R0X5=R5
                 	.DEF R0X6=R6
                 	.DEF R0X7=R7
                 	.DEF R0X8=R8
                 	.DEF R0X9=R9
                 	.DEF R0XA=R10
                 	.DEF R0XB=R11
                 	.DEF R0XC=R12
                 	.DEF R0XD=R13
                 	.DEF R0XE=R14
                 	.DEF R0XF=R15
                 	.DEF R0X10=R16
                 	.DEF R0X11=R17
                 	.DEF R0X12=R18
                 	.DEF R0X13=R19
                 	.DEF R0X14=R20
                 	.DEF R0X15=R21
                 	.DEF R0X16=R22
                 	.DEF R0X17=R23
                 	.DEF R0X18=R24
                 	.DEF R0X19=R25
                 	.DEF R0X1A=R26
                 	.DEF R0X1B=R27
                 	.DEF R0X1C=R28
                 	.DEF R0X1D=R29
                 	.DEF R0X1E=R30
                 	.DEF R0X1F=R31
                 
                 	.EQU __SRAM_START=0x0060
                 	.EQU __SRAM_END=0x045F
                 	.EQU __DSTACK_SIZE=0x0100
                 	.EQU __HEAP_SIZE=0x0000
                 	.EQU __CLEAR_SRAM_SIZE=__SRAM_END-__SRAM_START+1
                 
                 	.MACRO __CPD1N
                 	CPI  R30,LOW(@0)
                 	LDI  R26,HIGH(@0)
                 	CPC  R31,R26
                 	LDI  R26,BYTE3(@0)
                 	CPC  R22,R26
                 	LDI  R26,BYTE4(@0)
                 	CPC  R23,R26
                 	.ENDM
                 
                 	.MACRO __CPD2N
                 	CPI  R26,LOW(@0)
                 	LDI  R30,HIGH(@0)
                 	CPC  R27,R30
                 	LDI  R30,BYTE3(@0)
                 	CPC  R24,R30
                 	LDI  R30,BYTE4(@0)
                 	CPC  R25,R30
                 	.ENDM
                 
                 	.MACRO __CPWRR
                 	CP   R@0,R@2
                 	CPC  R@1,R@3
                 	.ENDM
                 
                 	.MACRO __CPWRN
                 	CPI  R@0,LOW(@2)
                 	LDI  R30,HIGH(@2)
                 	CPC  R@1,R30
                 	.ENDM
                 
                 	.MACRO __ADDB1MN
                 	SUBI R30,LOW(-@0-(@1))
                 	.ENDM
                 
                 	.MACRO __ADDB2MN
                 	SUBI R26,LOW(-@0-(@1))
                 	.ENDM
                 
                 	.MACRO __ADDW1MN
                 	SUBI R30,LOW(-@0-(@1))
                 	SBCI R31,HIGH(-@0-(@1))
                 	.ENDM
                 
                 	.MACRO __ADDW2MN
                 	SUBI R26,LOW(-@0-(@1))
                 	SBCI R27,HIGH(-@0-(@1))
                 	.ENDM
                 
                 	.MACRO __ADDW1FN
                 	SUBI R30,LOW(-2*@0-(@1))
                 	SBCI R31,HIGH(-2*@0-(@1))
                 	.ENDM
                 
                 	.MACRO __ADDD1FN
                 	SUBI R30,LOW(-2*@0-(@1))
                 	SBCI R31,HIGH(-2*@0-(@1))
                 	SBCI R22,BYTE3(-2*@0-(@1))
                 	.ENDM
                 
                 	.MACRO __ADDD1N
                 	SUBI R30,LOW(-@0)
                 	SBCI R31,HIGH(-@0)
                 	SBCI R22,BYTE3(-@0)
                 	SBCI R23,BYTE4(-@0)
                 	.ENDM
                 
                 	.MACRO __ADDD2N
                 	SUBI R26,LOW(-@0)
                 	SBCI R27,HIGH(-@0)
                 	SBCI R24,BYTE3(-@0)
                 	SBCI R25,BYTE4(-@0)
                 	.ENDM
                 
                 	.MACRO __SUBD1N
                 	SUBI R30,LOW(@0)
                 	SBCI R31,HIGH(@0)
                 	SBCI R22,BYTE3(@0)
                 	SBCI R23,BYTE4(@0)
                 	.ENDM
                 
                 	.MACRO __SUBD2N
                 	SUBI R26,LOW(@0)
                 	SBCI R27,HIGH(@0)
                 	SBCI R24,BYTE3(@0)
                 	SBCI R25,BYTE4(@0)
                 	.ENDM
                 
                 	.MACRO __ANDBMNN
                 	LDS  R30,@0+(@1)
                 	ANDI R30,LOW(@2)
                 	STS  @0+(@1),R30
                 	.ENDM
                 
                 	.MACRO __ANDWMNN
                 	LDS  R30,@0+(@1)
                 	ANDI R30,LOW(@2)
                 	STS  @0+(@1),R30
                 	LDS  R30,@0+(@1)+1
                 	ANDI R30,HIGH(@2)
                 	STS  @0+(@1)+1,R30
                 	.ENDM
                 
                 	.MACRO __ANDD1N
                 	ANDI R30,LOW(@0)
                 	ANDI R31,HIGH(@0)
                 	ANDI R22,BYTE3(@0)
                 	ANDI R23,BYTE4(@0)
                 	.ENDM
                 
                 	.MACRO __ANDD2N
                 	ANDI R26,LOW(@0)
                 	ANDI R27,HIGH(@0)
                 	ANDI R24,BYTE3(@0)
                 	ANDI R25,BYTE4(@0)
                 	.ENDM
                 
                 	.MACRO __ORBMNN
                 	LDS  R30,@0+(@1)
                 	ORI  R30,LOW(@2)
                 	STS  @0+(@1),R30
                 	.ENDM
                 
                 	.MACRO __ORWMNN
                 	LDS  R30,@0+(@1)
                 	ORI  R30,LOW(@2)
                 	STS  @0+(@1),R30
                 	LDS  R30,@0+(@1)+1
                 	ORI  R30,HIGH(@2)
                 	STS  @0+(@1)+1,R30
                 	.ENDM
                 
                 	.MACRO __ORD1N
                 	ORI  R30,LOW(@0)
                 	ORI  R31,HIGH(@0)
                 	ORI  R22,BYTE3(@0)
                 	ORI  R23,BYTE4(@0)
                 	.ENDM
                 
                 	.MACRO __ORD2N
                 	ORI  R26,LOW(@0)
                 	ORI  R27,HIGH(@0)
                 	ORI  R24,BYTE3(@0)
                 	ORI  R25,BYTE4(@0)
                 	.ENDM
                 
                 	.MACRO __DELAY_USB
                 	LDI  R24,LOW(@0)
                 __DELAY_USB_LOOP:
                 	DEC  R24
                 	BRNE __DELAY_USB_LOOP
                 	.ENDM
                 
                 	.MACRO __DELAY_USW
                 	LDI  R24,LOW(@0)
                 	LDI  R25,HIGH(@0)
                 __DELAY_USW_LOOP:
                 	SBIW R24,1
                 	BRNE __DELAY_USW_LOOP
                 	.ENDM
                 
                 	.MACRO __GETD1S
                 	LDD  R30,Y+@0
                 	LDD  R31,Y+@0+1
                 	LDD  R22,Y+@0+2
                 	LDD  R23,Y+@0+3
                 	.ENDM
                 
                 	.MACRO __GETD2S
                 	LDD  R26,Y+@0
                 	LDD  R27,Y+@0+1
                 	LDD  R24,Y+@0+2
                 	LDD  R25,Y+@0+3
                 	.ENDM
                 
                 	.MACRO __PUTD1S
                 	STD  Y+@0,R30
                 	STD  Y+@0+1,R31
                 	STD  Y+@0+2,R22
                 	STD  Y+@0+3,R23
                 	.ENDM
                 
                 	.MACRO __PUTD2S
                 	STD  Y+@0,R26
                 	STD  Y+@0+1,R27
                 	STD  Y+@0+2,R24
                 	STD  Y+@0+3,R25
                 	.ENDM
                 
                 	.MACRO __PUTDZ2
                 	STD  Z+@0,R26
                 	STD  Z+@0+1,R27
                 	STD  Z+@0+2,R24
                 	STD  Z+@0+3,R25
                 	.ENDM
                 
                 	.MACRO __CLRD1S
                 	STD  Y+@0,R30
                 	STD  Y+@0+1,R30
                 	STD  Y+@0+2,R30
                 	STD  Y+@0+3,R30
                 	.ENDM
                 
                 	.MACRO __POINTB1MN
                 	LDI  R30,LOW(@0+(@1))
                 	.ENDM
                 
                 	.MACRO __POINTW1MN
                 	LDI  R30,LOW(@0+(@1))
                 	LDI  R31,HIGH(@0+(@1))
                 	.ENDM
                 
                 	.MACRO __POINTD1M
                 	LDI  R30,LOW(@0)
                 	LDI  R31,HIGH(@0)
                 	LDI  R22,BYTE3(@0)
                 	LDI  R23,BYTE4(@0)
                 	.ENDM
                 
                 	.MACRO __POINTW1FN
                 	LDI  R30,LOW(2*@0+(@1))
                 	LDI  R31,HIGH(2*@0+(@1))
                 	.ENDM
                 
                 	.MACRO __POINTD1FN
                 	LDI  R30,LOW(2*@0+(@1))
                 	LDI  R31,HIGH(2*@0+(@1))
                 	LDI  R22,BYTE3(2*@0+(@1))
                 	LDI  R23,BYTE4(2*@0+(@1))
                 	.ENDM
                 
                 	.MACRO __POINTB2MN
                 	LDI  R26,LOW(@0+(@1))
                 	.ENDM
                 
                 	.MACRO __POINTW2MN
                 	LDI  R26,LOW(@0+(@1))
                 	LDI  R27,HIGH(@0+(@1))
                 	.ENDM
                 
                 	.MACRO __POINTW2FN
                 	LDI  R26,LOW(2*@0+(@1))
                 	LDI  R27,HIGH(2*@0+(@1))
                 	.ENDM
                 
                 	.MACRO __POINTD2FN
                 	LDI  R26,LOW(2*@0+(@1))
                 	LDI  R27,HIGH(2*@0+(@1))
                 	LDI  R24,BYTE3(2*@0+(@1))
                 	LDI  R25,BYTE4(2*@0+(@1))
                 	.ENDM
                 
                 	.MACRO __POINTBRM
                 	LDI  R@0,LOW(@1)
                 	.ENDM
                 
                 	.MACRO __POINTWRM
                 	LDI  R@0,LOW(@2)
                 	LDI  R@1,HIGH(@2)
                 	.ENDM
                 
                 	.MACRO __POINTBRMN
                 	LDI  R@0,LOW(@1+(@2))
                 	.ENDM
                 
                 	.MACRO __POINTWRMN
                 	LDI  R@0,LOW(@2+(@3))
                 	LDI  R@1,HIGH(@2+(@3))
                 	.ENDM
                 
                 	.MACRO __POINTWRFN
                 	LDI  R@0,LOW(@2*2+(@3))
                 	LDI  R@1,HIGH(@2*2+(@3))
                 	.ENDM
                 
                 	.MACRO __GETD1N
                 	LDI  R30,LOW(@0)
                 	LDI  R31,HIGH(@0)
                 	LDI  R22,BYTE3(@0)
                 	LDI  R23,BYTE4(@0)
                 	.ENDM
                 
                 	.MACRO __GETD2N
                 	LDI  R26,LOW(@0)
                 	LDI  R27,HIGH(@0)
                 	LDI  R24,BYTE3(@0)
                 	LDI  R25,BYTE4(@0)
                 	.ENDM
                 
                 	.MACRO __GETB1MN
                 	LDS  R30,@0+(@1)
                 	.ENDM
                 
                 	.MACRO __GETB1HMN
                 	LDS  R31,@0+(@1)
                 	.ENDM
                 
                 	.MACRO __GETW1MN
                 	LDS  R30,@0+(@1)
                 	LDS  R31,@0+(@1)+1
                 	.ENDM
                 
                 	.MACRO __GETD1MN
                 	LDS  R30,@0+(@1)
                 	LDS  R31,@0+(@1)+1
                 	LDS  R22,@0+(@1)+2
                 	LDS  R23,@0+(@1)+3
                 	.ENDM
                 
                 	.MACRO __GETBRMN
                 	LDS  R@0,@1+(@2)
                 	.ENDM
                 
                 	.MACRO __GETWRMN
                 	LDS  R@0,@2+(@3)
                 	LDS  R@1,@2+(@3)+1
                 	.ENDM
                 
                 	.MACRO __GETWRZ
                 	LDD  R@0,Z+@2
                 	LDD  R@1,Z+@2+1
                 	.ENDM
                 
                 	.MACRO __GETD2Z
                 	LDD  R26,Z+@0
                 	LDD  R27,Z+@0+1
                 	LDD  R24,Z+@0+2
                 	LDD  R25,Z+@0+3
                 	.ENDM
                 
                 	.MACRO __GETB2MN
                 	LDS  R26,@0+(@1)
                 	.ENDM
                 
                 	.MACRO __GETW2MN
                 	LDS  R26,@0+(@1)
                 	LDS  R27,@0+(@1)+1
                 	.ENDM
                 
                 	.MACRO __GETD2MN
                 	LDS  R26,@0+(@1)
                 	LDS  R27,@0+(@1)+1
                 	LDS  R24,@0+(@1)+2
                 	LDS  R25,@0+(@1)+3
                 	.ENDM
                 
                 	.MACRO __PUTB1MN
                 	STS  @0+(@1),R30
                 	.ENDM
                 
                 	.MACRO __PUTW1MN
                 	STS  @0+(@1),R30
                 	STS  @0+(@1)+1,R31
                 	.ENDM
                 
                 	.MACRO __PUTD1MN
                 	STS  @0+(@1),R30
                 	STS  @0+(@1)+1,R31
                 	STS  @0+(@1)+2,R22
                 	STS  @0+(@1)+3,R23
                 	.ENDM
                 
                 	.MACRO __PUTB1EN
                 	LDI  R26,LOW(@0+(@1))
                 	LDI  R27,HIGH(@0+(@1))
                 	CALL __EEPROMWRB
                 	.ENDM
                 
                 	.MACRO __PUTW1EN
                 	LDI  R26,LOW(@0+(@1))
                 	LDI  R27,HIGH(@0+(@1))
                 	CALL __EEPROMWRW
                 	.ENDM
                 
                 	.MACRO __PUTD1EN
                 	LDI  R26,LOW(@0+(@1))
                 	LDI  R27,HIGH(@0+(@1))
                 	CALL __EEPROMWRD
                 	.ENDM
                 
                 	.MACRO __PUTBR0MN
                 	STS  @0+(@1),R0
                 	.ENDM
                 
                 	.MACRO __PUTBMRN
                 	STS  @0+(@1),R@2
                 	.ENDM
                 
                 	.MACRO __PUTWMRN
                 	STS  @0+(@1),R@2
                 	STS  @0+(@1)+1,R@3
                 	.ENDM
                 
                 	.MACRO __PUTBZR
                 	STD  Z+@1,R@0
                 	.ENDM
                 
                 	.MACRO __PUTWZR
                 	STD  Z+@2,R@0
                 	STD  Z+@2+1,R@1
                 	.ENDM
                 
                 	.MACRO __GETW1R
                 	MOV  R30,R@0
                 	MOV  R31,R@1
                 	.ENDM
                 
                 	.MACRO __GETW2R
                 	MOV  R26,R@0
                 	MOV  R27,R@1
                 	.ENDM
                 
                 	.MACRO __GETWRN
                 	LDI  R@0,LOW(@2)
                 	LDI  R@1,HIGH(@2)
                 	.ENDM
                 
                 	.MACRO __PUTW1R
                 	MOV  R@0,R30
                 	MOV  R@1,R31
                 	.ENDM
                 
                 	.MACRO __PUTW2R
                 	MOV  R@0,R26
                 	MOV  R@1,R27
                 	.ENDM
                 
                 	.MACRO __ADDWRN
                 	SUBI R@0,LOW(-@2)
                 	SBCI R@1,HIGH(-@2)
                 	.ENDM
                 
                 	.MACRO __ADDWRR
                 	ADD  R@0,R@2
                 	ADC  R@1,R@3
                 	.ENDM
                 
                 	.MACRO __SUBWRN
                 	SUBI R@0,LOW(@2)
                 	SBCI R@1,HIGH(@2)
                 	.ENDM
                 
                 	.MACRO __SUBWRR
                 	SUB  R@0,R@2
                 	SBC  R@1,R@3
                 	.ENDM
                 
                 	.MACRO __ANDWRN
                 	ANDI R@0,LOW(@2)
                 	ANDI R@1,HIGH(@2)
                 	.ENDM
                 
                 	.MACRO __ANDWRR
                 	AND  R@0,R@2
                 	AND  R@1,R@3
                 	.ENDM
                 
                 	.MACRO __ORWRN
                 	ORI  R@0,LOW(@2)
                 	ORI  R@1,HIGH(@2)
                 	.ENDM
                 
                 	.MACRO __ORWRR
                 	OR   R@0,R@2
                 	OR   R@1,R@3
                 	.ENDM
                 
                 	.MACRO __EORWRR
                 	EOR  R@0,R@2
                 	EOR  R@1,R@3
                 	.ENDM
                 
                 	.MACRO __GETWRS
                 	LDD  R@0,Y+@2
                 	LDD  R@1,Y+@2+1
                 	.ENDM
                 
                 	.MACRO __PUTBSR
                 	STD  Y+@1,R@0
                 	.ENDM
                 
                 	.MACRO __PUTWSR
                 	STD  Y+@2,R@0
                 	STD  Y+@2+1,R@1
                 	.ENDM
                 
                 	.MACRO __MOVEWRR
                 	MOV  R@0,R@2
                 	MOV  R@1,R@3
                 	.ENDM
                 
                 	.MACRO __INWR
                 	IN   R@0,@2
                 	IN   R@1,@2+1
                 	.ENDM
                 
                 	.MACRO __OUTWR
                 	OUT  @2+1,R@1
                 	OUT  @2,R@0
                 	.ENDM
                 
                 	.MACRO __CALL1MN
                 	LDS  R30,@0+(@1)
                 	LDS  R31,@0+(@1)+1
                 	ICALL
                 	.ENDM
                 
                 	.MACRO __CALL1FN
                 	LDI  R30,LOW(2*@0+(@1))
                 	LDI  R31,HIGH(2*@0+(@1))
                 	CALL __GETW1PF
                 	ICALL
                 	.ENDM
                 
                 	.MACRO __CALL2EN
                 	PUSH R26
                 	PUSH R27
                 	LDI  R26,LOW(@0+(@1))
                 	LDI  R27,HIGH(@0+(@1))
                 	CALL __EEPROMRDW
                 	POP  R27
                 	POP  R26
                 	ICALL
                 	.ENDM
                 
                 	.MACRO __CALL2EX
                 	SUBI R26,LOW(-@0)
                 	SBCI R27,HIGH(-@0)
                 	CALL __EEPROMRDD
                 	ICALL
                 	.ENDM
                 
                 	.MACRO __GETW1STACK
                 	IN   R30,SPL
                 	IN   R31,SPH
                 	ADIW R30,@0+1
                 	LD   R0,Z+
                 	LD   R31,Z
                 	MOV  R30,R0
                 	.ENDM
                 
                 	.MACRO __GETD1STACK
                 	IN   R30,SPL
                 	IN   R31,SPH
                 	ADIW R30,@0+1
                 	LD   R0,Z+
                 	LD   R1,Z+
                 	LD   R22,Z
                 	MOVW R30,R0
                 	.ENDM
                 
                 	.MACRO __NBST
                 	BST  R@0,@1
                 	IN   R30,SREG
                 	LDI  R31,0x40
                 	EOR  R30,R31
                 	OUT  SREG,R30
                 	.ENDM
                 
                 
                 	.MACRO __PUTB1SN
                 	LDD  R26,Y+@0
                 	LDD  R27,Y+@0+1
                 	SUBI R26,LOW(-@1)
                 	SBCI R27,HIGH(-@1)
                 	ST   X,R30
                 	.ENDM
                 
                 	.MACRO __PUTW1SN
                 	LDD  R26,Y+@0
                 	LDD  R27,Y+@0+1
                 	SUBI R26,LOW(-@1)
                 	SBCI R27,HIGH(-@1)
                 	ST   X+,R30
                 	ST   X,R31
                 	.ENDM
                 
                 	.MACRO __PUTD1SN
                 	LDD  R26,Y+@0
                 	LDD  R27,Y+@0+1
                 	SUBI R26,LOW(-@1)
                 	SBCI R27,HIGH(-@1)
                 	CALL __PUTDP1
                 	.ENDM
                 
                 	.MACRO __PUTB1SNS
                 	LDD  R26,Y+@0
                 	LDD  R27,Y+@0+1
                 	ADIW R26,@1
                 	ST   X,R30
                 	.ENDM
                 
                 	.MACRO __PUTW1SNS
                 	LDD  R26,Y+@0
                 	LDD  R27,Y+@0+1
                 	ADIW R26,@1
                 	ST   X+,R30
                 	ST   X,R31
                 	.ENDM
                 
                 	.MACRO __PUTD1SNS
                 	LDD  R26,Y+@0
                 	LDD  R27,Y+@0+1
                 	ADIW R26,@1
                 	CALL __PUTDP1
                 	.ENDM
                 
                 	.MACRO __PUTB1PMN
                 	LDS  R26,@0
                 	LDS  R27,@0+1
                 	SUBI R26,LOW(-@1)
                 	SBCI R27,HIGH(-@1)
                 	ST   X,R30
                 	.ENDM
                 
                 	.MACRO __PUTW1PMN
                 	LDS  R26,@0
                 	LDS  R27,@0+1
                 	SUBI R26,LOW(-@1)
                 	SBCI R27,HIGH(-@1)
                 	ST   X+,R30
                 	ST   X,R31
                 	.ENDM
                 
                 	.MACRO __PUTD1PMN
                 	LDS  R26,@0
                 	LDS  R27,@0+1
                 	SUBI R26,LOW(-@1)
                 	SBCI R27,HIGH(-@1)
                 	CALL __PUTDP1
                 	.ENDM
                 
                 	.MACRO __PUTB1PMNS
                 	LDS  R26,@0
                 	LDS  R27,@0+1
                 	ADIW R26,@1
                 	ST   X,R30
                 	.ENDM
                 
                 	.MACRO __PUTW1PMNS
                 	LDS  R26,@0
                 	LDS  R27,@0+1
                 	ADIW R26,@1
                 	ST   X+,R30
                 	ST   X,R31
                 	.ENDM
                 
                 	.MACRO __PUTD1PMNS
                 	LDS  R26,@0
                 	LDS  R27,@0+1
                 	ADIW R26,@1
                 	CALL __PUTDP1
                 	.ENDM
                 
                 	.MACRO __PUTB1RN
                 	MOVW R26,R@0
                 	SUBI R26,LOW(-@1)
                 	SBCI R27,HIGH(-@1)
                 	ST   X,R30
                 	.ENDM
                 
                 	.MACRO __PUTW1RN
                 	MOVW R26,R@0
                 	SUBI R26,LOW(-@1)
                 	SBCI R27,HIGH(-@1)
                 	ST   X+,R30
                 	ST   X,R31
                 	.ENDM
                 
                 	.MACRO __PUTD1RN
                 	MOVW R26,R@0
                 	SUBI R26,LOW(-@1)
                 	SBCI R27,HIGH(-@1)
                 	CALL __PUTDP1
                 	.ENDM
                 
                 	.MACRO __PUTB1RNS
                 	MOVW R26,R@0
                 	ADIW R26,@1
                 	ST   X,R30
                 	.ENDM
                 
                 	.MACRO __PUTW1RNS
                 	MOVW R26,R@0
                 	ADIW R26,@1
                 	ST   X+,R30
                 	ST   X,R31
                 	.ENDM
                 
                 	.MACRO __PUTD1RNS
                 	MOVW R26,R@0
                 	ADIW R26,@1
                 	CALL __PUTDP1
                 	.ENDM
                 
                 	.MACRO __PUTB1RON
                 	MOV  R26,R@0
                 	MOV  R27,R@1
                 	SUBI R26,LOW(-@2)
                 	SBCI R27,HIGH(-@2)
                 	ST   X,R30
                 	.ENDM
                 
                 	.MACRO __PUTW1RON
                 	MOV  R26,R@0
                 	MOV  R27,R@1
                 	SUBI R26,LOW(-@2)
                 	SBCI R27,HIGH(-@2)
                 	ST   X+,R30
                 	ST   X,R31
                 	.ENDM
                 
                 	.MACRO __PUTD1RON
                 	MOV  R26,R@0
                 	MOV  R27,R@1
                 	SUBI R26,LOW(-@2)
                 	SBCI R27,HIGH(-@2)
                 	CALL __PUTDP1
                 	.ENDM
                 
                 	.MACRO __PUTB1RONS
                 	MOV  R26,R@0
                 	MOV  R27,R@1
                 	ADIW R26,@2
                 	ST   X,R30
                 	.ENDM
                 
                 	.MACRO __PUTW1RONS
                 	MOV  R26,R@0
                 	MOV  R27,R@1
                 	ADIW R26,@2
                 	ST   X+,R30
                 	ST   X,R31
                 	.ENDM
                 
                 	.MACRO __PUTD1RONS
                 	MOV  R26,R@0
                 	MOV  R27,R@1
                 	ADIW R26,@2
                 	CALL __PUTDP1
                 	.ENDM
                 
                 
                 	.MACRO __GETB1SX
                 	MOVW R30,R28
                 	SUBI R30,LOW(-@0)
                 	SBCI R31,HIGH(-@0)
                 	LD   R30,Z
                 	.ENDM
                 
                 	.MACRO __GETB1HSX
                 	MOVW R30,R28
                 	SUBI R30,LOW(-@0)
                 	SBCI R31,HIGH(-@0)
                 	LD   R31,Z
                 	.ENDM
                 
                 	.MACRO __GETW1SX
                 	MOVW R30,R28
                 	SUBI R30,LOW(-@0)
                 	SBCI R31,HIGH(-@0)
                 	LD   R0,Z+
                 	LD   R31,Z
                 	MOV  R30,R0
                 	.ENDM
                 
                 	.MACRO __GETD1SX
                 	MOVW R30,R28
                 	SUBI R30,LOW(-@0)
                 	SBCI R31,HIGH(-@0)
                 	LD   R0,Z+
                 	LD   R1,Z+
                 	LD   R22,Z+
                 	LD   R23,Z
                 	MOVW R30,R0
                 	.ENDM
                 
                 	.MACRO __GETB2SX
                 	MOVW R26,R28
                 	SUBI R26,LOW(-@0)
                 	SBCI R27,HIGH(-@0)
                 	LD   R26,X
                 	.ENDM
                 
                 	.MACRO __GETW2SX
                 	MOVW R26,R28
                 	SUBI R26,LOW(-@0)
                 	SBCI R27,HIGH(-@0)
                 	LD   R0,X+
                 	LD   R27,X
                 	MOV  R26,R0
                 	.ENDM
                 
                 	.MACRO __GETD2SX
                 	MOVW R26,R28
                 	SUBI R26,LOW(-@0)
                 	SBCI R27,HIGH(-@0)
                 	LD   R0,X+
                 	LD   R1,X+
                 	LD   R24,X+
                 	LD   R25,X
                 	MOVW R26,R0
                 	.ENDM
                 
                 	.MACRO __GETBRSX
                 	MOVW R30,R28
                 	SUBI R30,LOW(-@1)
                 	SBCI R31,HIGH(-@1)
                 	LD   R@0,Z
                 	.ENDM
                 
                 	.MACRO __GETWRSX
                 	MOVW R30,R28
                 	SUBI R30,LOW(-@2)
                 	SBCI R31,HIGH(-@2)
                 	LD   R@0,Z+
                 	LD   R@1,Z
                 	.ENDM
                 
                 	.MACRO __GETBRSX2
                 	MOVW R26,R28
                 	SUBI R26,LOW(-@1)
                 	SBCI R27,HIGH(-@1)
                 	LD   R@0,X
                 	.ENDM
                 
                 	.MACRO __GETWRSX2
                 	MOVW R26,R28
                 	SUBI R26,LOW(-@2)
                 	SBCI R27,HIGH(-@2)
                 	LD   R@0,X+
                 	LD   R@1,X
                 	.ENDM
                 
                 	.MACRO __LSLW8SX
                 	MOVW R30,R28
                 	SUBI R30,LOW(-@0)
                 	SBCI R31,HIGH(-@0)
                 	LD   R31,Z
                 	CLR  R30
                 	.ENDM
                 
                 	.MACRO __PUTB1SX
                 	MOVW R26,R28
                 	SUBI R26,LOW(-@0)
                 	SBCI R27,HIGH(-@0)
                 	ST   X,R30
                 	.ENDM
                 
                 	.MACRO __PUTW1SX
                 	MOVW R26,R28
                 	SUBI R26,LOW(-@0)
                 	SBCI R27,HIGH(-@0)
                 	ST   X+,R30
                 	ST   X,R31
                 	.ENDM
                 
                 	.MACRO __PUTD1SX
                 	MOVW R26,R28
                 	SUBI R26,LOW(-@0)
                 	SBCI R27,HIGH(-@0)
                 	ST   X+,R30
                 	ST   X+,R31
                 	ST   X+,R22
                 	ST   X,R23
                 	.ENDM
                 
                 	.MACRO __CLRW1SX
                 	MOVW R26,R28
                 	SUBI R26,LOW(-@0)
                 	SBCI R27,HIGH(-@0)
                 	ST   X+,R30
                 	ST   X,R30
                 	.ENDM
                 
                 	.MACRO __CLRD1SX
                 	MOVW R26,R28
                 	SUBI R26,LOW(-@0)
                 	SBCI R27,HIGH(-@0)
                 	ST   X+,R30
                 	ST   X+,R30
                 	ST   X+,R30
                 	ST   X,R30
                 	.ENDM
                 
                 	.MACRO __PUTB2SX
                 	MOVW R30,R28
                 	SUBI R30,LOW(-@0)
                 	SBCI R31,HIGH(-@0)
                 	ST   Z,R26
                 	.ENDM
                 
                 	.MACRO __PUTW2SX
                 	MOVW R30,R28
                 	SUBI R30,LOW(-@0)
                 	SBCI R31,HIGH(-@0)
                 	ST   Z+,R26
                 	ST   Z,R27
                 	.ENDM
                 
                 	.MACRO __PUTD2SX
                 	MOVW R30,R28
                 	SUBI R30,LOW(-@0)
                 	SBCI R31,HIGH(-@0)
                 	ST   Z+,R26
                 	ST   Z+,R27
                 	ST   Z+,R24
                 	ST   Z,R25
                 	.ENDM
                 
                 	.MACRO __PUTBSRX
                 	MOVW R30,R28
                 	SUBI R30,LOW(-@1)
                 	SBCI R31,HIGH(-@1)
                 	ST   Z,R@0
                 	.ENDM
                 
                 	.MACRO __PUTWSRX
                 	MOVW R30,R28
                 	SUBI R30,LOW(-@2)
                 	SBCI R31,HIGH(-@2)
                 	ST   Z+,R@0
                 	ST   Z,R@1
                 	.ENDM
                 
                 	.MACRO __PUTB1SNX
                 	MOVW R26,R28
                 	SUBI R26,LOW(-@0)
                 	SBCI R27,HIGH(-@0)
                 	LD   R0,X+
                 	LD   R27,X
                 	MOV  R26,R0
                 	SUBI R26,LOW(-@1)
                 	SBCI R27,HIGH(-@1)
                 	ST   X,R30
                 	.ENDM
                 
                 	.MACRO __PUTW1SNX
                 	MOVW R26,R28
                 	SUBI R26,LOW(-@0)
                 	SBCI R27,HIGH(-@0)
                 	LD   R0,X+
                 	LD   R27,X
                 	MOV  R26,R0
                 	SUBI R26,LOW(-@1)
                 	SBCI R27,HIGH(-@1)
                 	ST   X+,R30
                 	ST   X,R31
                 	.ENDM
                 
                 	.MACRO __PUTD1SNX
                 	MOVW R26,R28
                 	SUBI R26,LOW(-@0)
                 	SBCI R27,HIGH(-@0)
                 	LD   R0,X+
                 	LD   R27,X
                 	MOV  R26,R0
                 	SUBI R26,LOW(-@1)
                 	SBCI R27,HIGH(-@1)
                 	ST   X+,R30
                 	ST   X+,R31
                 	ST   X+,R22
                 	ST   X,R23
                 	.ENDM
                 
                 	.MACRO __MULBRR
                 	MULS R@0,R@1
                 	MOVW R30,R0
                 	.ENDM
                 
                 	.MACRO __MULBRRU
                 	MUL  R@0,R@1
                 	MOVW R30,R0
                 	.ENDM
                 
                 	.MACRO __MULBRR0
                 	MULS R@0,R@1
                 	.ENDM
                 
                 	.MACRO __MULBRRU0
                 	MUL  R@0,R@1
                 	.ENDM
                 
                 	.MACRO __MULBNWRU
                 	LDI  R26,@2
                 	MUL  R26,R@0
                 	MOVW R30,R0
                 	MUL  R26,R@1
                 	ADD  R31,R0
                 	.ENDM
                 
                 ;NAME DEFINITIONS FOR GLOBAL VARIABLES ALLOCATED TO REGISTERS
                 	.DEF _ms=R5
                 	.DEF _sec=R4
                 	.DEF _min=R7
                 	.DEF _hour=R6
                 	.DEF _start=R9
                 	.DEF _stop=R8
                 	.DEF __lcd_x=R11
                 	.DEF __lcd_y=R10
                 	.DEF __lcd_maxx=R13
                 
                 	.CSEG
                 	.ORG 0x00
                 
                 ;START OF CODE MARKER
                 __START_OF_CODE:
                 
                 ;INTERRUPT VECTORS
000000 940c 0047 	JMP  __RESET
000002 940c 0074 	JMP  _ext_int0_isr
000004 940c 0000 	JMP  0x00
000006 940c 0000 	JMP  0x00
000008 940c 0000 	JMP  0x00
00000a 940c 0000 	JMP  0x00
00000c 940c 0000 	JMP  0x00
00000e 940c 0000 	JMP  0x00
000010 940c 0000 	JMP  0x00
000012 940c 0075 	JMP  _timer0_ovf_isr
000014 940c 0000 	JMP  0x00
000016 940c 0000 	JMP  0x00
000018 940c 0000 	JMP  0x00
00001a 940c 0000 	JMP  0x00
00001c 940c 0000 	JMP  0x00
00001e 940c 0000 	JMP  0x00
000020 940c 0000 	JMP  0x00
000022 940c 0000 	JMP  0x00
000024 940c 0000 	JMP  0x00
000026 940c 0000 	JMP  0x00
000028 940c 0000 	JMP  0x00
                 
                 _tbl10_G100:
00002a 2710
00002b 03e8
00002c 0064
00002d 000a      	.DB  0x10,0x27,0xE8,0x3,0x64,0x0,0xA,0x0
00002e 0001      	.DB  0x1,0x0
                 _tbl16_G100:
00002f 1000
000030 0100
000031 0010
000032 0001      	.DB  0x0,0x10,0x0,0x1,0x10,0x0,0x1,0x0
                 
                 ;GLOBAL REGISTER VARIABLES INITIALIZATION
                 __REG_VARS:
000033 0000
000034 0000      	.DB  0x0,0x0,0x0,0x0
                 
                 _0x0:
000035 3025
000036 6432
000037 253a
000038 3230      	.DB  0x25,0x30,0x32,0x64,0x3A,0x25,0x30,0x32
000039 3a64
00003a 3025
00003b 6432
00003c 253a      	.DB  0x64,0x3A,0x25,0x30,0x32,0x64,0x3A,0x25
00003d 3230
00003e 0064      	.DB  0x30,0x32,0x64,0x0
                 _0x2020003:
00003f c080      	.DB  0x80,0xC0
                 
                 __GLOBAL_INI_TBL:
000040 0004      	.DW  0x04
000041 0004      	.DW  0x04
000042 0066      	.DW  __REG_VARS*2
                 
000043 0002      	.DW  0x02
000044 0174      	.DW  __base_y_G101
000045 007e      	.DW  _0x2020003*2
                 
                 _0xFFFFFFFF:
000046 0000      	.DW  0
                 
                 #define __GLOBAL_INI_TBL_PRESENT 1
                 
                 __RESET:
000047 94f8      	CLI
000048 27ee      	CLR  R30
000049 bbec      	OUT  EECR,R30
                 
                 ;INTERRUPT VECTORS ARE PLACED
                 ;AT THE START OF FLASH
00004a e0f1      	LDI  R31,1
00004b bffb      	OUT  GICR,R31
00004c bfeb      	OUT  GICR,R30
00004d bfe5      	OUT  MCUCR,R30
                 
                 ;CLEAR R2-R14
00004e e08d      	LDI  R24,(14-2)+1
00004f e0a2      	LDI  R26,2
000050 27bb      	CLR  R27
                 __CLEAR_REG:
000051 93ed      	ST   X+,R30
000052 958a      	DEC  R24
000053 f7e9      	BRNE __CLEAR_REG
                 
                 ;CLEAR SRAM
000054 e080      	LDI  R24,LOW(__CLEAR_SRAM_SIZE)
000055 e094      	LDI  R25,HIGH(__CLEAR_SRAM_SIZE)
000056 e6a0      	LDI  R26,__SRAM_START
                 __CLEAR_SRAM:
000057 93ed      	ST   X+,R30
000058 9701      	SBIW R24,1
000059 f7e9      	BRNE __CLEAR_SRAM
                 
                 ;GLOBAL VARIABLES INITIALIZATION
00005a e8e0      	LDI  R30,LOW(__GLOBAL_INI_TBL*2)
00005b e0f0      	LDI  R31,HIGH(__GLOBAL_INI_TBL*2)
                 __GLOBAL_INI_NEXT:
00005c 9185      	LPM  R24,Z+
00005d 9195      	LPM  R25,Z+
00005e 9700      	SBIW R24,0
00005f f061      	BREQ __GLOBAL_INI_END
000060 91a5      	LPM  R26,Z+
000061 91b5      	LPM  R27,Z+
000062 9005      	LPM  R0,Z+
000063 9015      	LPM  R1,Z+
000064 01bf      	MOVW R22,R30
000065 01f0      	MOVW R30,R0
                 __GLOBAL_INI_LOOP:
000066 9005      	LPM  R0,Z+
000067 920d      	ST   X+,R0
000068 9701      	SBIW R24,1
000069 f7e1      	BRNE __GLOBAL_INI_LOOP
00006a 01fb      	MOVW R30,R22
00006b cff0      	RJMP __GLOBAL_INI_NEXT
                 __GLOBAL_INI_END:
                 
                 ;HARDWARE STACK POINTER INITIALIZATION
00006c e5ef      	LDI  R30,LOW(__SRAM_END-__HEAP_SIZE)
00006d bfed      	OUT  SPL,R30
00006e e0e4      	LDI  R30,HIGH(__SRAM_END-__HEAP_SIZE)
00006f bfee      	OUT  SPH,R30
                 
                 ;DATA STACK POINTER INITIALIZATION
000070 e6c0      	LDI  R28,LOW(__SRAM_START+__DSTACK_SIZE)
000071 e0d1      	LDI  R29,HIGH(__SRAM_START+__DSTACK_SIZE)
                 
000072 940c 00e4 	JMP  _main
                 
                 	.ESEG
                 	.ORG 0
                 
                 	.DSEG
                 	.ORG 0x160
                 
                 	.CSEG
                 ;/*******************************************************
                 ;This program was created by the
                 ;CodeWizardAVR V3.12 Advanced
                 ;Automatic Program Generator
                 ;© Copyright 1998-2014 Pavel Haiduc, HP InfoTech s.r.l.
                 ;http://www.hpinfotech.com
                 ;
                 ;Project :
                 ;Version :
                 ;Date    : 10/24/2020
                 ;Author  :
                 ;Company :
                 ;Comments:
                 ;
                 ;
                 ;Chip type               : ATmega16
                 ;Program type            : Application
                 ;AVR Core Clock frequency: 8.000000 MHz
                 ;Memory model            : Small
                 ;External RAM size       : 0
                 ;Data Stack size         : 256
                 ;*******************************************************/
                 ;
                 ;#include <mega16.h>
                 	#ifndef __SLEEP_DEFINED__
                 	#define __SLEEP_DEFINED__
                 	.EQU __se_bit=0x40
                 	.EQU __sm_mask=0xB0
                 	.EQU __sm_powerdown=0x20
                 	.EQU __sm_powersave=0x30
                 	.EQU __sm_standby=0xA0
                 	.EQU __sm_ext_standby=0xB0
                 	.EQU __sm_adc_noise_red=0x10
                 	.SET power_ctrl_reg=mcucr
                 	#endif
                 ;#include <stdio.h>
                 ;#include <alcd.h>
                 ;#include <delay.h>
                 ;char ms=0,sec=0,min=0,hour=0;
                 ;char str[20];
                 ;char start,stop;
                 ;// Declare your global variables here
                 ;
                 ;// External Interrupt 0 service routine
                 ;interrupt [EXT_INT0] void ext_int0_isr(void)
                 ; 0000 0023 {
                 
                 	.CSEG
                 _ext_int0_isr:
                 ; .FSTART _ext_int0_isr
                 ; 0000 0024 // Place your code here
                 ; 0000 0025 
                 ; 0000 0026 }
000074 9518      	RETI
                 ; .FEND
                 ;
                 ;// Timer 0 overflow interrupt service routine
                 ;interrupt [TIM0_OVF] void timer0_ovf_isr(void)
                 ; 0000 002A {
                 _timer0_ovf_isr:
                 ; .FSTART _timer0_ovf_isr
000075 920a      	ST   -Y,R0
000076 921a      	ST   -Y,R1
000077 92fa      	ST   -Y,R15
000078 936a      	ST   -Y,R22
000079 937a      	ST   -Y,R23
00007a 938a      	ST   -Y,R24
00007b 939a      	ST   -Y,R25
00007c 93aa      	ST   -Y,R26
00007d 93ba      	ST   -Y,R27
00007e 93ea      	ST   -Y,R30
00007f 93fa      	ST   -Y,R31
000080 b7ef      	IN   R30,SREG
000081 93ea      	ST   -Y,R30
                 ; 0000 002B     // Reinitialize Timer 0 value
                 ; 0000 002C     TCNT0=0xB2;
000082 ebe2      	LDI  R30,LOW(178)
000083 bfe2      	OUT  0x32,R30
                 ; 0000 002D     if(PINB.4==0)
000084 99b4      	SBIC 0x16,4
000085 c003      	RJMP _0x3
                 ; 0000 002E     {
                 ; 0000 002F         start=1; stop=0;
000086 e0e1      	LDI  R30,LOW(1)
000087 2e9e      	MOV  R9,R30
000088 2488      	CLR  R8
                 ; 0000 0030     }
                 ; 0000 0031     if(start==1)
                 _0x3:
000089 e0e1      	LDI  R30,LOW(1)
00008a 15e9      	CP   R30,R9
00008b f499      	BRNE _0x4
                 ; 0000 0032     {
                 ; 0000 0033         ms++;
00008c 9453      	INC  R5
                 ; 0000 0034         if(ms==100)
00008d e6e4      	LDI  R30,LOW(100)
00008e 15e5      	CP   R30,R5
00008f f479      	BRNE _0x5
                 ; 0000 0035         {
                 ; 0000 0036             sec++; ms=0;
000090 9443      	INC  R4
000091 2455      	CLR  R5
                 ; 0000 0037             if(sec==60)
000092 e3ec      	LDI  R30,LOW(60)
000093 15e4      	CP   R30,R4
000094 f451      	BRNE _0x6
                 ; 0000 0038             {
                 ; 0000 0039                 min++; sec=0;
000095 9473      	INC  R7
000096 2444      	CLR  R4
                 ; 0000 003A                 if(min==60)
000097 15e7      	CP   R30,R7
000098 f431      	BRNE _0x7
                 ; 0000 003B                 {
                 ; 0000 003C                     hour++; min=0;
000099 9463      	INC  R6
00009a 2477      	CLR  R7
                 ; 0000 003D                     if(hour==24)
00009b e1e8      	LDI  R30,LOW(24)
00009c 15e6      	CP   R30,R6
00009d f409      	BRNE _0x8
                 ; 0000 003E                     {
                 ; 0000 003F                      hour=0;
00009e 2466      	CLR  R6
                 ; 0000 0040                     }
                 ; 0000 0041                 }
                 _0x8:
                 ; 0000 0042             }
                 _0x7:
                 ; 0000 0043         }
                 _0x6:
                 ; 0000 0044                 }
                 _0x5:
                 ; 0000 0045     if((PINB.5==0)&&(stop==0))
                 _0x4:
00009f 99b5      	SBIC 0x16,5
0000a0 c002      	RJMP _0xA
0000a1 2088      	TST  R8
0000a2 f009      	BREQ _0xB
                 _0xA:
0000a3 c007      	RJMP _0x9
                 _0xB:
                 ; 0000 0046     {
                 ; 0000 0047         stop=1; start=0;
0000a4 e0e1      	LDI  R30,LOW(1)
0000a5 2e8e      	MOV  R8,R30
0000a6 2499      	CLR  R9
                 ; 0000 0048         delay_ms(20);
0000a7 e1a4      	LDI  R26,LOW(20)
0000a8 e0b0      	LDI  R27,0
0000a9 940e 03ab 	CALL _delay_ms
                 ; 0000 0049     }
                 ; 0000 004A     if((PINB.5==0)&&(stop==1))
                 _0x9:
0000ab 99b5      	SBIC 0x16,5
0000ac c003      	RJMP _0xD
0000ad e0e1      	LDI  R30,LOW(1)
0000ae 15e8      	CP   R30,R8
0000af f009      	BREQ _0xE
                 _0xD:
0000b0 c004      	RJMP _0xC
                 _0xE:
                 ; 0000 004B     {
                 ; 0000 004C         ms=0; sec=0; min=0; hour=0;
0000b1 2455      	CLR  R5
0000b2 2444      	CLR  R4
0000b3 2477      	CLR  R7
0000b4 2466      	CLR  R6
                 ; 0000 004D     }
                 ; 0000 004E 
                 ; 0000 004F         lcd_gotoxy(0,0);
                 _0xC:
0000b5 e0e0      	LDI  R30,LOW(0)
0000b6 93ea      	ST   -Y,R30
0000b7 e0a0      	LDI  R26,LOW(0)
0000b8 940e 02e5 	CALL _lcd_gotoxy
                 ; 0000 0050         lcd_puts(str);
0000ba e6a0      	LDI  R26,LOW(_str)
0000bb e0b1      	LDI  R27,HIGH(_str)
0000bc 940e 0313 	CALL _lcd_puts
                 ; 0000 0051         sprintf(str,"%02d:%02d:%02d:%02d",hour,min,sec,ms);
0000be e6e0      	LDI  R30,LOW(_str)
0000bf e0f1      	LDI  R31,HIGH(_str)
0000c0 93fa      	ST   -Y,R31
0000c1 93ea      	ST   -Y,R30
                +
0000c2 e6ea     +LDI R30 , LOW ( 2 * _0x0 + ( 0 ) )
0000c3 e0f0     +LDI R31 , HIGH ( 2 * _0x0 + ( 0 ) )
                 	__POINTW1FN _0x0,0
0000c4 93fa      	ST   -Y,R31
0000c5 93ea      	ST   -Y,R30
0000c6 2de6      	MOV  R30,R6
0000c7 940e 036b 	CALL SUBOPT_0x0
0000c9 2de7      	MOV  R30,R7
0000ca 940e 036b 	CALL SUBOPT_0x0
0000cc 2de4      	MOV  R30,R4
0000cd 940e 036b 	CALL SUBOPT_0x0
0000cf 2de5      	MOV  R30,R5
0000d0 940e 036b 	CALL SUBOPT_0x0
0000d2 e180      	LDI  R24,16
0000d3 940e 0291 	CALL _sprintf
0000d5 9664      	ADIW R28,20
                 ; 0000 0052 
                 ; 0000 0053 }
0000d6 91e9      	LD   R30,Y+
0000d7 bfef      	OUT  SREG,R30
0000d8 91f9      	LD   R31,Y+
0000d9 91e9      	LD   R30,Y+
0000da 91b9      	LD   R27,Y+
0000db 91a9      	LD   R26,Y+
0000dc 9199      	LD   R25,Y+
0000dd 9189      	LD   R24,Y+
0000de 9179      	LD   R23,Y+
0000df 9169      	LD   R22,Y+
0000e0 90f9      	LD   R15,Y+
0000e1 9019      	LD   R1,Y+
0000e2 9009      	LD   R0,Y+
0000e3 9518      	RETI
                 ; .FEND
                 ;
                 ;void main(void)
                 ; 0000 0056 {
                 _main:
                 ; .FSTART _main
                 ; 0000 0057 // Declare your local variables here
                 ; 0000 0058 
                 ; 0000 0059 // Input/Output Ports initialization
                 ; 0000 005A // Port A initialization
                 ; 0000 005B // Function: Bit7=In Bit6=In Bit5=In Bit4=In Bit3=In Bit2=In Bit1=In Bit0=In
                 ; 0000 005C DDRA=(0<<DDA7) | (0<<DDA6) | (0<<DDA5) | (0<<DDA4) | (0<<DDA3) | (0<<DDA2) | (0<<DDA1) | (0<<DDA0);
0000e4 e0e0      	LDI  R30,LOW(0)
0000e5 bbea      	OUT  0x1A,R30
                 ; 0000 005D // State: Bit7=T Bit6=T Bit5=T Bit4=T Bit3=T Bit2=T Bit1=T Bit0=T
                 ; 0000 005E PORTA=(0<<PORTA7) | (0<<PORTA6) | (0<<PORTA5) | (0<<PORTA4) | (0<<PORTA3) | (0<<PORTA2) | (0<<PORTA1) | (0<<PORTA0);
0000e6 bbeb      	OUT  0x1B,R30
                 ; 0000 005F 
                 ; 0000 0060 // Port B initialization
                 ; 0000 0061 // Function: Bit7=In Bit6=In Bit5=In Bit4=In Bit3=In Bit2=In Bit1=In Bit0=In
                 ; 0000 0062 DDRB=(0<<DDB7) | (0<<DDB6) | (0<<DDB5) | (0<<DDB4) | (0<<DDB3) | (0<<DDB2) | (0<<DDB1) | (0<<DDB0);
0000e7 bbe7      	OUT  0x17,R30
                 ; 0000 0063 // State: Bit7=T Bit6=T Bit5=T Bit4=T Bit3=T Bit2=T Bit1=T Bit0=T
                 ; 0000 0064 PORTB=(0<<PORTB7) | (0<<PORTB6) | (0<<PORTB5) | (0<<PORTB4) | (0<<PORTB3) | (0<<PORTB2) | (0<<PORTB1) | (0<<PORTB0);
0000e8 bbe8      	OUT  0x18,R30
                 ; 0000 0065 
                 ; 0000 0066 // Port C initialization
                 ; 0000 0067 // Function: Bit7=Out Bit6=Out Bit5=Out Bit4=Out Bit3=Out Bit2=Out Bit1=Out Bit0=Out
                 ; 0000 0068 DDRC=(1<<DDC7) | (1<<DDC6) | (1<<DDC5) | (1<<DDC4) | (1<<DDC3) | (1<<DDC2) | (1<<DDC1) | (1<<DDC0);
0000e9 efef      	LDI  R30,LOW(255)
0000ea bbe4      	OUT  0x14,R30
                 ; 0000 0069 // State: Bit7=0 Bit6=0 Bit5=0 Bit4=0 Bit3=0 Bit2=0 Bit1=0 Bit0=0
                 ; 0000 006A PORTC=(0<<PORTC7) | (0<<PORTC6) | (0<<PORTC5) | (0<<PORTC4) | (0<<PORTC3) | (0<<PORTC2) | (0<<PORTC1) | (0<<PORTC0);
0000eb e0e0      	LDI  R30,LOW(0)
0000ec bbe5      	OUT  0x15,R30
                 ; 0000 006B 
                 ; 0000 006C // Port D initialization
                 ; 0000 006D // Function: Bit7=In Bit6=In Bit5=In Bit4=In Bit3=In Bit2=In Bit1=In Bit0=In
                 ; 0000 006E DDRD=(0<<DDD7) | (0<<DDD6) | (0<<DDD5) | (0<<DDD4) | (0<<DDD3) | (0<<DDD2) | (0<<DDD1) | (0<<DDD0);
0000ed bbe1      	OUT  0x11,R30
                 ; 0000 006F // State: Bit7=T Bit6=T Bit5=T Bit4=T Bit3=T Bit2=T Bit1=T Bit0=T
                 ; 0000 0070 PORTD=(0<<PORTD7) | (0<<PORTD6) | (0<<PORTD5) | (0<<PORTD4) | (0<<PORTD3) | (0<<PORTD2) | (0<<PORTD1) | (0<<PORTD0);
0000ee bbe2      	OUT  0x12,R30
                 ; 0000 0071 
                 ; 0000 0072 // Timer/Counter 0 initialization
                 ; 0000 0073 // Clock source: System Clock
                 ; 0000 0074 // Clock value: 7.813 kHz
                 ; 0000 0075 // Mode: Normal top=0xFF
                 ; 0000 0076 // OC0 output: Disconnected
                 ; 0000 0077 // Timer Period: 9.984 ms
                 ; 0000 0078 TCCR0=(0<<WGM00) | (0<<COM01) | (0<<COM00) | (0<<WGM01) | (1<<CS02) | (0<<CS01) | (1<<CS00);
0000ef e0e5      	LDI  R30,LOW(5)
0000f0 bfe3      	OUT  0x33,R30
                 ; 0000 0079 TCNT0=0xB2;
0000f1 ebe2      	LDI  R30,LOW(178)
0000f2 bfe2      	OUT  0x32,R30
                 ; 0000 007A OCR0=0x00;
0000f3 e0e0      	LDI  R30,LOW(0)
0000f4 bfec      	OUT  0x3C,R30
                 ; 0000 007B 
                 ; 0000 007C // Timer/Counter 1 initialization
                 ; 0000 007D // Clock source: System Clock
                 ; 0000 007E // Clock value: Timer1 Stopped
                 ; 0000 007F // Mode: Normal top=0xFFFF
                 ; 0000 0080 // OC1A output: Disconnected
                 ; 0000 0081 // OC1B output: Disconnected
                 ; 0000 0082 // Noise Canceler: Off
                 ; 0000 0083 // Input Capture on Falling Edge
                 ; 0000 0084 // Timer1 Overflow Interrupt: Off
                 ; 0000 0085 // Input Capture Interrupt: Off
                 ; 0000 0086 // Compare A Match Interrupt: Off
                 ; 0000 0087 // Compare B Match Interrupt: Off
                 ; 0000 0088 TCCR1A=(0<<COM1A1) | (0<<COM1A0) | (0<<COM1B1) | (0<<COM1B0) | (0<<WGM11) | (0<<WGM10);
0000f5 bdef      	OUT  0x2F,R30
                 ; 0000 0089 TCCR1B=(0<<ICNC1) | (0<<ICES1) | (0<<WGM13) | (0<<WGM12) | (0<<CS12) | (0<<CS11) | (0<<CS10);
0000f6 bdee      	OUT  0x2E,R30
                 ; 0000 008A TCNT1H=0x00;
0000f7 bded      	OUT  0x2D,R30
                 ; 0000 008B TCNT1L=0x00;
0000f8 bdec      	OUT  0x2C,R30
                 ; 0000 008C ICR1H=0x00;
0000f9 bde7      	OUT  0x27,R30
                 ; 0000 008D ICR1L=0x00;
0000fa bde6      	OUT  0x26,R30
                 ; 0000 008E OCR1AH=0x00;
0000fb bdeb      	OUT  0x2B,R30
                 ; 0000 008F OCR1AL=0x00;
0000fc bdea      	OUT  0x2A,R30
                 ; 0000 0090 OCR1BH=0x00;
0000fd bde9      	OUT  0x29,R30
                 ; 0000 0091 OCR1BL=0x00;
0000fe bde8      	OUT  0x28,R30
                 ; 0000 0092 
                 ; 0000 0093 // Timer/Counter 2 initialization
                 ; 0000 0094 // Clock source: System Clock
                 ; 0000 0095 // Clock value: Timer2 Stopped
                 ; 0000 0096 // Mode: Normal top=0xFF
                 ; 0000 0097 // OC2 output: Disconnected
                 ; 0000 0098 ASSR=0<<AS2;
0000ff bde2      	OUT  0x22,R30
                 ; 0000 0099 TCCR2=(0<<PWM2) | (0<<COM21) | (0<<COM20) | (0<<CTC2) | (0<<CS22) | (0<<CS21) | (0<<CS20);
000100 bde5      	OUT  0x25,R30
                 ; 0000 009A TCNT2=0x00;
000101 bde4      	OUT  0x24,R30
                 ; 0000 009B OCR2=0x00;
000102 bde3      	OUT  0x23,R30
                 ; 0000 009C 
                 ; 0000 009D // Timer(s)/Counter(s) Interrupt(s) initialization
                 ; 0000 009E TIMSK=(0<<OCIE2) | (0<<TOIE2) | (0<<TICIE1) | (0<<OCIE1A) | (0<<OCIE1B) | (0<<TOIE1) | (0<<OCIE0) | (1<<TOIE0);
000103 e0e1      	LDI  R30,LOW(1)
000104 bfe9      	OUT  0x39,R30
                 ; 0000 009F 
                 ; 0000 00A0 // External Interrupt(s) initialization
                 ; 0000 00A1 // INT0: On
                 ; 0000 00A2 // INT0 Mode: Falling Edge
                 ; 0000 00A3 // INT1: Off
                 ; 0000 00A4 // INT2: Off
                 ; 0000 00A5 GICR|=(0<<INT1) | (1<<INT0) | (0<<INT2);
000105 b7eb      	IN   R30,0x3B
000106 64e0      	ORI  R30,0x40
000107 bfeb      	OUT  0x3B,R30
                 ; 0000 00A6 MCUCR=(0<<ISC11) | (0<<ISC10) | (1<<ISC01) | (0<<ISC00);
000108 e0e2      	LDI  R30,LOW(2)
000109 bfe5      	OUT  0x35,R30
                 ; 0000 00A7 MCUCSR=(0<<ISC2);
00010a e0e0      	LDI  R30,LOW(0)
00010b bfe4      	OUT  0x34,R30
                 ; 0000 00A8 GIFR=(0<<INTF1) | (1<<INTF0) | (0<<INTF2);
00010c e4e0      	LDI  R30,LOW(64)
00010d bfea      	OUT  0x3A,R30
                 ; 0000 00A9 
                 ; 0000 00AA // USART initialization
                 ; 0000 00AB // USART disabled
                 ; 0000 00AC UCSRB=(0<<RXCIE) | (0<<TXCIE) | (0<<UDRIE) | (0<<RXEN) | (0<<TXEN) | (0<<UCSZ2) | (0<<RXB8) | (0<<TXB8);
00010e e0e0      	LDI  R30,LOW(0)
00010f b9ea      	OUT  0xA,R30
                 ; 0000 00AD 
                 ; 0000 00AE // Analog Comparator initialization
                 ; 0000 00AF // Analog Comparator: Off
                 ; 0000 00B0 // The Analog Comparator's positive input is
                 ; 0000 00B1 // connected to the AIN0 pin
                 ; 0000 00B2 // The Analog Comparator's negative input is
                 ; 0000 00B3 // connected to the AIN1 pin
                 ; 0000 00B4 ACSR=(1<<ACD) | (0<<ACBG) | (0<<ACO) | (0<<ACI) | (0<<ACIE) | (0<<ACIC) | (0<<ACIS1) | (0<<ACIS0);
000110 e8e0      	LDI  R30,LOW(128)
000111 b9e8      	OUT  0x8,R30
                 ; 0000 00B5 SFIOR=(0<<ACME);
000112 e0e0      	LDI  R30,LOW(0)
000113 bfe0      	OUT  0x30,R30
                 ; 0000 00B6 
                 ; 0000 00B7 // ADC initialization
                 ; 0000 00B8 // ADC disabled
                 ; 0000 00B9 ADCSRA=(0<<ADEN) | (0<<ADSC) | (0<<ADATE) | (0<<ADIF) | (0<<ADIE) | (0<<ADPS2) | (0<<ADPS1) | (0<<ADPS0);
000114 b9e6      	OUT  0x6,R30
                 ; 0000 00BA 
                 ; 0000 00BB // SPI initialization
                 ; 0000 00BC // SPI disabled
                 ; 0000 00BD SPCR=(0<<SPIE) | (0<<SPE) | (0<<DORD) | (0<<MSTR) | (0<<CPOL) | (0<<CPHA) | (0<<SPR1) | (0<<SPR0);
000115 b9ed      	OUT  0xD,R30
                 ; 0000 00BE 
                 ; 0000 00BF // TWI initialization
                 ; 0000 00C0 // TWI disabled
                 ; 0000 00C1 TWCR=(0<<TWEA) | (0<<TWSTA) | (0<<TWSTO) | (0<<TWEN) | (0<<TWIE);
000116 bfe6      	OUT  0x36,R30
                 ; 0000 00C2 
                 ; 0000 00C3 // Alphanumeric LCD initialization
                 ; 0000 00C4 // Connections are specified in the
                 ; 0000 00C5 // Project|Configure|C Compiler|Libraries|Alphanumeric LCD menu:
                 ; 0000 00C6 // RS - PORTA Bit 0
                 ; 0000 00C7 // RD - PORTA Bit 1
                 ; 0000 00C8 // EN - PORTA Bit 2
                 ; 0000 00C9 // D4 - PORTA Bit 4
                 ; 0000 00CA // D5 - PORTA Bit 5
                 ; 0000 00CB // D6 - PORTA Bit 6
                 ; 0000 00CC // D7 - PORTA Bit 7
                 ; 0000 00CD // Characters/line: 16
                 ; 0000 00CE lcd_init(16);
000117 e1a0      	LDI  R26,LOW(16)
000118 940e 0324 	CALL _lcd_init
                 ; 0000 00CF    // lcd_puts("hi");
                 ; 0000 00D0 // Global enable interrupts
                 ; 0000 00D1 #asm("sei")
00011a 9478      	sei
                 ; 0000 00D2 
                 ; 0000 00D3 while (1)
                 _0xF:
                 ; 0000 00D4       {
                 ; 0000 00D5       // Place your code here
                 ; 0000 00D6 
                 ; 0000 00D7       }
00011b cfff      	RJMP _0xF
                 ; 0000 00D8 }
                 _0x12:
00011c cfff      	RJMP _0x12
                 ; .FEND
                 	#ifndef __SLEEP_DEFINED__
                 	#endif
                 
                 	.CSEG
                 _put_buff_G100:
                 ; .FSTART _put_buff_G100
00011d 93ba      	ST   -Y,R27
00011e 93aa      	ST   -Y,R26
00011f 931a      	ST   -Y,R17
000120 930a      	ST   -Y,R16
000121 81aa      	LDD  R26,Y+2
000122 81bb      	LDD  R27,Y+2+1
000123 9612      	ADIW R26,2
000124 940e 03bd 	CALL __GETW1P
000126 9730      	SBIW R30,0
000127 f159      	BREQ _0x2000010
000128 81aa      	LDD  R26,Y+2
000129 81bb      	LDD  R27,Y+2+1
00012a 9614      	ADIW R26,4
00012b 940e 03bd 	CALL __GETW1P
00012d 018f      	MOVW R16,R30
00012e 9730      	SBIW R30,0
00012f f061      	BREQ _0x2000012
                +
000130 3002     +CPI R16 , LOW ( 2 )
000131 e0e0     +LDI R30 , HIGH ( 2 )
000132 071e     +CPC R17 , R30
                 	__CPWRN 16,17,2
000133 f098      	BRLO _0x2000013
000134 01f8      	MOVW R30,R16
000135 9731      	SBIW R30,1
000136 018f      	MOVW R16,R30
                +
000137 81aa     +LDD R26 , Y + 2
000138 81bb     +LDD R27 , Y + 2 + 1
000139 9614     +ADIW R26 , 4
00013a 93ed     +ST X + , R30
00013b 93fc     +ST X , R31
                 	__PUTW1SNS 2,4
                 _0x2000012:
00013c 81aa      	LDD  R26,Y+2
00013d 81bb      	LDD  R27,Y+2+1
00013e 9612      	ADIW R26,2
00013f 91ed      	LD   R30,X+
000140 91fd      	LD   R31,X+
000141 9631      	ADIW R30,1
000142 93fe      	ST   -X,R31
000143 93ee      	ST   -X,R30
000144 9731      	SBIW R30,1
000145 81ac      	LDD  R26,Y+4
000146 83a0      	STD  Z+0,R26
                 _0x2000013:
000147 81aa      	LDD  R26,Y+2
000148 81bb      	LDD  R27,Y+2+1
000149 940e 03bd 	CALL __GETW1P
00014b 23ff      	TST  R31
00014c f02a      	BRMI _0x2000014
00014d 91ed      	LD   R30,X+
00014e 91fd      	LD   R31,X+
00014f 9631      	ADIW R30,1
000150 93fe      	ST   -X,R31
000151 93ee      	ST   -X,R30
                 _0x2000014:
000152 c006      	RJMP _0x2000015
                 _0x2000010:
000153 81aa      	LDD  R26,Y+2
000154 81bb      	LDD  R27,Y+2+1
000155 efef      	LDI  R30,LOW(65535)
000156 efff      	LDI  R31,HIGH(65535)
000157 93ed      	ST   X+,R30
000158 93fc      	ST   X,R31
                 _0x2000015:
000159 8119      	LDD  R17,Y+1
00015a 8108      	LDD  R16,Y+0
00015b 9625      	ADIW R28,5
00015c 9508      	RET
                 ; .FEND
                 __print_G100:
                 ; .FSTART __print_G100
00015d 93ba      	ST   -Y,R27
00015e 93aa      	ST   -Y,R26
00015f 9726      	SBIW R28,6
000160 940e 03ca 	CALL __SAVELOCR6
000162 e010      	LDI  R17,0
000163 85ac      	LDD  R26,Y+12
000164 85bd      	LDD  R27,Y+12+1
000165 e0e0      	LDI  R30,LOW(0)
000166 e0f0      	LDI  R31,HIGH(0)
000167 93ed      	ST   X+,R30
000168 93fc      	ST   X,R31
                 _0x2000016:
000169 89ea      	LDD  R30,Y+18
00016a 89fb      	LDD  R31,Y+18+1
00016b 9631      	ADIW R30,1
00016c 8bea      	STD  Y+18,R30
00016d 8bfb      	STD  Y+18+1,R31
00016e 9731      	SBIW R30,1
00016f 91e4      	LPM  R30,Z
000170 2f2e      	MOV  R18,R30
000171 30e0      	CPI  R30,0
000172 f409      	BRNE PC+2
000173 c115      	RJMP _0x2000018
000174 2fe1      	MOV  R30,R17
000175 30e0      	CPI  R30,0
000176 f439      	BRNE _0x200001C
000177 3225      	CPI  R18,37
000178 f411      	BRNE _0x200001D
000179 e011      	LDI  R17,LOW(1)
00017a c002      	RJMP _0x200001E
                 _0x200001D:
00017b 940e 0371 	CALL SUBOPT_0x1
                 _0x200001E:
00017d c10a      	RJMP _0x200001B
                 _0x200001C:
00017e 30e1      	CPI  R30,LOW(0x1)
00017f f4a9      	BRNE _0x200001F
000180 3225      	CPI  R18,37
000181 f419      	BRNE _0x2000020
000182 940e 0371 	CALL SUBOPT_0x1
000184 c102      	RJMP _0x20000CC
                 _0x2000020:
000185 e012      	LDI  R17,LOW(2)
000186 e040      	LDI  R20,LOW(0)
000187 e000      	LDI  R16,LOW(0)
000188 322d      	CPI  R18,45
000189 f411      	BRNE _0x2000021
00018a e001      	LDI  R16,LOW(1)
00018b c0fc      	RJMP _0x200001B
                 _0x2000021:
00018c 322b      	CPI  R18,43
00018d f411      	BRNE _0x2000022
00018e e24b      	LDI  R20,LOW(43)
00018f c0f8      	RJMP _0x200001B
                 _0x2000022:
000190 3220      	CPI  R18,32
000191 f411      	BRNE _0x2000023
000192 e240      	LDI  R20,LOW(32)
000193 c0f4      	RJMP _0x200001B
                 _0x2000023:
000194 c002      	RJMP _0x2000024
                 _0x200001F:
000195 30e2      	CPI  R30,LOW(0x2)
000196 f439      	BRNE _0x2000025
                 _0x2000024:
000197 e050      	LDI  R21,LOW(0)
000198 e013      	LDI  R17,LOW(3)
000199 3320      	CPI  R18,48
00019a f411      	BRNE _0x2000026
00019b 6800      	ORI  R16,LOW(128)
00019c c0eb      	RJMP _0x200001B
                 _0x2000026:
00019d c003      	RJMP _0x2000027
                 _0x2000025:
00019e 30e3      	CPI  R30,LOW(0x3)
00019f f009      	BREQ PC+2
0001a0 c0e7      	RJMP _0x200001B
                 _0x2000027:
0001a1 3320      	CPI  R18,48
0001a2 f010      	BRLO _0x200002A
0001a3 332a      	CPI  R18,58
0001a4 f008      	BRLO _0x200002B
                 _0x200002A:
0001a5 c007      	RJMP _0x2000029
                 _0x200002B:
0001a6 e0aa      	LDI  R26,LOW(10)
0001a7 9f5a      	MUL  R21,R26
0001a8 2d50      	MOV  R21,R0
0001a9 2fe2      	MOV  R30,R18
0001aa 53e0      	SUBI R30,LOW(48)
0001ab 0f5e      	ADD  R21,R30
0001ac c0db      	RJMP _0x200001B
                 _0x2000029:
0001ad 2fe2      	MOV  R30,R18
0001ae 36e3      	CPI  R30,LOW(0x63)
0001af f449      	BRNE _0x200002F
0001b0 940e 0378 	CALL SUBOPT_0x2
0001b2 89e8      	LDD  R30,Y+16
0001b3 89f9      	LDD  R31,Y+16+1
0001b4 81a4      	LDD  R26,Z+4
0001b5 93aa      	ST   -Y,R26
0001b6 940e 037e 	CALL SUBOPT_0x3
0001b8 c0ce      	RJMP _0x2000030
                 _0x200002F:
0001b9 37e3      	CPI  R30,LOW(0x73)
0001ba f441      	BRNE _0x2000032
0001bb 940e 0378 	CALL SUBOPT_0x2
0001bd 940e 0384 	CALL SUBOPT_0x4
0001bf 940e 0352 	CALL _strlen
0001c1 2f1e      	MOV  R17,R30
0001c2 c00a      	RJMP _0x2000033
                 _0x2000032:
0001c3 37e0      	CPI  R30,LOW(0x70)
0001c4 f461      	BRNE _0x2000035
0001c5 940e 0378 	CALL SUBOPT_0x2
0001c7 940e 0384 	CALL SUBOPT_0x4
0001c9 940e 035e 	CALL _strlenf
0001cb 2f1e      	MOV  R17,R30
0001cc 6008      	ORI  R16,LOW(8)
                 _0x2000033:
0001cd 6002      	ORI  R16,LOW(2)
0001ce 770f      	ANDI R16,LOW(127)
0001cf e030      	LDI  R19,LOW(0)
0001d0 c034      	RJMP _0x2000036
                 _0x2000035:
0001d1 36e4      	CPI  R30,LOW(0x64)
0001d2 f011      	BREQ _0x2000039
0001d3 36e9      	CPI  R30,LOW(0x69)
0001d4 f411      	BRNE _0x200003A
                 _0x2000039:
0001d5 6004      	ORI  R16,LOW(4)
0001d6 c002      	RJMP _0x200003B
                 _0x200003A:
0001d7 37e5      	CPI  R30,LOW(0x75)
0001d8 f431      	BRNE _0x200003C
                 _0x200003B:
0001d9 e5e4      	LDI  R30,LOW(_tbl10_G100*2)
0001da e0f0      	LDI  R31,HIGH(_tbl10_G100*2)
0001db 83ee      	STD  Y+6,R30
0001dc 83ff      	STD  Y+6+1,R31
0001dd e015      	LDI  R17,LOW(5)
0001de c00c      	RJMP _0x200003D
                 _0x200003C:
0001df 35e8      	CPI  R30,LOW(0x58)
0001e0 f411      	BRNE _0x200003F
0001e1 6008      	ORI  R16,LOW(8)
0001e2 c003      	RJMP _0x2000040
                 _0x200003F:
0001e3 37e8      	CPI  R30,LOW(0x78)
0001e4 f009      	BREQ PC+2
0001e5 c0a1      	RJMP _0x2000071
                 _0x2000040:
0001e6 e5ee      	LDI  R30,LOW(_tbl16_G100*2)
0001e7 e0f0      	LDI  R31,HIGH(_tbl16_G100*2)
0001e8 83ee      	STD  Y+6,R30
0001e9 83ff      	STD  Y+6+1,R31
0001ea e014      	LDI  R17,LOW(4)
                 _0x200003D:
0001eb ff02      	SBRS R16,2
0001ec c014      	RJMP _0x2000042
0001ed 940e 0378 	CALL SUBOPT_0x2
0001ef 940e 038e 	CALL SUBOPT_0x5
0001f1 85ab      	LDD  R26,Y+11
0001f2 23aa      	TST  R26
0001f3 f43a      	BRPL _0x2000043
0001f4 85ea      	LDD  R30,Y+10
0001f5 85fb      	LDD  R31,Y+10+1
0001f6 940e 03b9 	CALL __ANEGW1
0001f8 87ea      	STD  Y+10,R30
0001f9 87fb      	STD  Y+10+1,R31
0001fa e24d      	LDI  R20,LOW(45)
                 _0x2000043:
0001fb 3040      	CPI  R20,0
0001fc f011      	BREQ _0x2000044
0001fd 5f1f      	SUBI R17,-LOW(1)
0001fe c001      	RJMP _0x2000045
                 _0x2000044:
0001ff 7f0b      	ANDI R16,LOW(251)
                 _0x2000045:
000200 c004      	RJMP _0x2000046
                 _0x2000042:
000201 940e 0378 	CALL SUBOPT_0x2
000203 940e 038e 	CALL SUBOPT_0x5
                 _0x2000046:
                 _0x2000036:
000205 fd00      	SBRC R16,0
000206 c011      	RJMP _0x2000047
                 _0x2000048:
000207 1715      	CP   R17,R21
000208 f478      	BRSH _0x200004A
000209 ff07      	SBRS R16,7
00020a c008      	RJMP _0x200004B
00020b ff02      	SBRS R16,2
00020c c004      	RJMP _0x200004C
00020d 7f0b      	ANDI R16,LOW(251)
00020e 2f24      	MOV  R18,R20
00020f 5011      	SUBI R17,LOW(1)
000210 c001      	RJMP _0x200004D
                 _0x200004C:
000211 e320      	LDI  R18,LOW(48)
                 _0x200004D:
000212 c001      	RJMP _0x200004E
                 _0x200004B:
000213 e220      	LDI  R18,LOW(32)
                 _0x200004E:
000214 940e 0371 	CALL SUBOPT_0x1
000216 5051      	SUBI R21,LOW(1)
000217 cfef      	RJMP _0x2000048
                 _0x200004A:
                 _0x2000047:
000218 2f31      	MOV  R19,R17
000219 ff01      	SBRS R16,1
00021a c017      	RJMP _0x200004F
                 _0x2000050:
00021b 3030      	CPI  R19,0
00021c f0a1      	BREQ _0x2000052
00021d ff03      	SBRS R16,3
00021e c006      	RJMP _0x2000053
00021f 81ee      	LDD  R30,Y+6
000220 81ff      	LDD  R31,Y+6+1
000221 9125      	LPM  R18,Z+
000222 83ee      	STD  Y+6,R30
000223 83ff      	STD  Y+6+1,R31
000224 c005      	RJMP _0x2000054
                 _0x2000053:
000225 81ae      	LDD  R26,Y+6
000226 81bf      	LDD  R27,Y+6+1
000227 912d      	LD   R18,X+
000228 83ae      	STD  Y+6,R26
000229 83bf      	STD  Y+6+1,R27
                 _0x2000054:
00022a 940e 0371 	CALL SUBOPT_0x1
00022c 3050      	CPI  R21,0
00022d f009      	BREQ _0x2000055
00022e 5051      	SUBI R21,LOW(1)
                 _0x2000055:
00022f 5031      	SUBI R19,LOW(1)
000230 cfea      	RJMP _0x2000050
                 _0x2000052:
000231 c04b      	RJMP _0x2000056
                 _0x200004F:
                 _0x2000058:
000232 e320      	LDI  R18,LOW(48)
000233 81ee      	LDD  R30,Y+6
000234 81ff      	LDD  R31,Y+6+1
000235 940e 03c1 	CALL __GETW1PF
000237 87e8      	STD  Y+8,R30
000238 87f9      	STD  Y+8+1,R31
000239 81ee      	LDD  R30,Y+6
00023a 81ff      	LDD  R31,Y+6+1
00023b 9632      	ADIW R30,2
00023c 83ee      	STD  Y+6,R30
00023d 83ff      	STD  Y+6+1,R31
                 _0x200005A:
00023e 85e8      	LDD  R30,Y+8
00023f 85f9      	LDD  R31,Y+8+1
000240 85aa      	LDD  R26,Y+10
000241 85bb      	LDD  R27,Y+10+1
000242 17ae      	CP   R26,R30
000243 07bf      	CPC  R27,R31
000244 f050      	BRLO _0x200005C
000245 5f2f      	SUBI R18,-LOW(1)
000246 85a8      	LDD  R26,Y+8
000247 85b9      	LDD  R27,Y+8+1
000248 85ea      	LDD  R30,Y+10
000249 85fb      	LDD  R31,Y+10+1
00024a 1bea      	SUB  R30,R26
00024b 0bfb      	SBC  R31,R27
00024c 87ea      	STD  Y+10,R30
00024d 87fb      	STD  Y+10+1,R31
00024e cfef      	RJMP _0x200005A
                 _0x200005C:
00024f 332a      	CPI  R18,58
000250 f028      	BRLO _0x200005D
000251 ff03      	SBRS R16,3
000252 c002      	RJMP _0x200005E
000253 5f29      	SUBI R18,-LOW(7)
000254 c001      	RJMP _0x200005F
                 _0x200005E:
000255 5d29      	SUBI R18,-LOW(39)
                 _0x200005F:
                 _0x200005D:
000256 fd04      	SBRC R16,4
000257 c01a      	RJMP _0x2000061
000258 3321      	CPI  R18,49
000259 f420      	BRSH _0x2000063
00025a 85a8      	LDD  R26,Y+8
00025b 85b9      	LDD  R27,Y+8+1
00025c 9711      	SBIW R26,1
00025d f409      	BRNE _0x2000062
                 _0x2000063:
00025e c009      	RJMP _0x20000CD
                 _0x2000062:
00025f 1753      	CP   R21,R19
000260 f010      	BRLO _0x2000067
000261 ff00      	SBRS R16,0
000262 c001      	RJMP _0x2000068
                 _0x2000067:
000263 c013      	RJMP _0x2000066
                 _0x2000068:
000264 e220      	LDI  R18,LOW(32)
000265 ff07      	SBRS R16,7
000266 c00b      	RJMP _0x2000069
000267 e320      	LDI  R18,LOW(48)
                 _0x20000CD:
000268 6100      	ORI  R16,LOW(16)
000269 ff02      	SBRS R16,2
00026a c007      	RJMP _0x200006A
00026b 7f0b      	ANDI R16,LOW(251)
00026c 934a      	ST   -Y,R20
00026d 940e 037e 	CALL SUBOPT_0x3
00026f 3050      	CPI  R21,0
000270 f009      	BREQ _0x200006B
000271 5051      	SUBI R21,LOW(1)
                 _0x200006B:
                 _0x200006A:
                 _0x2000069:
                 _0x2000061:
000272 940e 0371 	CALL SUBOPT_0x1
000274 3050      	CPI  R21,0
000275 f009      	BREQ _0x200006C
000276 5051      	SUBI R21,LOW(1)
                 _0x200006C:
                 _0x2000066:
000277 5031      	SUBI R19,LOW(1)
000278 85a8      	LDD  R26,Y+8
000279 85b9      	LDD  R27,Y+8+1
00027a 9712      	SBIW R26,2
00027b f008      	BRLO _0x2000059
00027c cfb5      	RJMP _0x2000058
                 _0x2000059:
                 _0x2000056:
00027d ff00      	SBRS R16,0
00027e c008      	RJMP _0x200006D
                 _0x200006E:
00027f 3050      	CPI  R21,0
000280 f031      	BREQ _0x2000070
000281 5051      	SUBI R21,LOW(1)
000282 e2e0      	LDI  R30,LOW(32)
000283 93ea      	ST   -Y,R30
000284 940e 037e 	CALL SUBOPT_0x3
000286 cff8      	RJMP _0x200006E
                 _0x2000070:
                 _0x200006D:
                 _0x2000071:
                 _0x2000030:
                 _0x20000CC:
000287 e010      	LDI  R17,LOW(0)
                 _0x200001B:
000288 cee0      	RJMP _0x2000016
                 _0x2000018:
000289 85ac      	LDD  R26,Y+12
00028a 85bd      	LDD  R27,Y+12+1
00028b 940e 03bd 	CALL __GETW1P
00028d 940e 03d1 	CALL __LOADLOCR6
00028f 9664      	ADIW R28,20
000290 9508      	RET
                 ; .FEND
                 _sprintf:
                 ; .FSTART _sprintf
000291 92ff      	PUSH R15
000292 2ef8      	MOV  R15,R24
000293 9726      	SBIW R28,6
000294 940e 03cc 	CALL __SAVELOCR4
000296 940e 0396 	CALL SUBOPT_0x6
000298 9730      	SBIW R30,0
000299 f419      	BRNE _0x2000072
00029a efef      	LDI  R30,LOW(65535)
00029b efff      	LDI  R31,HIGH(65535)
00029c c023      	RJMP _0x2080002
                 _0x2000072:
00029d 01de      	MOVW R26,R28
00029e 9616      	ADIW R26,6
00029f 940e 03b5 	CALL __ADDW2R15
0002a1 018d      	MOVW R16,R26
0002a2 940e 0396 	CALL SUBOPT_0x6
0002a4 83ee      	STD  Y+6,R30
0002a5 83ff      	STD  Y+6+1,R31
0002a6 e0e0      	LDI  R30,LOW(0)
0002a7 87e8      	STD  Y+8,R30
0002a8 87e9      	STD  Y+8+1,R30
0002a9 01de      	MOVW R26,R28
0002aa 961a      	ADIW R26,10
0002ab 940e 03b5 	CALL __ADDW2R15
0002ad 940e 03bd 	CALL __GETW1P
0002af 93fa      	ST   -Y,R31
0002b0 93ea      	ST   -Y,R30
0002b1 931a      	ST   -Y,R17
0002b2 930a      	ST   -Y,R16
0002b3 e1ed      	LDI  R30,LOW(_put_buff_G100)
0002b4 e0f1      	LDI  R31,HIGH(_put_buff_G100)
0002b5 93fa      	ST   -Y,R31
0002b6 93ea      	ST   -Y,R30
0002b7 01de      	MOVW R26,R28
0002b8 961a      	ADIW R26,10
0002b9 dea3      	RCALL __print_G100
0002ba 019f      	MOVW R18,R30
0002bb 81ae      	LDD  R26,Y+6
0002bc 81bf      	LDD  R27,Y+6+1
0002bd e0e0      	LDI  R30,LOW(0)
0002be 93ec      	ST   X,R30
0002bf 01f9      	MOVW R30,R18
                 _0x2080002:
0002c0 940e 03d3 	CALL __LOADLOCR4
0002c2 962a      	ADIW R28,10
0002c3 90ff      	POP  R15
0002c4 9508      	RET
                 ; .FEND
                 	#ifndef __SLEEP_DEFINED__
                 	#endif
                 
                 	.DSEG
                 
                 	.CSEG
                 __lcd_write_nibble_G101:
                 ; .FSTART __lcd_write_nibble_G101
0002c5 93aa      	ST   -Y,R26
0002c6 b3e5      	IN   R30,0x15
0002c7 70ef      	ANDI R30,LOW(0xF)
0002c8 2fae      	MOV  R26,R30
0002c9 81e8      	LD   R30,Y
0002ca 7fe0      	ANDI R30,LOW(0xF0)
0002cb 2bea      	OR   R30,R26
0002cc bbe5      	OUT  0x15,R30
                +
0002cd e08d     +LDI R24 , LOW ( 13 )
                +__DELAY_USB_LOOP :
0002ce 958a     +DEC R24
0002cf f7f1     +BRNE __DELAY_USB_LOOP
                 	__DELAY_USB 13
0002d0 9aaa      	SBI  0x15,2
                +
0002d1 e08d     +LDI R24 , LOW ( 13 )
                +__DELAY_USB_LOOP :
0002d2 958a     +DEC R24
0002d3 f7f1     +BRNE __DELAY_USB_LOOP
                 	__DELAY_USB 13
0002d4 98aa      	CBI  0x15,2
                +
0002d5 e08d     +LDI R24 , LOW ( 13 )
                +__DELAY_USB_LOOP :
0002d6 958a     +DEC R24
0002d7 f7f1     +BRNE __DELAY_USB_LOOP
                 	__DELAY_USB 13
0002d8 c077      	RJMP _0x2080001
                 ; .FEND
                 __lcd_write_data:
                 ; .FSTART __lcd_write_data
0002d9 93aa      	ST   -Y,R26
0002da 81a8      	LD   R26,Y
0002db dfe9      	RCALL __lcd_write_nibble_G101
0002dc 81e8          ld    r30,y
0002dd 95e2          swap  r30
0002de 83e8          st    y,r30
0002df 81a8      	LD   R26,Y
0002e0 dfe4      	RCALL __lcd_write_nibble_G101
                +
0002e1 e885     +LDI R24 , LOW ( 133 )
                +__DELAY_USB_LOOP :
0002e2 958a     +DEC R24
0002e3 f7f1     +BRNE __DELAY_USB_LOOP
                 	__DELAY_USB 133
0002e4 c06b      	RJMP _0x2080001
                 ; .FEND
                 _lcd_gotoxy:
                 ; .FSTART _lcd_gotoxy
0002e5 93aa      	ST   -Y,R26
0002e6 81e8      	LD   R30,Y
0002e7 e0f0      	LDI  R31,0
0002e8 58ec      	SUBI R30,LOW(-__base_y_G101)
0002e9 4ffe      	SBCI R31,HIGH(-__base_y_G101)
0002ea 81e0      	LD   R30,Z
0002eb 81a9      	LDD  R26,Y+1
0002ec 0fae      	ADD  R26,R30
0002ed dfeb      	RCALL __lcd_write_data
0002ee 80b9      	LDD  R11,Y+1
0002ef 80a8      	LDD  R10,Y+0
0002f0 9622      	ADIW R28,2
0002f1 9508      	RET
                 ; .FEND
                 _lcd_clear:
                 ; .FSTART _lcd_clear
0002f2 e0a2      	LDI  R26,LOW(2)
0002f3 940e 039d 	CALL SUBOPT_0x7
0002f5 e0ac      	LDI  R26,LOW(12)
0002f6 dfe2      	RCALL __lcd_write_data
0002f7 e0a1      	LDI  R26,LOW(1)
0002f8 940e 039d 	CALL SUBOPT_0x7
0002fa e0e0      	LDI  R30,LOW(0)
0002fb 2eae      	MOV  R10,R30
0002fc 2ebe      	MOV  R11,R30
0002fd 9508      	RET
                 ; .FEND
                 _lcd_putchar:
                 ; .FSTART _lcd_putchar
0002fe 93aa      	ST   -Y,R26
0002ff 81a8      	LD   R26,Y
000300 30aa      	CPI  R26,LOW(0xA)
000301 f011      	BREQ _0x2020005
000302 14bd      	CP   R11,R13
000303 f048      	BRLO _0x2020004
                 _0x2020005:
000304 e0e0      	LDI  R30,LOW(0)
000305 93ea      	ST   -Y,R30
000306 94a3      	INC  R10
000307 2daa      	MOV  R26,R10
000308 dfdc      	RCALL _lcd_gotoxy
000309 81a8      	LD   R26,Y
00030a 30aa      	CPI  R26,LOW(0xA)
00030b f409      	BRNE _0x2020007
00030c c043      	RJMP _0x2080001
                 _0x2020007:
                 _0x2020004:
00030d 94b3      	INC  R11
00030e 9aa8      	SBI  0x15,0
00030f 81a8      	LD   R26,Y
000310 dfc8      	RCALL __lcd_write_data
000311 98a8      	CBI  0x15,0
000312 c03d      	RJMP _0x2080001
                 ; .FEND
                 _lcd_puts:
                 ; .FSTART _lcd_puts
000313 93ba      	ST   -Y,R27
000314 93aa      	ST   -Y,R26
000315 931a      	ST   -Y,R17
                 _0x2020008:
000316 81a9      	LDD  R26,Y+1
000317 81ba      	LDD  R27,Y+1+1
000318 91ed      	LD   R30,X+
000319 83a9      	STD  Y+1,R26
00031a 83ba      	STD  Y+1+1,R27
00031b 2f1e      	MOV  R17,R30
00031c 30e0      	CPI  R30,0
00031d f019      	BREQ _0x202000A
00031e 2fa1      	MOV  R26,R17
00031f dfde      	RCALL _lcd_putchar
000320 cff5      	RJMP _0x2020008
                 _0x202000A:
000321 8118      	LDD  R17,Y+0
000322 9623      	ADIW R28,3
000323 9508      	RET
                 ; .FEND
                 _lcd_init:
                 ; .FSTART _lcd_init
000324 93aa      	ST   -Y,R26
000325 b3e4      	IN   R30,0x14
000326 6fe0      	ORI  R30,LOW(0xF0)
000327 bbe4      	OUT  0x14,R30
000328 9aa2      	SBI  0x14,2
000329 9aa0      	SBI  0x14,0
00032a 9aa1      	SBI  0x14,1
00032b 98aa      	CBI  0x15,2
00032c 98a8      	CBI  0x15,0
00032d 98a9      	CBI  0x15,1
00032e 80d8      	LDD  R13,Y+0
00032f 81e8      	LD   R30,Y
000330 58e0      	SUBI R30,-LOW(128)
                +
000331 93e0 0176+STS __base_y_G101 + ( 2 ) , R30
                 	__PUTB1MN __base_y_G101,2
000333 81e8      	LD   R30,Y
000334 54e0      	SUBI R30,-LOW(192)
                +
000335 93e0 0177+STS __base_y_G101 + ( 3 ) , R30
                 	__PUTB1MN __base_y_G101,3
000337 e1a4      	LDI  R26,LOW(20)
000338 e0b0      	LDI  R27,0
000339 940e 03ab 	CALL _delay_ms
00033b 940e 03a3 	CALL SUBOPT_0x8
00033d 940e 03a3 	CALL SUBOPT_0x8
00033f 940e 03a3 	CALL SUBOPT_0x8
000341 e2a0      	LDI  R26,LOW(32)
000342 df82      	RCALL __lcd_write_nibble_G101
                +
000343 ec88     +LDI R24 , LOW ( 200 )
000344 e090     +LDI R25 , HIGH ( 200 )
                +__DELAY_USW_LOOP :
000345 9701     +SBIW R24 , 1
000346 f7f1     +BRNE __DELAY_USW_LOOP
                 	__DELAY_USW 200
000347 e2a8      	LDI  R26,LOW(40)
000348 df90      	RCALL __lcd_write_data
000349 e0a4      	LDI  R26,LOW(4)
00034a df8e      	RCALL __lcd_write_data
00034b e8a5      	LDI  R26,LOW(133)
00034c df8c      	RCALL __lcd_write_data
00034d e0a6      	LDI  R26,LOW(6)
00034e df8a      	RCALL __lcd_write_data
00034f dfa2      	RCALL _lcd_clear
                 _0x2080001:
000350 9621      	ADIW R28,1
000351 9508      	RET
                 ; .FEND
                 
                 	.CSEG
                 
                 	.CSEG
                 _strlen:
                 ; .FSTART _strlen
000352 93ba      	ST   -Y,R27
000353 93aa      	ST   -Y,R26
000354 91a9          ld   r26,y+
000355 91b9          ld   r27,y+
000356 27ee          clr  r30
000357 27ff          clr  r31
                 strlen0:
000358 916d          ld   r22,x+
000359 2366          tst  r22
00035a f011          breq strlen1
00035b 9631          adiw r30,1
00035c cffb          rjmp strlen0
                 strlen1:
00035d 9508          ret
                 ; .FEND
                 _strlenf:
                 ; .FSTART _strlenf
00035e 93ba      	ST   -Y,R27
00035f 93aa      	ST   -Y,R26
000360 27aa          clr  r26
000361 27bb          clr  r27
000362 91e9          ld   r30,y+
000363 91f9          ld   r31,y+
                 strlenf0:
000364 9005      	lpm  r0,z+
000365 2000          tst  r0
000366 f011          breq strlenf1
000367 9611          adiw r26,1
000368 cffb          rjmp strlenf0
                 strlenf1:
000369 01fd          movw r30,r26
00036a 9508          ret
                 ; .FEND
                 
                 	.DSEG
                 _str:
000160           	.BYTE 0x14
                 __base_y_G101:
000174           	.BYTE 0x4
                 
                 	.CSEG
                 ;OPTIMIZER ADDED SUBROUTINE, CALLED 4 TIMES, CODE SIZE REDUCTION:6 WORDS
                 SUBOPT_0x0:
00036b 27ff      	CLR  R31
00036c 2766      	CLR  R22
00036d 2777      	CLR  R23
00036e 940e 03c5 	CALL __PUTPARD1
000370 9508      	RET
                 
                 ;OPTIMIZER ADDED SUBROUTINE, CALLED 5 TIMES, CODE SIZE REDUCTION:13 WORDS
                 SUBOPT_0x1:
000371 932a      	ST   -Y,R18
000372 85ad      	LDD  R26,Y+13
000373 85be      	LDD  R27,Y+13+1
000374 85ef      	LDD  R30,Y+15
000375 89f8      	LDD  R31,Y+15+1
000376 9509      	ICALL
000377 9508      	RET
                 
                 ;OPTIMIZER ADDED SUBROUTINE, CALLED 5 TIMES, CODE SIZE REDUCTION:9 WORDS
                 SUBOPT_0x2:
000378 89e8      	LDD  R30,Y+16
000379 89f9      	LDD  R31,Y+16+1
00037a 9734      	SBIW R30,4
00037b 8be8      	STD  Y+16,R30
00037c 8bf9      	STD  Y+16+1,R31
00037d 9508      	RET
                 
                 ;OPTIMIZER ADDED SUBROUTINE, CALLED 3 TIMES, CODE SIZE REDUCTION:3 WORDS
                 SUBOPT_0x3:
00037e 85ad      	LDD  R26,Y+13
00037f 85be      	LDD  R27,Y+13+1
000380 85ef      	LDD  R30,Y+15
000381 89f8      	LDD  R31,Y+15+1
000382 9509      	ICALL
000383 9508      	RET
                 
                 ;OPTIMIZER ADDED SUBROUTINE, CALLED 2 TIMES, CODE SIZE REDUCTION:4 WORDS
                 SUBOPT_0x4:
000384 89a8      	LDD  R26,Y+16
000385 89b9      	LDD  R27,Y+16+1
000386 9614      	ADIW R26,4
000387 940e 03bd 	CALL __GETW1P
000389 83ee      	STD  Y+6,R30
00038a 83ff      	STD  Y+6+1,R31
00038b 81ae      	LDD  R26,Y+6
00038c 81bf      	LDD  R27,Y+6+1
00038d 9508      	RET
                 
                 ;OPTIMIZER ADDED SUBROUTINE, CALLED 2 TIMES, CODE SIZE REDUCTION:2 WORDS
                 SUBOPT_0x5:
00038e 89a8      	LDD  R26,Y+16
00038f 89b9      	LDD  R27,Y+16+1
000390 9614      	ADIW R26,4
000391 940e 03bd 	CALL __GETW1P
000393 87ea      	STD  Y+10,R30
000394 87fb      	STD  Y+10+1,R31
000395 9508      	RET
                 
                 ;OPTIMIZER ADDED SUBROUTINE, CALLED 2 TIMES, CODE SIZE REDUCTION:1 WORDS
                 SUBOPT_0x6:
000396 01de      	MOVW R26,R28
000397 961c      	ADIW R26,12
000398 940e 03b5 	CALL __ADDW2R15
00039a 940e 03bd 	CALL __GETW1P
00039c 9508      	RET
                 
                 ;OPTIMIZER ADDED SUBROUTINE, CALLED 2 TIMES, CODE SIZE REDUCTION:1 WORDS
                 SUBOPT_0x7:
00039d 940e 02d9 	CALL __lcd_write_data
00039f e0a3      	LDI  R26,LOW(3)
0003a0 e0b0      	LDI  R27,0
0003a1 940c 03ab 	JMP  _delay_ms
                 
                 ;OPTIMIZER ADDED SUBROUTINE, CALLED 3 TIMES, CODE SIZE REDUCTION:7 WORDS
                 SUBOPT_0x8:
0003a3 e3a0      	LDI  R26,LOW(48)
0003a4 940e 02c5 	CALL __lcd_write_nibble_G101
                +
0003a6 ec88     +LDI R24 , LOW ( 200 )
0003a7 e090     +LDI R25 , HIGH ( 200 )
                +__DELAY_USW_LOOP :
0003a8 9701     +SBIW R24 , 1
0003a9 f7f1     +BRNE __DELAY_USW_LOOP
                 	__DELAY_USW 200
0003aa 9508      	RET
                 
                 
                 	.CSEG
                 _delay_ms:
0003ab 9610      	adiw r26,0
0003ac f039      	breq __delay_ms1
                 __delay_ms0:
                +
0003ad ed80     +LDI R24 , LOW ( 0x7D0 )
0003ae e097     +LDI R25 , HIGH ( 0x7D0 )
                +__DELAY_USW_LOOP :
0003af 9701     +SBIW R24 , 1
0003b0 f7f1     +BRNE __DELAY_USW_LOOP
                 	__DELAY_USW 0x7D0
0003b1 95a8      	wdr
0003b2 9711      	sbiw r26,1
0003b3 f7c9      	brne __delay_ms0
                 __delay_ms1:
0003b4 9508      	ret
                 
                 __ADDW2R15:
0003b5 2400      	CLR  R0
0003b6 0daf      	ADD  R26,R15
0003b7 1db0      	ADC  R27,R0
0003b8 9508      	RET
                 
                 __ANEGW1:
0003b9 95f1      	NEG  R31
0003ba 95e1      	NEG  R30
0003bb 40f0      	SBCI R31,0
0003bc 9508      	RET
                 
                 __GETW1P:
0003bd 91ed      	LD   R30,X+
0003be 91fc      	LD   R31,X
0003bf 9711      	SBIW R26,1
0003c0 9508      	RET
                 
                 __GETW1PF:
0003c1 9005      	LPM  R0,Z+
0003c2 91f4      	LPM  R31,Z
0003c3 2de0      	MOV  R30,R0
0003c4 9508      	RET
                 
                 __PUTPARD1:
0003c5 937a      	ST   -Y,R23
0003c6 936a      	ST   -Y,R22
0003c7 93fa      	ST   -Y,R31
0003c8 93ea      	ST   -Y,R30
0003c9 9508      	RET
                 
                 __SAVELOCR6:
0003ca 935a      	ST   -Y,R21
                 __SAVELOCR5:
0003cb 934a      	ST   -Y,R20
                 __SAVELOCR4:
0003cc 933a      	ST   -Y,R19
                 __SAVELOCR3:
0003cd 932a      	ST   -Y,R18
                 __SAVELOCR2:
0003ce 931a      	ST   -Y,R17
0003cf 930a      	ST   -Y,R16
0003d0 9508      	RET
                 
                 __LOADLOCR6:
0003d1 815d      	LDD  R21,Y+5
                 __LOADLOCR5:
0003d2 814c      	LDD  R20,Y+4
                 __LOADLOCR4:
0003d3 813b      	LDD  R19,Y+3
                 __LOADLOCR3:
0003d4 812a      	LDD  R18,Y+2
                 __LOADLOCR2:
0003d5 8119      	LDD  R17,Y+1
0003d6 8108      	LD   R16,Y
0003d7 9508      	RET
                 
                 ;END OF CODE MARKER
                 __END_OF_CODE:


RESOURCE USE INFORMATION
------------------------

Notice:
The register and instruction counts are symbol table hit counts,
and hence implicitly used resources are not counted, eg, the
'lpm' instruction without operands implicitly uses r0 and z,
none of which are counted.

x,y,z are separate entities in the symbol table and are
counted separately from r26..r31 here.

.dseg memory usage only counts static data declared with .byte

ATmega16 register use summary:
r0 :  13 r1 :   3 r2 :   0 r3 :   0 r4 :   5 r5 :   5 r6 :   5 r7 :   5 
r8 :   4 r9 :   3 r10:   4 r11:   4 r12:   0 r13:   2 r14:   0 r15:   6 
r16:  34 r17:  24 r18:  29 r19:   8 r20:   9 r21:  17 r22:   8 r23:   4 
r24:  25 r25:   7 r26: 100 r27:  40 r28:  14 r29:   1 r30: 224 r31:  60 
x  :  23 y  : 190 z  :  15 
Registers used: 31 out of 35 (88.6%)

ATmega16 instruction use summary:
.lds  :   0 .lds.l:   0 .sts  :   0 .sts.l:   0 adc   :   1 add   :   3 
adiw  :  24 and   :   0 andi  :   6 asr   :   0 bclr  :   0 bld   :   0 
brbc  :   0 brbs  :   0 brcc  :   0 brcs  :   0 break :   0 breq  :  19 
brge  :   0 brhc  :   0 brhs  :   0 brid  :   0 brie  :   0 brlo  :   8 
brlt  :   0 brmi  :   1 brne  :  35 brpl  :   1 brsh  :   2 brtc  :   0 
brts  :   0 brvc  :   0 brvs  :   0 bset  :   0 bst   :   0 call  :  56 
cbi   :   5 cbr   :   0 clc   :   0 clh   :   0 cli   :   1 cln   :   0 
clr   :  20 cls   :   0 clt   :   0 clv   :   0 clz   :   0 com   :   0 
cp    :  10 cpc   :   2 cpi   :  33 cpse  :   0 dec   :   5 des   :   0 
eor   :   0 fmul  :   0 fmuls :   0 fmulsu:   0 icall :   2 ijmp  :   0 
in    :   4 inc   :   6 jmp   :  23 ld    :  37 ldd   :  77 ldi   : 108 
lds   :   0 lpm   :  14 lsl   :   0 lsr   :   0 mov   :  23 movw  :  14 
mul   :   1 muls  :   0 mulsu :   0 neg   :   2 nop   :   0 or    :   1 
ori   :   8 out   :  46 pop   :   1 push  :   1 rcall :  14 ret   :  25 
reti  :   2 rjmp  :  64 rol   :   0 ror   :   0 sbc   :   1 sbci  :   2 
sbi   :   5 sbic  :   3 sbis  :   0 sbiw  :  19 sbr   :   0 sbrc  :   2 
sbrs  :  10 sec   :   0 seh   :   0 sei   :   1 sen   :   0 ser   :   0 
ses   :   0 set   :   0 sev   :   0 sez   :   0 sleep :   0 spm   :   0 
st    :  71 std   :  31 sts   :   2 sub   :   1 subi  :  16 swap  :   1 
tst   :   5 wdr   :   1 
Instructions used: 55 out of 116 (47.4%)

ATmega16 memory use summary [bytes]:
Segment   Begin    End      Code   Data   Used    Size   Use%
---------------------------------------------------------------
[.cseg] 0x000000 0x0007b0   1910     58   1968   16384  12.0%
[.dseg] 0x000060 0x000178      0     24     24    1024   2.3%
[.eseg] 0x000000 0x000000      0      0      0     512   0.0%

Assembly complete, 0 errors, 9 warnings
