
AVRASM ver. 2.1.30  D:\daneshga\terme 7\aze micro\HW3\codevision\question2\Debug\List\2.asm Mon Oct 19 16:40:59 2020

D:\daneshga\terme 7\aze micro\HW3\codevision\question2\Debug\List\2.asm(1088): warning: Register r5 already defined by the .DEF directive
D:\daneshga\terme 7\aze micro\HW3\codevision\question2\Debug\List\2.asm(1089): warning: Register r4 already defined by the .DEF directive
D:\daneshga\terme 7\aze micro\HW3\codevision\question2\Debug\List\2.asm(1090): warning: Register r7 already defined by the .DEF directive
                 
                 
                 ;CodeVisionAVR C Compiler V3.12 Advanced
                 ;(C) Copyright 1998-2014 Pavel Haiduc, HP InfoTech s.r.l.
                 ;http://www.hpinfotech.com
                 
                 ;Build configuration    : Debug
                 ;Chip type              : ATmega16
                 ;Program type           : Application
                 ;Clock frequency        : 8.000000 MHz
                 ;Memory model           : Small
                 ;Optimize for           : Size
                 ;(s)printf features     : int, width
                 ;(s)scanf features      : int, width
                 ;External RAM size      : 0
                 ;Data Stack size        : 256 byte(s)
                 ;Heap size              : 0 byte(s)
                 ;Promote 'char' to 'int': Yes
                 ;'char' is unsigned     : Yes
                 ;8 bit enums            : Yes
                 ;Global 'const' stored in FLASH: Yes
                 ;Enhanced function parameter passing: Yes
                 ;Enhanced core instructions: On
                 ;Automatic register allocation for global variables: On
                 ;Smart register allocation: On
                 
                 	#define _MODEL_SMALL_
                 
                 	#pragma AVRPART ADMIN PART_NAME ATmega16
                 	#pragma AVRPART MEMORY PROG_FLASH 16384
                 	#pragma AVRPART MEMORY EEPROM 512
                 	#pragma AVRPART MEMORY INT_SRAM SIZE 1024
                 	#pragma AVRPART MEMORY INT_SRAM START_ADDR 0x60
                 
                 	#define CALL_SUPPORTED 1
                 
                 	.LISTMAC
                 	.EQU UDRE=0x5
                 	.EQU RXC=0x7
                 	.EQU USR=0xB
                 	.EQU UDR=0xC
                 	.EQU SPSR=0xE
                 	.EQU SPDR=0xF
                 	.EQU EERE=0x0
                 	.EQU EEWE=0x1
                 	.EQU EEMWE=0x2
                 	.EQU EECR=0x1C
                 	.EQU EEDR=0x1D
                 	.EQU EEARL=0x1E
                 	.EQU EEARH=0x1F
                 	.EQU WDTCR=0x21
                 	.EQU MCUCR=0x35
                 	.EQU GICR=0x3B
                 	.EQU SPL=0x3D
                 	.EQU SPH=0x3E
                 	.EQU SREG=0x3F
                 
                 	.DEF R0X0=R0
                 	.DEF R0X1=R1
                 	.DEF R0X2=R2
                 	.DEF R0X3=R3
                 	.DEF R0X4=R4
                 	.DEF R0X5=R5
                 	.DEF R0X6=R6
                 	.DEF R0X7=R7
                 	.DEF R0X8=R8
                 	.DEF R0X9=R9
                 	.DEF R0XA=R10
                 	.DEF R0XB=R11
                 	.DEF R0XC=R12
                 	.DEF R0XD=R13
                 	.DEF R0XE=R14
                 	.DEF R0XF=R15
                 	.DEF R0X10=R16
                 	.DEF R0X11=R17
                 	.DEF R0X12=R18
                 	.DEF R0X13=R19
                 	.DEF R0X14=R20
                 	.DEF R0X15=R21
                 	.DEF R0X16=R22
                 	.DEF R0X17=R23
                 	.DEF R0X18=R24
                 	.DEF R0X19=R25
                 	.DEF R0X1A=R26
                 	.DEF R0X1B=R27
                 	.DEF R0X1C=R28
                 	.DEF R0X1D=R29
                 	.DEF R0X1E=R30
                 	.DEF R0X1F=R31
                 
                 	.EQU __SRAM_START=0x0060
                 	.EQU __SRAM_END=0x045F
                 	.EQU __DSTACK_SIZE=0x0100
                 	.EQU __HEAP_SIZE=0x0000
                 	.EQU __CLEAR_SRAM_SIZE=__SRAM_END-__SRAM_START+1
                 
                 	.MACRO __CPD1N
                 	CPI  R30,LOW(@0)
                 	LDI  R26,HIGH(@0)
                 	CPC  R31,R26
                 	LDI  R26,BYTE3(@0)
                 	CPC  R22,R26
                 	LDI  R26,BYTE4(@0)
                 	CPC  R23,R26
                 	.ENDM
                 
                 	.MACRO __CPD2N
                 	CPI  R26,LOW(@0)
                 	LDI  R30,HIGH(@0)
                 	CPC  R27,R30
                 	LDI  R30,BYTE3(@0)
                 	CPC  R24,R30
                 	LDI  R30,BYTE4(@0)
                 	CPC  R25,R30
                 	.ENDM
                 
                 	.MACRO __CPWRR
                 	CP   R@0,R@2
                 	CPC  R@1,R@3
                 	.ENDM
                 
                 	.MACRO __CPWRN
                 	CPI  R@0,LOW(@2)
                 	LDI  R30,HIGH(@2)
                 	CPC  R@1,R30
                 	.ENDM
                 
                 	.MACRO __ADDB1MN
                 	SUBI R30,LOW(-@0-(@1))
                 	.ENDM
                 
                 	.MACRO __ADDB2MN
                 	SUBI R26,LOW(-@0-(@1))
                 	.ENDM
                 
                 	.MACRO __ADDW1MN
                 	SUBI R30,LOW(-@0-(@1))
                 	SBCI R31,HIGH(-@0-(@1))
                 	.ENDM
                 
                 	.MACRO __ADDW2MN
                 	SUBI R26,LOW(-@0-(@1))
                 	SBCI R27,HIGH(-@0-(@1))
                 	.ENDM
                 
                 	.MACRO __ADDW1FN
                 	SUBI R30,LOW(-2*@0-(@1))
                 	SBCI R31,HIGH(-2*@0-(@1))
                 	.ENDM
                 
                 	.MACRO __ADDD1FN
                 	SUBI R30,LOW(-2*@0-(@1))
                 	SBCI R31,HIGH(-2*@0-(@1))
                 	SBCI R22,BYTE3(-2*@0-(@1))
                 	.ENDM
                 
                 	.MACRO __ADDD1N
                 	SUBI R30,LOW(-@0)
                 	SBCI R31,HIGH(-@0)
                 	SBCI R22,BYTE3(-@0)
                 	SBCI R23,BYTE4(-@0)
                 	.ENDM
                 
                 	.MACRO __ADDD2N
                 	SUBI R26,LOW(-@0)
                 	SBCI R27,HIGH(-@0)
                 	SBCI R24,BYTE3(-@0)
                 	SBCI R25,BYTE4(-@0)
                 	.ENDM
                 
                 	.MACRO __SUBD1N
                 	SUBI R30,LOW(@0)
                 	SBCI R31,HIGH(@0)
                 	SBCI R22,BYTE3(@0)
                 	SBCI R23,BYTE4(@0)
                 	.ENDM
                 
                 	.MACRO __SUBD2N
                 	SUBI R26,LOW(@0)
                 	SBCI R27,HIGH(@0)
                 	SBCI R24,BYTE3(@0)
                 	SBCI R25,BYTE4(@0)
                 	.ENDM
                 
                 	.MACRO __ANDBMNN
                 	LDS  R30,@0+(@1)
                 	ANDI R30,LOW(@2)
                 	STS  @0+(@1),R30
                 	.ENDM
                 
                 	.MACRO __ANDWMNN
                 	LDS  R30,@0+(@1)
                 	ANDI R30,LOW(@2)
                 	STS  @0+(@1),R30
                 	LDS  R30,@0+(@1)+1
                 	ANDI R30,HIGH(@2)
                 	STS  @0+(@1)+1,R30
                 	.ENDM
                 
                 	.MACRO __ANDD1N
                 	ANDI R30,LOW(@0)
                 	ANDI R31,HIGH(@0)
                 	ANDI R22,BYTE3(@0)
                 	ANDI R23,BYTE4(@0)
                 	.ENDM
                 
                 	.MACRO __ANDD2N
                 	ANDI R26,LOW(@0)
                 	ANDI R27,HIGH(@0)
                 	ANDI R24,BYTE3(@0)
                 	ANDI R25,BYTE4(@0)
                 	.ENDM
                 
                 	.MACRO __ORBMNN
                 	LDS  R30,@0+(@1)
                 	ORI  R30,LOW(@2)
                 	STS  @0+(@1),R30
                 	.ENDM
                 
                 	.MACRO __ORWMNN
                 	LDS  R30,@0+(@1)
                 	ORI  R30,LOW(@2)
                 	STS  @0+(@1),R30
                 	LDS  R30,@0+(@1)+1
                 	ORI  R30,HIGH(@2)
                 	STS  @0+(@1)+1,R30
                 	.ENDM
                 
                 	.MACRO __ORD1N
                 	ORI  R30,LOW(@0)
                 	ORI  R31,HIGH(@0)
                 	ORI  R22,BYTE3(@0)
                 	ORI  R23,BYTE4(@0)
                 	.ENDM
                 
                 	.MACRO __ORD2N
                 	ORI  R26,LOW(@0)
                 	ORI  R27,HIGH(@0)
                 	ORI  R24,BYTE3(@0)
                 	ORI  R25,BYTE4(@0)
                 	.ENDM
                 
                 	.MACRO __DELAY_USB
                 	LDI  R24,LOW(@0)
                 __DELAY_USB_LOOP:
                 	DEC  R24
                 	BRNE __DELAY_USB_LOOP
                 	.ENDM
                 
                 	.MACRO __DELAY_USW
                 	LDI  R24,LOW(@0)
                 	LDI  R25,HIGH(@0)
                 __DELAY_USW_LOOP:
                 	SBIW R24,1
                 	BRNE __DELAY_USW_LOOP
                 	.ENDM
                 
                 	.MACRO __GETD1S
                 	LDD  R30,Y+@0
                 	LDD  R31,Y+@0+1
                 	LDD  R22,Y+@0+2
                 	LDD  R23,Y+@0+3
                 	.ENDM
                 
                 	.MACRO __GETD2S
                 	LDD  R26,Y+@0
                 	LDD  R27,Y+@0+1
                 	LDD  R24,Y+@0+2
                 	LDD  R25,Y+@0+3
                 	.ENDM
                 
                 	.MACRO __PUTD1S
                 	STD  Y+@0,R30
                 	STD  Y+@0+1,R31
                 	STD  Y+@0+2,R22
                 	STD  Y+@0+3,R23
                 	.ENDM
                 
                 	.MACRO __PUTD2S
                 	STD  Y+@0,R26
                 	STD  Y+@0+1,R27
                 	STD  Y+@0+2,R24
                 	STD  Y+@0+3,R25
                 	.ENDM
                 
                 	.MACRO __PUTDZ2
                 	STD  Z+@0,R26
                 	STD  Z+@0+1,R27
                 	STD  Z+@0+2,R24
                 	STD  Z+@0+3,R25
                 	.ENDM
                 
                 	.MACRO __CLRD1S
                 	STD  Y+@0,R30
                 	STD  Y+@0+1,R30
                 	STD  Y+@0+2,R30
                 	STD  Y+@0+3,R30
                 	.ENDM
                 
                 	.MACRO __POINTB1MN
                 	LDI  R30,LOW(@0+(@1))
                 	.ENDM
                 
                 	.MACRO __POINTW1MN
                 	LDI  R30,LOW(@0+(@1))
                 	LDI  R31,HIGH(@0+(@1))
                 	.ENDM
                 
                 	.MACRO __POINTD1M
                 	LDI  R30,LOW(@0)
                 	LDI  R31,HIGH(@0)
                 	LDI  R22,BYTE3(@0)
                 	LDI  R23,BYTE4(@0)
                 	.ENDM
                 
                 	.MACRO __POINTW1FN
                 	LDI  R30,LOW(2*@0+(@1))
                 	LDI  R31,HIGH(2*@0+(@1))
                 	.ENDM
                 
                 	.MACRO __POINTD1FN
                 	LDI  R30,LOW(2*@0+(@1))
                 	LDI  R31,HIGH(2*@0+(@1))
                 	LDI  R22,BYTE3(2*@0+(@1))
                 	LDI  R23,BYTE4(2*@0+(@1))
                 	.ENDM
                 
                 	.MACRO __POINTB2MN
                 	LDI  R26,LOW(@0+(@1))
                 	.ENDM
                 
                 	.MACRO __POINTW2MN
                 	LDI  R26,LOW(@0+(@1))
                 	LDI  R27,HIGH(@0+(@1))
                 	.ENDM
                 
                 	.MACRO __POINTW2FN
                 	LDI  R26,LOW(2*@0+(@1))
                 	LDI  R27,HIGH(2*@0+(@1))
                 	.ENDM
                 
                 	.MACRO __POINTD2FN
                 	LDI  R26,LOW(2*@0+(@1))
                 	LDI  R27,HIGH(2*@0+(@1))
                 	LDI  R24,BYTE3(2*@0+(@1))
                 	LDI  R25,BYTE4(2*@0+(@1))
                 	.ENDM
                 
                 	.MACRO __POINTBRM
                 	LDI  R@0,LOW(@1)
                 	.ENDM
                 
                 	.MACRO __POINTWRM
                 	LDI  R@0,LOW(@2)
                 	LDI  R@1,HIGH(@2)
                 	.ENDM
                 
                 	.MACRO __POINTBRMN
                 	LDI  R@0,LOW(@1+(@2))
                 	.ENDM
                 
                 	.MACRO __POINTWRMN
                 	LDI  R@0,LOW(@2+(@3))
                 	LDI  R@1,HIGH(@2+(@3))
                 	.ENDM
                 
                 	.MACRO __POINTWRFN
                 	LDI  R@0,LOW(@2*2+(@3))
                 	LDI  R@1,HIGH(@2*2+(@3))
                 	.ENDM
                 
                 	.MACRO __GETD1N
                 	LDI  R30,LOW(@0)
                 	LDI  R31,HIGH(@0)
                 	LDI  R22,BYTE3(@0)
                 	LDI  R23,BYTE4(@0)
                 	.ENDM
                 
                 	.MACRO __GETD2N
                 	LDI  R26,LOW(@0)
                 	LDI  R27,HIGH(@0)
                 	LDI  R24,BYTE3(@0)
                 	LDI  R25,BYTE4(@0)
                 	.ENDM
                 
                 	.MACRO __GETB1MN
                 	LDS  R30,@0+(@1)
                 	.ENDM
                 
                 	.MACRO __GETB1HMN
                 	LDS  R31,@0+(@1)
                 	.ENDM
                 
                 	.MACRO __GETW1MN
                 	LDS  R30,@0+(@1)
                 	LDS  R31,@0+(@1)+1
                 	.ENDM
                 
                 	.MACRO __GETD1MN
                 	LDS  R30,@0+(@1)
                 	LDS  R31,@0+(@1)+1
                 	LDS  R22,@0+(@1)+2
                 	LDS  R23,@0+(@1)+3
                 	.ENDM
                 
                 	.MACRO __GETBRMN
                 	LDS  R@0,@1+(@2)
                 	.ENDM
                 
                 	.MACRO __GETWRMN
                 	LDS  R@0,@2+(@3)
                 	LDS  R@1,@2+(@3)+1
                 	.ENDM
                 
                 	.MACRO __GETWRZ
                 	LDD  R@0,Z+@2
                 	LDD  R@1,Z+@2+1
                 	.ENDM
                 
                 	.MACRO __GETD2Z
                 	LDD  R26,Z+@0
                 	LDD  R27,Z+@0+1
                 	LDD  R24,Z+@0+2
                 	LDD  R25,Z+@0+3
                 	.ENDM
                 
                 	.MACRO __GETB2MN
                 	LDS  R26,@0+(@1)
                 	.ENDM
                 
                 	.MACRO __GETW2MN
                 	LDS  R26,@0+(@1)
                 	LDS  R27,@0+(@1)+1
                 	.ENDM
                 
                 	.MACRO __GETD2MN
                 	LDS  R26,@0+(@1)
                 	LDS  R27,@0+(@1)+1
                 	LDS  R24,@0+(@1)+2
                 	LDS  R25,@0+(@1)+3
                 	.ENDM
                 
                 	.MACRO __PUTB1MN
                 	STS  @0+(@1),R30
                 	.ENDM
                 
                 	.MACRO __PUTW1MN
                 	STS  @0+(@1),R30
                 	STS  @0+(@1)+1,R31
                 	.ENDM
                 
                 	.MACRO __PUTD1MN
                 	STS  @0+(@1),R30
                 	STS  @0+(@1)+1,R31
                 	STS  @0+(@1)+2,R22
                 	STS  @0+(@1)+3,R23
                 	.ENDM
                 
                 	.MACRO __PUTB1EN
                 	LDI  R26,LOW(@0+(@1))
                 	LDI  R27,HIGH(@0+(@1))
                 	CALL __EEPROMWRB
                 	.ENDM
                 
                 	.MACRO __PUTW1EN
                 	LDI  R26,LOW(@0+(@1))
                 	LDI  R27,HIGH(@0+(@1))
                 	CALL __EEPROMWRW
                 	.ENDM
                 
                 	.MACRO __PUTD1EN
                 	LDI  R26,LOW(@0+(@1))
                 	LDI  R27,HIGH(@0+(@1))
                 	CALL __EEPROMWRD
                 	.ENDM
                 
                 	.MACRO __PUTBR0MN
                 	STS  @0+(@1),R0
                 	.ENDM
                 
                 	.MACRO __PUTBMRN
                 	STS  @0+(@1),R@2
                 	.ENDM
                 
                 	.MACRO __PUTWMRN
                 	STS  @0+(@1),R@2
                 	STS  @0+(@1)+1,R@3
                 	.ENDM
                 
                 	.MACRO __PUTBZR
                 	STD  Z+@1,R@0
                 	.ENDM
                 
                 	.MACRO __PUTWZR
                 	STD  Z+@2,R@0
                 	STD  Z+@2+1,R@1
                 	.ENDM
                 
                 	.MACRO __GETW1R
                 	MOV  R30,R@0
                 	MOV  R31,R@1
                 	.ENDM
                 
                 	.MACRO __GETW2R
                 	MOV  R26,R@0
                 	MOV  R27,R@1
                 	.ENDM
                 
                 	.MACRO __GETWRN
                 	LDI  R@0,LOW(@2)
                 	LDI  R@1,HIGH(@2)
                 	.ENDM
                 
                 	.MACRO __PUTW1R
                 	MOV  R@0,R30
                 	MOV  R@1,R31
                 	.ENDM
                 
                 	.MACRO __PUTW2R
                 	MOV  R@0,R26
                 	MOV  R@1,R27
                 	.ENDM
                 
                 	.MACRO __ADDWRN
                 	SUBI R@0,LOW(-@2)
                 	SBCI R@1,HIGH(-@2)
                 	.ENDM
                 
                 	.MACRO __ADDWRR
                 	ADD  R@0,R@2
                 	ADC  R@1,R@3
                 	.ENDM
                 
                 	.MACRO __SUBWRN
                 	SUBI R@0,LOW(@2)
                 	SBCI R@1,HIGH(@2)
                 	.ENDM
                 
                 	.MACRO __SUBWRR
                 	SUB  R@0,R@2
                 	SBC  R@1,R@3
                 	.ENDM
                 
                 	.MACRO __ANDWRN
                 	ANDI R@0,LOW(@2)
                 	ANDI R@1,HIGH(@2)
                 	.ENDM
                 
                 	.MACRO __ANDWRR
                 	AND  R@0,R@2
                 	AND  R@1,R@3
                 	.ENDM
                 
                 	.MACRO __ORWRN
                 	ORI  R@0,LOW(@2)
                 	ORI  R@1,HIGH(@2)
                 	.ENDM
                 
                 	.MACRO __ORWRR
                 	OR   R@0,R@2
                 	OR   R@1,R@3
                 	.ENDM
                 
                 	.MACRO __EORWRR
                 	EOR  R@0,R@2
                 	EOR  R@1,R@3
                 	.ENDM
                 
                 	.MACRO __GETWRS
                 	LDD  R@0,Y+@2
                 	LDD  R@1,Y+@2+1
                 	.ENDM
                 
                 	.MACRO __PUTBSR
                 	STD  Y+@1,R@0
                 	.ENDM
                 
                 	.MACRO __PUTWSR
                 	STD  Y+@2,R@0
                 	STD  Y+@2+1,R@1
                 	.ENDM
                 
                 	.MACRO __MOVEWRR
                 	MOV  R@0,R@2
                 	MOV  R@1,R@3
                 	.ENDM
                 
                 	.MACRO __INWR
                 	IN   R@0,@2
                 	IN   R@1,@2+1
                 	.ENDM
                 
                 	.MACRO __OUTWR
                 	OUT  @2+1,R@1
                 	OUT  @2,R@0
                 	.ENDM
                 
                 	.MACRO __CALL1MN
                 	LDS  R30,@0+(@1)
                 	LDS  R31,@0+(@1)+1
                 	ICALL
                 	.ENDM
                 
                 	.MACRO __CALL1FN
                 	LDI  R30,LOW(2*@0+(@1))
                 	LDI  R31,HIGH(2*@0+(@1))
                 	CALL __GETW1PF
                 	ICALL
                 	.ENDM
                 
                 	.MACRO __CALL2EN
                 	PUSH R26
                 	PUSH R27
                 	LDI  R26,LOW(@0+(@1))
                 	LDI  R27,HIGH(@0+(@1))
                 	CALL __EEPROMRDW
                 	POP  R27
                 	POP  R26
                 	ICALL
                 	.ENDM
                 
                 	.MACRO __CALL2EX
                 	SUBI R26,LOW(-@0)
                 	SBCI R27,HIGH(-@0)
                 	CALL __EEPROMRDD
                 	ICALL
                 	.ENDM
                 
                 	.MACRO __GETW1STACK
                 	IN   R30,SPL
                 	IN   R31,SPH
                 	ADIW R30,@0+1
                 	LD   R0,Z+
                 	LD   R31,Z
                 	MOV  R30,R0
                 	.ENDM
                 
                 	.MACRO __GETD1STACK
                 	IN   R30,SPL
                 	IN   R31,SPH
                 	ADIW R30,@0+1
                 	LD   R0,Z+
                 	LD   R1,Z+
                 	LD   R22,Z
                 	MOVW R30,R0
                 	.ENDM
                 
                 	.MACRO __NBST
                 	BST  R@0,@1
                 	IN   R30,SREG
                 	LDI  R31,0x40
                 	EOR  R30,R31
                 	OUT  SREG,R30
                 	.ENDM
                 
                 
                 	.MACRO __PUTB1SN
                 	LDD  R26,Y+@0
                 	LDD  R27,Y+@0+1
                 	SUBI R26,LOW(-@1)
                 	SBCI R27,HIGH(-@1)
                 	ST   X,R30
                 	.ENDM
                 
                 	.MACRO __PUTW1SN
                 	LDD  R26,Y+@0
                 	LDD  R27,Y+@0+1
                 	SUBI R26,LOW(-@1)
                 	SBCI R27,HIGH(-@1)
                 	ST   X+,R30
                 	ST   X,R31
                 	.ENDM
                 
                 	.MACRO __PUTD1SN
                 	LDD  R26,Y+@0
                 	LDD  R27,Y+@0+1
                 	SUBI R26,LOW(-@1)
                 	SBCI R27,HIGH(-@1)
                 	CALL __PUTDP1
                 	.ENDM
                 
                 	.MACRO __PUTB1SNS
                 	LDD  R26,Y+@0
                 	LDD  R27,Y+@0+1
                 	ADIW R26,@1
                 	ST   X,R30
                 	.ENDM
                 
                 	.MACRO __PUTW1SNS
                 	LDD  R26,Y+@0
                 	LDD  R27,Y+@0+1
                 	ADIW R26,@1
                 	ST   X+,R30
                 	ST   X,R31
                 	.ENDM
                 
                 	.MACRO __PUTD1SNS
                 	LDD  R26,Y+@0
                 	LDD  R27,Y+@0+1
                 	ADIW R26,@1
                 	CALL __PUTDP1
                 	.ENDM
                 
                 	.MACRO __PUTB1PMN
                 	LDS  R26,@0
                 	LDS  R27,@0+1
                 	SUBI R26,LOW(-@1)
                 	SBCI R27,HIGH(-@1)
                 	ST   X,R30
                 	.ENDM
                 
                 	.MACRO __PUTW1PMN
                 	LDS  R26,@0
                 	LDS  R27,@0+1
                 	SUBI R26,LOW(-@1)
                 	SBCI R27,HIGH(-@1)
                 	ST   X+,R30
                 	ST   X,R31
                 	.ENDM
                 
                 	.MACRO __PUTD1PMN
                 	LDS  R26,@0
                 	LDS  R27,@0+1
                 	SUBI R26,LOW(-@1)
                 	SBCI R27,HIGH(-@1)
                 	CALL __PUTDP1
                 	.ENDM
                 
                 	.MACRO __PUTB1PMNS
                 	LDS  R26,@0
                 	LDS  R27,@0+1
                 	ADIW R26,@1
                 	ST   X,R30
                 	.ENDM
                 
                 	.MACRO __PUTW1PMNS
                 	LDS  R26,@0
                 	LDS  R27,@0+1
                 	ADIW R26,@1
                 	ST   X+,R30
                 	ST   X,R31
                 	.ENDM
                 
                 	.MACRO __PUTD1PMNS
                 	LDS  R26,@0
                 	LDS  R27,@0+1
                 	ADIW R26,@1
                 	CALL __PUTDP1
                 	.ENDM
                 
                 	.MACRO __PUTB1RN
                 	MOVW R26,R@0
                 	SUBI R26,LOW(-@1)
                 	SBCI R27,HIGH(-@1)
                 	ST   X,R30
                 	.ENDM
                 
                 	.MACRO __PUTW1RN
                 	MOVW R26,R@0
                 	SUBI R26,LOW(-@1)
                 	SBCI R27,HIGH(-@1)
                 	ST   X+,R30
                 	ST   X,R31
                 	.ENDM
                 
                 	.MACRO __PUTD1RN
                 	MOVW R26,R@0
                 	SUBI R26,LOW(-@1)
                 	SBCI R27,HIGH(-@1)
                 	CALL __PUTDP1
                 	.ENDM
                 
                 	.MACRO __PUTB1RNS
                 	MOVW R26,R@0
                 	ADIW R26,@1
                 	ST   X,R30
                 	.ENDM
                 
                 	.MACRO __PUTW1RNS
                 	MOVW R26,R@0
                 	ADIW R26,@1
                 	ST   X+,R30
                 	ST   X,R31
                 	.ENDM
                 
                 	.MACRO __PUTD1RNS
                 	MOVW R26,R@0
                 	ADIW R26,@1
                 	CALL __PUTDP1
                 	.ENDM
                 
                 	.MACRO __PUTB1RON
                 	MOV  R26,R@0
                 	MOV  R27,R@1
                 	SUBI R26,LOW(-@2)
                 	SBCI R27,HIGH(-@2)
                 	ST   X,R30
                 	.ENDM
                 
                 	.MACRO __PUTW1RON
                 	MOV  R26,R@0
                 	MOV  R27,R@1
                 	SUBI R26,LOW(-@2)
                 	SBCI R27,HIGH(-@2)
                 	ST   X+,R30
                 	ST   X,R31
                 	.ENDM
                 
                 	.MACRO __PUTD1RON
                 	MOV  R26,R@0
                 	MOV  R27,R@1
                 	SUBI R26,LOW(-@2)
                 	SBCI R27,HIGH(-@2)
                 	CALL __PUTDP1
                 	.ENDM
                 
                 	.MACRO __PUTB1RONS
                 	MOV  R26,R@0
                 	MOV  R27,R@1
                 	ADIW R26,@2
                 	ST   X,R30
                 	.ENDM
                 
                 	.MACRO __PUTW1RONS
                 	MOV  R26,R@0
                 	MOV  R27,R@1
                 	ADIW R26,@2
                 	ST   X+,R30
                 	ST   X,R31
                 	.ENDM
                 
                 	.MACRO __PUTD1RONS
                 	MOV  R26,R@0
                 	MOV  R27,R@1
                 	ADIW R26,@2
                 	CALL __PUTDP1
                 	.ENDM
                 
                 
                 	.MACRO __GETB1SX
                 	MOVW R30,R28
                 	SUBI R30,LOW(-@0)
                 	SBCI R31,HIGH(-@0)
                 	LD   R30,Z
                 	.ENDM
                 
                 	.MACRO __GETB1HSX
                 	MOVW R30,R28
                 	SUBI R30,LOW(-@0)
                 	SBCI R31,HIGH(-@0)
                 	LD   R31,Z
                 	.ENDM
                 
                 	.MACRO __GETW1SX
                 	MOVW R30,R28
                 	SUBI R30,LOW(-@0)
                 	SBCI R31,HIGH(-@0)
                 	LD   R0,Z+
                 	LD   R31,Z
                 	MOV  R30,R0
                 	.ENDM
                 
                 	.MACRO __GETD1SX
                 	MOVW R30,R28
                 	SUBI R30,LOW(-@0)
                 	SBCI R31,HIGH(-@0)
                 	LD   R0,Z+
                 	LD   R1,Z+
                 	LD   R22,Z+
                 	LD   R23,Z
                 	MOVW R30,R0
                 	.ENDM
                 
                 	.MACRO __GETB2SX
                 	MOVW R26,R28
                 	SUBI R26,LOW(-@0)
                 	SBCI R27,HIGH(-@0)
                 	LD   R26,X
                 	.ENDM
                 
                 	.MACRO __GETW2SX
                 	MOVW R26,R28
                 	SUBI R26,LOW(-@0)
                 	SBCI R27,HIGH(-@0)
                 	LD   R0,X+
                 	LD   R27,X
                 	MOV  R26,R0
                 	.ENDM
                 
                 	.MACRO __GETD2SX
                 	MOVW R26,R28
                 	SUBI R26,LOW(-@0)
                 	SBCI R27,HIGH(-@0)
                 	LD   R0,X+
                 	LD   R1,X+
                 	LD   R24,X+
                 	LD   R25,X
                 	MOVW R26,R0
                 	.ENDM
                 
                 	.MACRO __GETBRSX
                 	MOVW R30,R28
                 	SUBI R30,LOW(-@1)
                 	SBCI R31,HIGH(-@1)
                 	LD   R@0,Z
                 	.ENDM
                 
                 	.MACRO __GETWRSX
                 	MOVW R30,R28
                 	SUBI R30,LOW(-@2)
                 	SBCI R31,HIGH(-@2)
                 	LD   R@0,Z+
                 	LD   R@1,Z
                 	.ENDM
                 
                 	.MACRO __GETBRSX2
                 	MOVW R26,R28
                 	SUBI R26,LOW(-@1)
                 	SBCI R27,HIGH(-@1)
                 	LD   R@0,X
                 	.ENDM
                 
                 	.MACRO __GETWRSX2
                 	MOVW R26,R28
                 	SUBI R26,LOW(-@2)
                 	SBCI R27,HIGH(-@2)
                 	LD   R@0,X+
                 	LD   R@1,X
                 	.ENDM
                 
                 	.MACRO __LSLW8SX
                 	MOVW R30,R28
                 	SUBI R30,LOW(-@0)
                 	SBCI R31,HIGH(-@0)
                 	LD   R31,Z
                 	CLR  R30
                 	.ENDM
                 
                 	.MACRO __PUTB1SX
                 	MOVW R26,R28
                 	SUBI R26,LOW(-@0)
                 	SBCI R27,HIGH(-@0)
                 	ST   X,R30
                 	.ENDM
                 
                 	.MACRO __PUTW1SX
                 	MOVW R26,R28
                 	SUBI R26,LOW(-@0)
                 	SBCI R27,HIGH(-@0)
                 	ST   X+,R30
                 	ST   X,R31
                 	.ENDM
                 
                 	.MACRO __PUTD1SX
                 	MOVW R26,R28
                 	SUBI R26,LOW(-@0)
                 	SBCI R27,HIGH(-@0)
                 	ST   X+,R30
                 	ST   X+,R31
                 	ST   X+,R22
                 	ST   X,R23
                 	.ENDM
                 
                 	.MACRO __CLRW1SX
                 	MOVW R26,R28
                 	SUBI R26,LOW(-@0)
                 	SBCI R27,HIGH(-@0)
                 	ST   X+,R30
                 	ST   X,R30
                 	.ENDM
                 
                 	.MACRO __CLRD1SX
                 	MOVW R26,R28
                 	SUBI R26,LOW(-@0)
                 	SBCI R27,HIGH(-@0)
                 	ST   X+,R30
                 	ST   X+,R30
                 	ST   X+,R30
                 	ST   X,R30
                 	.ENDM
                 
                 	.MACRO __PUTB2SX
                 	MOVW R30,R28
                 	SUBI R30,LOW(-@0)
                 	SBCI R31,HIGH(-@0)
                 	ST   Z,R26
                 	.ENDM
                 
                 	.MACRO __PUTW2SX
                 	MOVW R30,R28
                 	SUBI R30,LOW(-@0)
                 	SBCI R31,HIGH(-@0)
                 	ST   Z+,R26
                 	ST   Z,R27
                 	.ENDM
                 
                 	.MACRO __PUTD2SX
                 	MOVW R30,R28
                 	SUBI R30,LOW(-@0)
                 	SBCI R31,HIGH(-@0)
                 	ST   Z+,R26
                 	ST   Z+,R27
                 	ST   Z+,R24
                 	ST   Z,R25
                 	.ENDM
                 
                 	.MACRO __PUTBSRX
                 	MOVW R30,R28
                 	SUBI R30,LOW(-@1)
                 	SBCI R31,HIGH(-@1)
                 	ST   Z,R@0
                 	.ENDM
                 
                 	.MACRO __PUTWSRX
                 	MOVW R30,R28
                 	SUBI R30,LOW(-@2)
                 	SBCI R31,HIGH(-@2)
                 	ST   Z+,R@0
                 	ST   Z,R@1
                 	.ENDM
                 
                 	.MACRO __PUTB1SNX
                 	MOVW R26,R28
                 	SUBI R26,LOW(-@0)
                 	SBCI R27,HIGH(-@0)
                 	LD   R0,X+
                 	LD   R27,X
                 	MOV  R26,R0
                 	SUBI R26,LOW(-@1)
                 	SBCI R27,HIGH(-@1)
                 	ST   X,R30
                 	.ENDM
                 
                 	.MACRO __PUTW1SNX
                 	MOVW R26,R28
                 	SUBI R26,LOW(-@0)
                 	SBCI R27,HIGH(-@0)
                 	LD   R0,X+
                 	LD   R27,X
                 	MOV  R26,R0
                 	SUBI R26,LOW(-@1)
                 	SBCI R27,HIGH(-@1)
                 	ST   X+,R30
                 	ST   X,R31
                 	.ENDM
                 
                 	.MACRO __PUTD1SNX
                 	MOVW R26,R28
                 	SUBI R26,LOW(-@0)
                 	SBCI R27,HIGH(-@0)
                 	LD   R0,X+
                 	LD   R27,X
                 	MOV  R26,R0
                 	SUBI R26,LOW(-@1)
                 	SBCI R27,HIGH(-@1)
                 	ST   X+,R30
                 	ST   X+,R31
                 	ST   X+,R22
                 	ST   X,R23
                 	.ENDM
                 
                 	.MACRO __MULBRR
                 	MULS R@0,R@1
                 	MOVW R30,R0
                 	.ENDM
                 
                 	.MACRO __MULBRRU
                 	MUL  R@0,R@1
                 	MOVW R30,R0
                 	.ENDM
                 
                 	.MACRO __MULBRR0
                 	MULS R@0,R@1
                 	.ENDM
                 
                 	.MACRO __MULBRRU0
                 	MUL  R@0,R@1
                 	.ENDM
                 
                 	.MACRO __MULBNWRU
                 	LDI  R26,@2
                 	MUL  R26,R@0
                 	MOVW R30,R0
                 	MUL  R26,R@1
                 	ADD  R31,R0
                 	.ENDM
                 
                 ;NAME DEFINITIONS FOR GLOBAL VARIABLES ALLOCATED TO REGISTERS
                 	.DEF __lcd_x=R5
                 	.DEF __lcd_y=R4
                 	.DEF __lcd_maxx=R7
                 
                 	.CSEG
                 	.ORG 0x00
                 
                 ;START OF CODE MARKER
                 __START_OF_CODE:
                 
                 ;INTERRUPT VECTORS
000000 940c 004c 	JMP  __RESET
000002 940c 0000 	JMP  0x00
000004 940c 0000 	JMP  0x00
000006 940c 0000 	JMP  0x00
000008 940c 0000 	JMP  0x00
00000a 940c 0000 	JMP  0x00
00000c 940c 0000 	JMP  0x00
00000e 940c 0000 	JMP  0x00
000010 940c 0000 	JMP  0x00
000012 940c 0000 	JMP  0x00
000014 940c 0000 	JMP  0x00
000016 940c 0000 	JMP  0x00
000018 940c 0000 	JMP  0x00
00001a 940c 0000 	JMP  0x00
00001c 940c 0000 	JMP  0x00
00001e 940c 0000 	JMP  0x00
000020 940c 0000 	JMP  0x00
000022 940c 0000 	JMP  0x00
000024 940c 0000 	JMP  0x00
000026 940c 0000 	JMP  0x00
000028 940c 0000 	JMP  0x00
                 
                 _0x3:
00002a 6557
00002b 636c
00002c 6d6f
00002d 2065      	.DB  0x57,0x65,0x6C,0x63,0x6F,0x6D,0x65,0x20
00002e 6f74
00002f 7420
000030 6568
000031 6f20      	.DB  0x74,0x6F,0x20,0x74,0x68,0x65,0x20,0x6F
000032 6c6e
000033 6e69
000034 2065
000035 616c      	.DB  0x6E,0x6C,0x69,0x6E,0x65,0x20,0x6C,0x61
000036 2062
000037 6c63
000038 7361
000039 6573      	.DB  0x62,0x20,0x63,0x6C,0x61,0x73,0x73,0x65
00003a 2073
00003b 7564
00003c 2065
00003d 6f74      	.DB  0x73,0x20,0x64,0x75,0x65,0x20,0x74,0x6F
00003e 4320
00003f 726f
000040 6e6f
000041 2061      	.DB  0x20,0x43,0x6F,0x72,0x6F,0x6E,0x61,0x20
000042 6964
000043 6573
000044 7361
000045 2e65      	.DB  0x64,0x69,0x73,0x65,0x61,0x73,0x65,0x2E
D:\daneshga\terme 7\aze micro\HW3\codevision\question2\Debug\List\2.asm(1129): warning: .cseg .db misalignment - padding zero byte
000046 0000      	.DB  0x0
                 _0x2020003:
000047 c080      	.DB  0x80,0xC0
                 
                 __GLOBAL_INI_TBL:
000048 0002      	.DW  0x02
000049 0160      	.DW  __base_y_G101
00004a 008e      	.DW  _0x2020003*2
                 
                 _0xFFFFFFFF:
00004b 0000      	.DW  0
                 
                 #define __GLOBAL_INI_TBL_PRESENT 1
                 
                 __RESET:
00004c 94f8      	CLI
00004d 27ee      	CLR  R30
00004e bbec      	OUT  EECR,R30
                 
                 ;INTERRUPT VECTORS ARE PLACED
                 ;AT THE START OF FLASH
00004f e0f1      	LDI  R31,1
000050 bffb      	OUT  GICR,R31
000051 bfeb      	OUT  GICR,R30
000052 bfe5      	OUT  MCUCR,R30
                 
                 ;CLEAR R2-R14
000053 e08d      	LDI  R24,(14-2)+1
000054 e0a2      	LDI  R26,2
000055 27bb      	CLR  R27
                 __CLEAR_REG:
000056 93ed      	ST   X+,R30
000057 958a      	DEC  R24
000058 f7e9      	BRNE __CLEAR_REG
                 
                 ;CLEAR SRAM
000059 e080      	LDI  R24,LOW(__CLEAR_SRAM_SIZE)
00005a e094      	LDI  R25,HIGH(__CLEAR_SRAM_SIZE)
00005b e6a0      	LDI  R26,__SRAM_START
                 __CLEAR_SRAM:
00005c 93ed      	ST   X+,R30
00005d 9701      	SBIW R24,1
00005e f7e9      	BRNE __CLEAR_SRAM
                 
                 ;GLOBAL VARIABLES INITIALIZATION
00005f e9e0      	LDI  R30,LOW(__GLOBAL_INI_TBL*2)
000060 e0f0      	LDI  R31,HIGH(__GLOBAL_INI_TBL*2)
                 __GLOBAL_INI_NEXT:
000061 9185      	LPM  R24,Z+
000062 9195      	LPM  R25,Z+
000063 9700      	SBIW R24,0
000064 f061      	BREQ __GLOBAL_INI_END
000065 91a5      	LPM  R26,Z+
000066 91b5      	LPM  R27,Z+
000067 9005      	LPM  R0,Z+
000068 9015      	LPM  R1,Z+
000069 01bf      	MOVW R22,R30
00006a 01f0      	MOVW R30,R0
                 __GLOBAL_INI_LOOP:
00006b 9005      	LPM  R0,Z+
00006c 920d      	ST   X+,R0
00006d 9701      	SBIW R24,1
00006e f7e1      	BRNE __GLOBAL_INI_LOOP
00006f 01fb      	MOVW R30,R22
000070 cff0      	RJMP __GLOBAL_INI_NEXT
                 __GLOBAL_INI_END:
                 
                 ;HARDWARE STACK POINTER INITIALIZATION
000071 e5ef      	LDI  R30,LOW(__SRAM_END-__HEAP_SIZE)
000072 bfed      	OUT  SPL,R30
000073 e0e4      	LDI  R30,HIGH(__SRAM_END-__HEAP_SIZE)
000074 bfee      	OUT  SPH,R30
                 
                 ;DATA STACK POINTER INITIALIZATION
000075 e6c0      	LDI  R28,LOW(__SRAM_START+__DSTACK_SIZE)
000076 e0d1      	LDI  R29,HIGH(__SRAM_START+__DSTACK_SIZE)
                 
000077 940c 00b8 	JMP  _main
                 
                 	.ESEG
                 	.ORG 0
                 
                 	.DSEG
                 	.ORG 0x160
                 
                 	.CSEG
                 ;/*******************************************************
                 ;This program was created by the
                 ;CodeWizardAVR V3.12 Advanced
                 ;Automatic Program Generator
                 ;© Copyright 1998-2014 Pavel Haiduc, HP InfoTech s.r.l.
                 ;http://www.hpinfotech.com
                 ;
                 ;Project :
                 ;Version :
                 ;Date    : 2020-10-19
                 ;Author  :
                 ;Company :
                 ;Comments:
                 ;
                 ;
                 ;Chip type               : ATmega16
                 ;Program type            : Application
                 ;AVR Core Clock frequency: 8.000000 MHz
                 ;Memory model            : Small
                 ;External RAM size       : 0
                 ;Data Stack size         : 256
                 ;*******************************************************/
                 ;
                 ;#include <mega16.h>
                 	#ifndef __SLEEP_DEFINED__
                 	#define __SLEEP_DEFINED__
                 	.EQU __se_bit=0x40
                 	.EQU __sm_mask=0xB0
                 	.EQU __sm_powerdown=0x20
                 	.EQU __sm_powersave=0x30
                 	.EQU __sm_standby=0xA0
                 	.EQU __sm_ext_standby=0xB0
                 	.EQU __sm_adc_noise_red=0x10
                 	.SET power_ctrl_reg=mcucr
                 	#endif
                 ;#include <string.h>
                 ;#include <delay.h>
                 ;
                 ;// Alphanumeric LCD functions
                 ;#include <alcd.h>
                 ;
                 ;// Declare your global variables here
                 ;
                 ;void Subroutine_2(void)
                 ; 0000 0022 {
                 
                 	.CSEG
                 _Subroutine_2:
                 ; .FSTART _Subroutine_2
                 ; 0000 0023         char string[] = "Welcome to the online lab classes due to Corona disease.";
                 ; 0000 0024         char show[16];
                 ; 0000 0025          //  char show2[] = "---------------";
                 ; 0000 0026         int counter = 0;
                 ; 0000 0027         delay_ms(500);
000079 97ef      	SBIW R28,63
00007a 972a      	SBIW R28,10
00007b e389      	LDI  R24,57
00007c e1a0      	LDI  R26,LOW(16)
00007d e0b0      	LDI  R27,HIGH(16)
00007e e5e4      	LDI  R30,LOW(_0x3*2)
00007f e0f0      	LDI  R31,HIGH(_0x3*2)
000080 940e 0180 	CALL __INITLOCB
000082 931a      	ST   -Y,R17
000083 930a      	ST   -Y,R16
                 ;	string -> Y+18
                 ;	show -> Y+2
                 ;	counter -> R16,R17
                +
000084 e000     +LDI R16 , LOW ( 0 )
000085 e010     +LDI R17 , HIGH ( 0 )
                 	__GETWRN 16,17,0
000086 efa4      	LDI  R26,LOW(500)
000087 e0b1      	LDI  R27,HIGH(500)
000088 940e 0176 	CALL _delay_ms
                 ; 0000 0028         for(counter = 0; counter<strlen(string); counter++)
                +
00008a e000     +LDI R16 , LOW ( 0 )
00008b e010     +LDI R17 , HIGH ( 0 )
                 	__GETWRN 16,17,0
                 _0x5:
00008c 01de      	MOVW R26,R28
00008d 9652      	ADIW R26,18
00008e 940e 00c1 	CALL _strlen
000090 170e      	CP   R16,R30
000091 071f      	CPC  R17,R31
000092 f500      	BRSH _0x6
                 ; 0000 0029         {
                 ; 0000 002A             lcd_gotoxy(0, 1);
000093 e0e0      	LDI  R30,LOW(0)
000094 93ea      	ST   -Y,R30
000095 e0a1      	LDI  R26,LOW(1)
000096 940e 0102 	CALL _lcd_gotoxy
                 ; 0000 002B             strncpy(show, &string[counter], 16);
000098 01fe      	MOVW R30,R28
000099 9632      	ADIW R30,2
00009a 93fa      	ST   -Y,R31
00009b 93ea      	ST   -Y,R30
00009c 01f8      	MOVW R30,R16
00009d 01de      	MOVW R26,R28
00009e 9654      	ADIW R26,20
00009f 0fea      	ADD  R30,R26
0000a0 1ffb      	ADC  R31,R27
0000a1 93fa      	ST   -Y,R31
0000a2 93ea      	ST   -Y,R30
0000a3 e1a0      	LDI  R26,LOW(16)
0000a4 940e 00cd 	CALL _strncpy
                 ; 0000 002C          //   lcd_gotoxy(0, 0);
                 ; 0000 002D          //   lcd_puts(show2);
                 ; 0000 002E             lcd_puts(show);
0000a6 01de      	MOVW R26,R28
0000a7 9612      	ADIW R26,2
0000a8 940e 012e 	CALL _lcd_puts
                 ; 0000 002F             delay_ms(200);
0000aa eca8      	LDI  R26,LOW(200)
0000ab e0b0      	LDI  R27,0
0000ac 940e 0176 	CALL _delay_ms
                 ; 0000 0030             lcd_clear();
0000ae 940e 010f 	CALL _lcd_clear
                 ; 0000 0031         }
                +
0000b0 5f0f     +SUBI R16 , LOW ( - 1 )
0000b1 4f1f     +SBCI R17 , HIGH ( - 1 )
                 	__ADDWRN 16,17,1
0000b2 cfd9      	RJMP _0x5
                 _0x6:
                 ; 0000 0032 }
0000b3 8119      	LDD  R17,Y+1
0000b4 8108      	LDD  R16,Y+0
0000b5 96ef      	ADIW R28,63
0000b6 962c      	ADIW R28,12
0000b7 9508      	RET
                 ; .FEND
                 ;
                 ;
                 ;void main(void)
                 ; 0000 0036 {
                 _main:
                 ; .FSTART _main
                 ; 0000 0037 // Declare your local variables here
                 ; 0000 0038 
                 ; 0000 0039 // Input/Output Ports initialization
                 ; 0000 003A // Port A initialization
                 ; 0000 003B // Function: Bit7=Out Bit6=Out Bit5=Out Bit4=Out Bit3=Out Bit2=Out Bit1=Out Bit0=Out
                 ; 0000 003C DDRA=(1<<DDA7) | (1<<DDA6) | (1<<DDA5) | (1<<DDA4) | (1<<DDA3) | (1<<DDA2) | (1<<DDA1) | (1<<DDA0);
0000b8 efef      	LDI  R30,LOW(255)
0000b9 bbea      	OUT  0x1A,R30
                 ; 0000 003D // State: Bit7=0 Bit6=0 Bit5=0 Bit4=0 Bit3=0 Bit2=0 Bit1=0 Bit0=0
                 ; 0000 003E PORTA=(0<<PORTA7) | (0<<PORTA6) | (0<<PORTA5) | (0<<PORTA4) | (0<<PORTA3) | (0<<PORTA2) | (0<<PORTA1) | (0<<PORTA0);
0000ba e0e0      	LDI  R30,LOW(0)
0000bb bbeb      	OUT  0x1B,R30
                 ; 0000 003F 
                 ; 0000 0040 // Alphanumeric LCD initialization
                 ; 0000 0041 // Connections are specified in the
                 ; 0000 0042 // Project|Configure|C Compiler|Libraries|Alphanumeric LCD menu:
                 ; 0000 0043 // RS - PORTA Bit 0
                 ; 0000 0044 // RD - PORTA Bit 1
                 ; 0000 0045 // EN - PORTA Bit 2
                 ; 0000 0046 // D4 - PORTA Bit 4
                 ; 0000 0047 // D5 - PORTA Bit 5
                 ; 0000 0048 // D6 - PORTA Bit 6
                 ; 0000 0049 // D7 - PORTA Bit 7
                 ; 0000 004A // Characters/line: 16
                 ; 0000 004B lcd_init(16);
0000bc e1a0      	LDI  R26,LOW(16)
0000bd 940e 013f 	CALL _lcd_init
                 ; 0000 004C 
                 ; 0000 004D while (1)
                 ; 0000 004E       {
                 ; 0000 004F       // Place your code here
                 ; 0000 0050         Subroutine_2();
0000bf dfb9      	RCALL _Subroutine_2
                 ; 0000 0051         break;
                 ; 0000 0052       }
                 ; 0000 0053 }
                 _0xA:
0000c0 cfff      	RJMP _0xA
                 ; .FEND
                 
                 	.CSEG
                 _strlen:
                 ; .FSTART _strlen
0000c1 93ba      	ST   -Y,R27
0000c2 93aa      	ST   -Y,R26
0000c3 91a9          ld   r26,y+
0000c4 91b9          ld   r27,y+
0000c5 27ee          clr  r30
0000c6 27ff          clr  r31
                 strlen0:
0000c7 916d          ld   r22,x+
0000c8 2366          tst  r22
0000c9 f011          breq strlen1
0000ca 9631          adiw r30,1
0000cb cffb          rjmp strlen0
                 strlen1:
0000cc 9508          ret
                 ; .FEND
                 _strncpy:
                 ; .FSTART _strncpy
0000cd 93aa      	ST   -Y,R26
0000ce 9179          ld   r23,y+
0000cf 91e9          ld   r30,y+
0000d0 91f9          ld   r31,y+
0000d1 91a9          ld   r26,y+
0000d2 91b9          ld   r27,y+
0000d3 01cd          movw r24,r26
                 strncpy0:
0000d4 2377          tst  r23
0000d5 f051          breq strncpy1
0000d6 957a          dec  r23
0000d7 9161          ld   r22,z+
0000d8 936d          st   x+,r22
0000d9 2366          tst  r22
0000da f7c9          brne strncpy0
                 strncpy2:
0000db 2377          tst  r23
0000dc f019          breq strncpy1
0000dd 957a          dec  r23
0000de 936d          st   x+,r22
0000df cffb          rjmp strncpy2
                 strncpy1:
0000e0 01fc          movw r30,r24
0000e1 9508          ret
                 ; .FEND
                 	#ifndef __SLEEP_DEFINED__
                 	#endif
                 
                 	.DSEG
                 
                 	.CSEG
                 __lcd_write_nibble_G101:
                 ; .FSTART __lcd_write_nibble_G101
0000e2 93aa      	ST   -Y,R26
0000e3 b3eb      	IN   R30,0x1B
0000e4 70ef      	ANDI R30,LOW(0xF)
0000e5 2fae      	MOV  R26,R30
0000e6 81e8      	LD   R30,Y
0000e7 7fe0      	ANDI R30,LOW(0xF0)
0000e8 2bea      	OR   R30,R26
0000e9 bbeb      	OUT  0x1B,R30
                +
0000ea e08d     +LDI R24 , LOW ( 13 )
                +__DELAY_USB_LOOP :
0000eb 958a     +DEC R24
0000ec f7f1     +BRNE __DELAY_USB_LOOP
                 	__DELAY_USB 13
0000ed 9ada      	SBI  0x1B,2
                +
0000ee e08d     +LDI R24 , LOW ( 13 )
                +__DELAY_USB_LOOP :
0000ef 958a     +DEC R24
0000f0 f7f1     +BRNE __DELAY_USB_LOOP
                 	__DELAY_USB 13
0000f1 98da      	CBI  0x1B,2
                +
0000f2 e08d     +LDI R24 , LOW ( 13 )
                +__DELAY_USB_LOOP :
0000f3 958a     +DEC R24
0000f4 f7f1     +BRNE __DELAY_USB_LOOP
                 	__DELAY_USB 13
0000f5 c072      	RJMP _0x2040001
                 ; .FEND
                 __lcd_write_data:
                 ; .FSTART __lcd_write_data
0000f6 93aa      	ST   -Y,R26
0000f7 81a8      	LD   R26,Y
0000f8 dfe9      	RCALL __lcd_write_nibble_G101
0000f9 81e8          ld    r30,y
0000fa 95e2          swap  r30
0000fb 83e8          st    y,r30
0000fc 81a8      	LD   R26,Y
0000fd dfe4      	RCALL __lcd_write_nibble_G101
                +
0000fe e885     +LDI R24 , LOW ( 133 )
                +__DELAY_USB_LOOP :
0000ff 958a     +DEC R24
000100 f7f1     +BRNE __DELAY_USB_LOOP
                 	__DELAY_USB 133
000101 c066      	RJMP _0x2040001
                 ; .FEND
                 _lcd_gotoxy:
                 ; .FSTART _lcd_gotoxy
000102 93aa      	ST   -Y,R26
000103 81e8      	LD   R30,Y
000104 e0f0      	LDI  R31,0
000105 5ae0      	SUBI R30,LOW(-__base_y_G101)
000106 4ffe      	SBCI R31,HIGH(-__base_y_G101)
000107 81e0      	LD   R30,Z
000108 81a9      	LDD  R26,Y+1
000109 0fae      	ADD  R26,R30
00010a dfeb      	RCALL __lcd_write_data
00010b 8059      	LDD  R5,Y+1
00010c 8048      	LDD  R4,Y+0
00010d 9622      	ADIW R28,2
00010e 9508      	RET
                 ; .FEND
                 _lcd_clear:
                 ; .FSTART _lcd_clear
00010f e0a2      	LDI  R26,LOW(2)
000110 d059      	RCALL SUBOPT_0x0
000111 e0ac      	LDI  R26,LOW(12)
000112 dfe3      	RCALL __lcd_write_data
000113 e0a1      	LDI  R26,LOW(1)
000114 d055      	RCALL SUBOPT_0x0
000115 e0e0      	LDI  R30,LOW(0)
000116 2e4e      	MOV  R4,R30
000117 2e5e      	MOV  R5,R30
000118 9508      	RET
                 ; .FEND
                 _lcd_putchar:
                 ; .FSTART _lcd_putchar
000119 93aa      	ST   -Y,R26
00011a 81a8      	LD   R26,Y
00011b 30aa      	CPI  R26,LOW(0xA)
00011c f011      	BREQ _0x2020005
00011d 1457      	CP   R5,R7
00011e f048      	BRLO _0x2020004
                 _0x2020005:
00011f e0e0      	LDI  R30,LOW(0)
000120 93ea      	ST   -Y,R30
000121 9443      	INC  R4
000122 2da4      	MOV  R26,R4
000123 dfde      	RCALL _lcd_gotoxy
000124 81a8      	LD   R26,Y
000125 30aa      	CPI  R26,LOW(0xA)
000126 f409      	BRNE _0x2020007
000127 c040      	RJMP _0x2040001
                 _0x2020007:
                 _0x2020004:
000128 9453      	INC  R5
000129 9ad8      	SBI  0x1B,0
00012a 81a8      	LD   R26,Y
00012b dfca      	RCALL __lcd_write_data
00012c 98d8      	CBI  0x1B,0
00012d c03a      	RJMP _0x2040001
                 ; .FEND
                 _lcd_puts:
                 ; .FSTART _lcd_puts
00012e 93ba      	ST   -Y,R27
00012f 93aa      	ST   -Y,R26
000130 931a      	ST   -Y,R17
                 _0x2020008:
000131 81a9      	LDD  R26,Y+1
000132 81ba      	LDD  R27,Y+1+1
000133 91ed      	LD   R30,X+
000134 83a9      	STD  Y+1,R26
000135 83ba      	STD  Y+1+1,R27
000136 2f1e      	MOV  R17,R30
000137 30e0      	CPI  R30,0
000138 f019      	BREQ _0x202000A
000139 2fa1      	MOV  R26,R17
00013a dfde      	RCALL _lcd_putchar
00013b cff5      	RJMP _0x2020008
                 _0x202000A:
00013c 8118      	LDD  R17,Y+0
00013d 9623      	ADIW R28,3
00013e 9508      	RET
                 ; .FEND
                 _lcd_init:
                 ; .FSTART _lcd_init
00013f 93aa      	ST   -Y,R26
000140 b3ea      	IN   R30,0x1A
000141 6fe0      	ORI  R30,LOW(0xF0)
000142 bbea      	OUT  0x1A,R30
000143 9ad2      	SBI  0x1A,2
000144 9ad0      	SBI  0x1A,0
000145 9ad1      	SBI  0x1A,1
000146 98da      	CBI  0x1B,2
000147 98d8      	CBI  0x1B,0
000148 98d9      	CBI  0x1B,1
000149 8078      	LDD  R7,Y+0
00014a 81e8      	LD   R30,Y
00014b 58e0      	SUBI R30,-LOW(128)
                +
00014c 93e0 0162+STS __base_y_G101 + ( 2 ) , R30
                 	__PUTB1MN __base_y_G101,2
00014e 81e8      	LD   R30,Y
00014f 54e0      	SUBI R30,-LOW(192)
                +
000150 93e0 0163+STS __base_y_G101 + ( 3 ) , R30
                 	__PUTB1MN __base_y_G101,3
000152 e1a4      	LDI  R26,LOW(20)
000153 e0b0      	LDI  R27,0
000154 940e 0176 	CALL _delay_ms
000156 d018      	RCALL SUBOPT_0x1
000157 d017      	RCALL SUBOPT_0x1
000158 d016      	RCALL SUBOPT_0x1
000159 e2a0      	LDI  R26,LOW(32)
00015a df87      	RCALL __lcd_write_nibble_G101
                +
00015b ec88     +LDI R24 , LOW ( 200 )
00015c e090     +LDI R25 , HIGH ( 200 )
                +__DELAY_USW_LOOP :
00015d 9701     +SBIW R24 , 1
00015e f7f1     +BRNE __DELAY_USW_LOOP
                 	__DELAY_USW 200
00015f e2a8      	LDI  R26,LOW(40)
000160 df95      	RCALL __lcd_write_data
000161 e0a4      	LDI  R26,LOW(4)
000162 df93      	RCALL __lcd_write_data
000163 e8a5      	LDI  R26,LOW(133)
000164 df91      	RCALL __lcd_write_data
000165 e0a6      	LDI  R26,LOW(6)
000166 df8f      	RCALL __lcd_write_data
000167 dfa7      	RCALL _lcd_clear
                 _0x2040001:
000168 9621      	ADIW R28,1
000169 9508      	RET
                 ; .FEND
                 
                 	.DSEG
                 __base_y_G101:
000160           	.BYTE 0x4
                 
                 	.CSEG
                 ;OPTIMIZER ADDED SUBROUTINE, CALLED 2 TIMES, CODE SIZE REDUCTION:1 WORDS
                 SUBOPT_0x0:
00016a df8b      	RCALL __lcd_write_data
00016b e0a3      	LDI  R26,LOW(3)
00016c e0b0      	LDI  R27,0
00016d 940c 0176 	JMP  _delay_ms
                 
                 ;OPTIMIZER ADDED SUBROUTINE, CALLED 3 TIMES, CODE SIZE REDUCTION:7 WORDS
                 SUBOPT_0x1:
00016f e3a0      	LDI  R26,LOW(48)
000170 df71      	RCALL __lcd_write_nibble_G101
                +
000171 ec88     +LDI R24 , LOW ( 200 )
000172 e090     +LDI R25 , HIGH ( 200 )
                +__DELAY_USW_LOOP :
000173 9701     +SBIW R24 , 1
000174 f7f1     +BRNE __DELAY_USW_LOOP
                 	__DELAY_USW 200
000175 9508      	RET
                 
                 
                 	.CSEG
                 _delay_ms:
000176 9610      	adiw r26,0
000177 f039      	breq __delay_ms1
                 __delay_ms0:
                +
000178 ed80     +LDI R24 , LOW ( 0x7D0 )
000179 e097     +LDI R25 , HIGH ( 0x7D0 )
                +__DELAY_USW_LOOP :
00017a 9701     +SBIW R24 , 1
00017b f7f1     +BRNE __DELAY_USW_LOOP
                 	__DELAY_USW 0x7D0
00017c 95a8      	wdr
00017d 9711      	sbiw r26,1
00017e f7c9      	brne __delay_ms0
                 __delay_ms1:
00017f 9508      	ret
                 
                 __INITLOCB:
                 __INITLOCW:
000180 0fac      	ADD  R26,R28
000181 1fbd      	ADC  R27,R29
                 __INITLOC0:
000182 9005      	LPM  R0,Z+
000183 920d      	ST   X+,R0
000184 958a      	DEC  R24
000185 f7e1      	BRNE __INITLOC0
000186 9508      	RET
                 
                 ;END OF CODE MARKER
                 __END_OF_CODE:


RESOURCE USE INFORMATION
------------------------

Notice:
The register and instruction counts are symbol table hit counts,
and hence implicitly used resources are not counted, eg, the
'lpm' instruction without operands implicitly uses r0 and z,
none of which are counted.

x,y,z are separate entities in the symbol table and are
counted separately from r26..r31 here.

.dseg memory usage only counts static data declared with .byte

ATmega16 register use summary:
r0 :   6 r1 :   1 r2 :   0 r3 :   0 r4 :   4 r5 :   4 r6 :   0 r7 :   2 
r8 :   0 r9 :   0 r10:   0 r11:   0 r12:   0 r13:   0 r14:   0 r15:   0 
r16:   7 r17:  10 r18:   0 r19:   0 r20:   0 r21:   0 r22:   8 r23:   5 
r24:  25 r25:   5 r26:  56 r27:  15 r28:  13 r29:   2 r30:  63 r31:  12 
x  :   8 y  :  48 z  :  10 
Registers used: 20 out of 35 (57.1%)

ATmega16 instruction use summary:
.lds  :   0 .lds.l:   0 .sts  :   0 .sts.l:   0 adc   :   2 add   :   3 
adiw  :  11 and   :   0 andi  :   2 asr   :   0 bclr  :   0 bld   :   0 
brbc  :   0 brbs  :   0 brcc  :   0 brcs  :   0 break :   0 breq  :   7 
brge  :   0 brhc  :   0 brhs  :   0 brid  :   0 brie  :   0 brlo  :   1 
brlt  :   0 brmi  :   0 brne  :  14 brpl  :   0 brsh  :   1 brtc  :   0 
brts  :   0 brvc  :   0 brvs  :   0 bset  :   0 bst   :   0 call  :  10 
cbi   :   5 cbr   :   0 clc   :   0 clh   :   0 cli   :   1 cln   :   0 
clr   :   4 cls   :   0 clt   :   0 clv   :   0 clz   :   0 com   :   0 
cp    :   2 cpc   :   1 cpi   :   3 cpse  :   0 dec   :   8 des   :   0 
eor   :   0 fmul  :   0 fmuls :   0 fmulsu:   0 icall :   0 ijmp  :   0 
in    :   2 inc   :   2 jmp   :  23 ld    :  21 ldd   :   9 ldi   :  57 
lds   :   0 lpm   :   8 lsl   :   0 lsr   :   0 mov   :   6 movw  :  10 
mul   :   0 muls  :   0 mulsu :   0 neg   :   0 nop   :   0 or    :   1 
ori   :   1 out   :  10 pop   :   0 push  :   0 rcall :  21 ret   :  10 
reti  :   0 rjmp  :  10 rol   :   0 ror   :   0 sbc   :   0 sbci  :   2 
sbi   :   5 sbic  :   0 sbis  :   0 sbiw  :   9 sbr   :   0 sbrc  :   0 
sbrs  :   0 sec   :   0 seh   :   0 sei   :   0 sen   :   0 ser   :   0 
ses   :   0 set   :   0 sev   :   0 sez   :   0 sleep :   0 spm   :   0 
st    :  26 std   :   2 sts   :   2 sub   :   0 subi  :   4 swap  :   1 
tst   :   4 wdr   :   1 
Instructions used: 41 out of 116 (35.3%)

ATmega16 memory use summary [bytes]:
Segment   Begin    End      Code   Data   Used    Size   Use%
---------------------------------------------------------------
[.cseg] 0x000000 0x00030e    714     68    782   16384   4.8%
[.dseg] 0x000060 0x000164      0      4      4    1024   0.4%
[.eseg] 0x000000 0x000000      0      0      0     512   0.0%

Assembly complete, 0 errors, 4 warnings
