
AVRASM ver. 2.1.30  C:\Users\KPS\Desktop\Az4_Jasem.Rahmani\codeVision\question2\Debug\List\source.asm Mon Oct 26 17:57:02 2020

C:\Users\KPS\Desktop\Az4_Jasem.Rahmani\codeVision\question2\Debug\List\source.asm(1088): warning: Register r4 already defined by the .DEF directive
C:\Users\KPS\Desktop\Az4_Jasem.Rahmani\codeVision\question2\Debug\List\source.asm(1089): warning: Register r5 already defined by the .DEF directive
C:\Users\KPS\Desktop\Az4_Jasem.Rahmani\codeVision\question2\Debug\List\source.asm(1090): warning: Register r7 already defined by the .DEF directive
C:\Users\KPS\Desktop\Az4_Jasem.Rahmani\codeVision\question2\Debug\List\source.asm(1091): warning: Register r6 already defined by the .DEF directive
C:\Users\KPS\Desktop\Az4_Jasem.Rahmani\codeVision\question2\Debug\List\source.asm(1092): warning: Register r9 already defined by the .DEF directive
                 
                 
                 ;CodeVisionAVR C Compiler V3.12 Advanced
                 ;(C) Copyright 1998-2014 Pavel Haiduc, HP InfoTech s.r.l.
                 ;http://www.hpinfotech.com
                 
                 ;Build configuration    : Debug
                 ;Chip type              : ATmega16
                 ;Program type           : Application
                 ;Clock frequency        : 8.000000 MHz
                 ;Memory model           : Small
                 ;Optimize for           : Size
                 ;(s)printf features     : int, width
                 ;(s)scanf features      : int, width
                 ;External RAM size      : 0
                 ;Data Stack size        : 256 byte(s)
                 ;Heap size              : 0 byte(s)
                 ;Promote 'char' to 'int': Yes
                 ;'char' is unsigned     : Yes
                 ;8 bit enums            : Yes
                 ;Global 'const' stored in FLASH: Yes
                 ;Enhanced function parameter passing: Yes
                 ;Enhanced core instructions: On
                 ;Automatic register allocation for global variables: On
                 ;Smart register allocation: On
                 
                 	#define _MODEL_SMALL_
                 
                 	#pragma AVRPART ADMIN PART_NAME ATmega16
                 	#pragma AVRPART MEMORY PROG_FLASH 16384
                 	#pragma AVRPART MEMORY EEPROM 512
                 	#pragma AVRPART MEMORY INT_SRAM SIZE 1024
                 	#pragma AVRPART MEMORY INT_SRAM START_ADDR 0x60
                 
                 	#define CALL_SUPPORTED 1
                 
                 	.LISTMAC
                 	.EQU UDRE=0x5
                 	.EQU RXC=0x7
                 	.EQU USR=0xB
                 	.EQU UDR=0xC
                 	.EQU SPSR=0xE
                 	.EQU SPDR=0xF
                 	.EQU EERE=0x0
                 	.EQU EEWE=0x1
                 	.EQU EEMWE=0x2
                 	.EQU EECR=0x1C
                 	.EQU EEDR=0x1D
                 	.EQU EEARL=0x1E
                 	.EQU EEARH=0x1F
                 	.EQU WDTCR=0x21
                 	.EQU MCUCR=0x35
                 	.EQU GICR=0x3B
                 	.EQU SPL=0x3D
                 	.EQU SPH=0x3E
                 	.EQU SREG=0x3F
                 
                 	.DEF R0X0=R0
                 	.DEF R0X1=R1
                 	.DEF R0X2=R2
                 	.DEF R0X3=R3
                 	.DEF R0X4=R4
                 	.DEF R0X5=R5
                 	.DEF R0X6=R6
                 	.DEF R0X7=R7
                 	.DEF R0X8=R8
                 	.DEF R0X9=R9
                 	.DEF R0XA=R10
                 	.DEF R0XB=R11
                 	.DEF R0XC=R12
                 	.DEF R0XD=R13
                 	.DEF R0XE=R14
                 	.DEF R0XF=R15
                 	.DEF R0X10=R16
                 	.DEF R0X11=R17
                 	.DEF R0X12=R18
                 	.DEF R0X13=R19
                 	.DEF R0X14=R20
                 	.DEF R0X15=R21
                 	.DEF R0X16=R22
                 	.DEF R0X17=R23
                 	.DEF R0X18=R24
                 	.DEF R0X19=R25
                 	.DEF R0X1A=R26
                 	.DEF R0X1B=R27
                 	.DEF R0X1C=R28
                 	.DEF R0X1D=R29
                 	.DEF R0X1E=R30
                 	.DEF R0X1F=R31
                 
                 	.EQU __SRAM_START=0x0060
                 	.EQU __SRAM_END=0x045F
                 	.EQU __DSTACK_SIZE=0x0100
                 	.EQU __HEAP_SIZE=0x0000
                 	.EQU __CLEAR_SRAM_SIZE=__SRAM_END-__SRAM_START+1
                 
                 	.MACRO __CPD1N
                 	CPI  R30,LOW(@0)
                 	LDI  R26,HIGH(@0)
                 	CPC  R31,R26
                 	LDI  R26,BYTE3(@0)
                 	CPC  R22,R26
                 	LDI  R26,BYTE4(@0)
                 	CPC  R23,R26
                 	.ENDM
                 
                 	.MACRO __CPD2N
                 	CPI  R26,LOW(@0)
                 	LDI  R30,HIGH(@0)
                 	CPC  R27,R30
                 	LDI  R30,BYTE3(@0)
                 	CPC  R24,R30
                 	LDI  R30,BYTE4(@0)
                 	CPC  R25,R30
                 	.ENDM
                 
                 	.MACRO __CPWRR
                 	CP   R@0,R@2
                 	CPC  R@1,R@3
                 	.ENDM
                 
                 	.MACRO __CPWRN
                 	CPI  R@0,LOW(@2)
                 	LDI  R30,HIGH(@2)
                 	CPC  R@1,R30
                 	.ENDM
                 
                 	.MACRO __ADDB1MN
                 	SUBI R30,LOW(-@0-(@1))
                 	.ENDM
                 
                 	.MACRO __ADDB2MN
                 	SUBI R26,LOW(-@0-(@1))
                 	.ENDM
                 
                 	.MACRO __ADDW1MN
                 	SUBI R30,LOW(-@0-(@1))
                 	SBCI R31,HIGH(-@0-(@1))
                 	.ENDM
                 
                 	.MACRO __ADDW2MN
                 	SUBI R26,LOW(-@0-(@1))
                 	SBCI R27,HIGH(-@0-(@1))
                 	.ENDM
                 
                 	.MACRO __ADDW1FN
                 	SUBI R30,LOW(-2*@0-(@1))
                 	SBCI R31,HIGH(-2*@0-(@1))
                 	.ENDM
                 
                 	.MACRO __ADDD1FN
                 	SUBI R30,LOW(-2*@0-(@1))
                 	SBCI R31,HIGH(-2*@0-(@1))
                 	SBCI R22,BYTE3(-2*@0-(@1))
                 	.ENDM
                 
                 	.MACRO __ADDD1N
                 	SUBI R30,LOW(-@0)
                 	SBCI R31,HIGH(-@0)
                 	SBCI R22,BYTE3(-@0)
                 	SBCI R23,BYTE4(-@0)
                 	.ENDM
                 
                 	.MACRO __ADDD2N
                 	SUBI R26,LOW(-@0)
                 	SBCI R27,HIGH(-@0)
                 	SBCI R24,BYTE3(-@0)
                 	SBCI R25,BYTE4(-@0)
                 	.ENDM
                 
                 	.MACRO __SUBD1N
                 	SUBI R30,LOW(@0)
                 	SBCI R31,HIGH(@0)
                 	SBCI R22,BYTE3(@0)
                 	SBCI R23,BYTE4(@0)
                 	.ENDM
                 
                 	.MACRO __SUBD2N
                 	SUBI R26,LOW(@0)
                 	SBCI R27,HIGH(@0)
                 	SBCI R24,BYTE3(@0)
                 	SBCI R25,BYTE4(@0)
                 	.ENDM
                 
                 	.MACRO __ANDBMNN
                 	LDS  R30,@0+(@1)
                 	ANDI R30,LOW(@2)
                 	STS  @0+(@1),R30
                 	.ENDM
                 
                 	.MACRO __ANDWMNN
                 	LDS  R30,@0+(@1)
                 	ANDI R30,LOW(@2)
                 	STS  @0+(@1),R30
                 	LDS  R30,@0+(@1)+1
                 	ANDI R30,HIGH(@2)
                 	STS  @0+(@1)+1,R30
                 	.ENDM
                 
                 	.MACRO __ANDD1N
                 	ANDI R30,LOW(@0)
                 	ANDI R31,HIGH(@0)
                 	ANDI R22,BYTE3(@0)
                 	ANDI R23,BYTE4(@0)
                 	.ENDM
                 
                 	.MACRO __ANDD2N
                 	ANDI R26,LOW(@0)
                 	ANDI R27,HIGH(@0)
                 	ANDI R24,BYTE3(@0)
                 	ANDI R25,BYTE4(@0)
                 	.ENDM
                 
                 	.MACRO __ORBMNN
                 	LDS  R30,@0+(@1)
                 	ORI  R30,LOW(@2)
                 	STS  @0+(@1),R30
                 	.ENDM
                 
                 	.MACRO __ORWMNN
                 	LDS  R30,@0+(@1)
                 	ORI  R30,LOW(@2)
                 	STS  @0+(@1),R30
                 	LDS  R30,@0+(@1)+1
                 	ORI  R30,HIGH(@2)
                 	STS  @0+(@1)+1,R30
                 	.ENDM
                 
                 	.MACRO __ORD1N
                 	ORI  R30,LOW(@0)
                 	ORI  R31,HIGH(@0)
                 	ORI  R22,BYTE3(@0)
                 	ORI  R23,BYTE4(@0)
                 	.ENDM
                 
                 	.MACRO __ORD2N
                 	ORI  R26,LOW(@0)
                 	ORI  R27,HIGH(@0)
                 	ORI  R24,BYTE3(@0)
                 	ORI  R25,BYTE4(@0)
                 	.ENDM
                 
                 	.MACRO __DELAY_USB
                 	LDI  R24,LOW(@0)
                 __DELAY_USB_LOOP:
                 	DEC  R24
                 	BRNE __DELAY_USB_LOOP
                 	.ENDM
                 
                 	.MACRO __DELAY_USW
                 	LDI  R24,LOW(@0)
                 	LDI  R25,HIGH(@0)
                 __DELAY_USW_LOOP:
                 	SBIW R24,1
                 	BRNE __DELAY_USW_LOOP
                 	.ENDM
                 
                 	.MACRO __GETD1S
                 	LDD  R30,Y+@0
                 	LDD  R31,Y+@0+1
                 	LDD  R22,Y+@0+2
                 	LDD  R23,Y+@0+3
                 	.ENDM
                 
                 	.MACRO __GETD2S
                 	LDD  R26,Y+@0
                 	LDD  R27,Y+@0+1
                 	LDD  R24,Y+@0+2
                 	LDD  R25,Y+@0+3
                 	.ENDM
                 
                 	.MACRO __PUTD1S
                 	STD  Y+@0,R30
                 	STD  Y+@0+1,R31
                 	STD  Y+@0+2,R22
                 	STD  Y+@0+3,R23
                 	.ENDM
                 
                 	.MACRO __PUTD2S
                 	STD  Y+@0,R26
                 	STD  Y+@0+1,R27
                 	STD  Y+@0+2,R24
                 	STD  Y+@0+3,R25
                 	.ENDM
                 
                 	.MACRO __PUTDZ2
                 	STD  Z+@0,R26
                 	STD  Z+@0+1,R27
                 	STD  Z+@0+2,R24
                 	STD  Z+@0+3,R25
                 	.ENDM
                 
                 	.MACRO __CLRD1S
                 	STD  Y+@0,R30
                 	STD  Y+@0+1,R30
                 	STD  Y+@0+2,R30
                 	STD  Y+@0+3,R30
                 	.ENDM
                 
                 	.MACRO __POINTB1MN
                 	LDI  R30,LOW(@0+(@1))
                 	.ENDM
                 
                 	.MACRO __POINTW1MN
                 	LDI  R30,LOW(@0+(@1))
                 	LDI  R31,HIGH(@0+(@1))
                 	.ENDM
                 
                 	.MACRO __POINTD1M
                 	LDI  R30,LOW(@0)
                 	LDI  R31,HIGH(@0)
                 	LDI  R22,BYTE3(@0)
                 	LDI  R23,BYTE4(@0)
                 	.ENDM
                 
                 	.MACRO __POINTW1FN
                 	LDI  R30,LOW(2*@0+(@1))
                 	LDI  R31,HIGH(2*@0+(@1))
                 	.ENDM
                 
                 	.MACRO __POINTD1FN
                 	LDI  R30,LOW(2*@0+(@1))
                 	LDI  R31,HIGH(2*@0+(@1))
                 	LDI  R22,BYTE3(2*@0+(@1))
                 	LDI  R23,BYTE4(2*@0+(@1))
                 	.ENDM
                 
                 	.MACRO __POINTB2MN
                 	LDI  R26,LOW(@0+(@1))
                 	.ENDM
                 
                 	.MACRO __POINTW2MN
                 	LDI  R26,LOW(@0+(@1))
                 	LDI  R27,HIGH(@0+(@1))
                 	.ENDM
                 
                 	.MACRO __POINTW2FN
                 	LDI  R26,LOW(2*@0+(@1))
                 	LDI  R27,HIGH(2*@0+(@1))
                 	.ENDM
                 
                 	.MACRO __POINTD2FN
                 	LDI  R26,LOW(2*@0+(@1))
                 	LDI  R27,HIGH(2*@0+(@1))
                 	LDI  R24,BYTE3(2*@0+(@1))
                 	LDI  R25,BYTE4(2*@0+(@1))
                 	.ENDM
                 
                 	.MACRO __POINTBRM
                 	LDI  R@0,LOW(@1)
                 	.ENDM
                 
                 	.MACRO __POINTWRM
                 	LDI  R@0,LOW(@2)
                 	LDI  R@1,HIGH(@2)
                 	.ENDM
                 
                 	.MACRO __POINTBRMN
                 	LDI  R@0,LOW(@1+(@2))
                 	.ENDM
                 
                 	.MACRO __POINTWRMN
                 	LDI  R@0,LOW(@2+(@3))
                 	LDI  R@1,HIGH(@2+(@3))
                 	.ENDM
                 
                 	.MACRO __POINTWRFN
                 	LDI  R@0,LOW(@2*2+(@3))
                 	LDI  R@1,HIGH(@2*2+(@3))
                 	.ENDM
                 
                 	.MACRO __GETD1N
                 	LDI  R30,LOW(@0)
                 	LDI  R31,HIGH(@0)
                 	LDI  R22,BYTE3(@0)
                 	LDI  R23,BYTE4(@0)
                 	.ENDM
                 
                 	.MACRO __GETD2N
                 	LDI  R26,LOW(@0)
                 	LDI  R27,HIGH(@0)
                 	LDI  R24,BYTE3(@0)
                 	LDI  R25,BYTE4(@0)
                 	.ENDM
                 
                 	.MACRO __GETB1MN
                 	LDS  R30,@0+(@1)
                 	.ENDM
                 
                 	.MACRO __GETB1HMN
                 	LDS  R31,@0+(@1)
                 	.ENDM
                 
                 	.MACRO __GETW1MN
                 	LDS  R30,@0+(@1)
                 	LDS  R31,@0+(@1)+1
                 	.ENDM
                 
                 	.MACRO __GETD1MN
                 	LDS  R30,@0+(@1)
                 	LDS  R31,@0+(@1)+1
                 	LDS  R22,@0+(@1)+2
                 	LDS  R23,@0+(@1)+3
                 	.ENDM
                 
                 	.MACRO __GETBRMN
                 	LDS  R@0,@1+(@2)
                 	.ENDM
                 
                 	.MACRO __GETWRMN
                 	LDS  R@0,@2+(@3)
                 	LDS  R@1,@2+(@3)+1
                 	.ENDM
                 
                 	.MACRO __GETWRZ
                 	LDD  R@0,Z+@2
                 	LDD  R@1,Z+@2+1
                 	.ENDM
                 
                 	.MACRO __GETD2Z
                 	LDD  R26,Z+@0
                 	LDD  R27,Z+@0+1
                 	LDD  R24,Z+@0+2
                 	LDD  R25,Z+@0+3
                 	.ENDM
                 
                 	.MACRO __GETB2MN
                 	LDS  R26,@0+(@1)
                 	.ENDM
                 
                 	.MACRO __GETW2MN
                 	LDS  R26,@0+(@1)
                 	LDS  R27,@0+(@1)+1
                 	.ENDM
                 
                 	.MACRO __GETD2MN
                 	LDS  R26,@0+(@1)
                 	LDS  R27,@0+(@1)+1
                 	LDS  R24,@0+(@1)+2
                 	LDS  R25,@0+(@1)+3
                 	.ENDM
                 
                 	.MACRO __PUTB1MN
                 	STS  @0+(@1),R30
                 	.ENDM
                 
                 	.MACRO __PUTW1MN
                 	STS  @0+(@1),R30
                 	STS  @0+(@1)+1,R31
                 	.ENDM
                 
                 	.MACRO __PUTD1MN
                 	STS  @0+(@1),R30
                 	STS  @0+(@1)+1,R31
                 	STS  @0+(@1)+2,R22
                 	STS  @0+(@1)+3,R23
                 	.ENDM
                 
                 	.MACRO __PUTB1EN
                 	LDI  R26,LOW(@0+(@1))
                 	LDI  R27,HIGH(@0+(@1))
                 	CALL __EEPROMWRB
                 	.ENDM
                 
                 	.MACRO __PUTW1EN
                 	LDI  R26,LOW(@0+(@1))
                 	LDI  R27,HIGH(@0+(@1))
                 	CALL __EEPROMWRW
                 	.ENDM
                 
                 	.MACRO __PUTD1EN
                 	LDI  R26,LOW(@0+(@1))
                 	LDI  R27,HIGH(@0+(@1))
                 	CALL __EEPROMWRD
                 	.ENDM
                 
                 	.MACRO __PUTBR0MN
                 	STS  @0+(@1),R0
                 	.ENDM
                 
                 	.MACRO __PUTBMRN
                 	STS  @0+(@1),R@2
                 	.ENDM
                 
                 	.MACRO __PUTWMRN
                 	STS  @0+(@1),R@2
                 	STS  @0+(@1)+1,R@3
                 	.ENDM
                 
                 	.MACRO __PUTBZR
                 	STD  Z+@1,R@0
                 	.ENDM
                 
                 	.MACRO __PUTWZR
                 	STD  Z+@2,R@0
                 	STD  Z+@2+1,R@1
                 	.ENDM
                 
                 	.MACRO __GETW1R
                 	MOV  R30,R@0
                 	MOV  R31,R@1
                 	.ENDM
                 
                 	.MACRO __GETW2R
                 	MOV  R26,R@0
                 	MOV  R27,R@1
                 	.ENDM
                 
                 	.MACRO __GETWRN
                 	LDI  R@0,LOW(@2)
                 	LDI  R@1,HIGH(@2)
                 	.ENDM
                 
                 	.MACRO __PUTW1R
                 	MOV  R@0,R30
                 	MOV  R@1,R31
                 	.ENDM
                 
                 	.MACRO __PUTW2R
                 	MOV  R@0,R26
                 	MOV  R@1,R27
                 	.ENDM
                 
                 	.MACRO __ADDWRN
                 	SUBI R@0,LOW(-@2)
                 	SBCI R@1,HIGH(-@2)
                 	.ENDM
                 
                 	.MACRO __ADDWRR
                 	ADD  R@0,R@2
                 	ADC  R@1,R@3
                 	.ENDM
                 
                 	.MACRO __SUBWRN
                 	SUBI R@0,LOW(@2)
                 	SBCI R@1,HIGH(@2)
                 	.ENDM
                 
                 	.MACRO __SUBWRR
                 	SUB  R@0,R@2
                 	SBC  R@1,R@3
                 	.ENDM
                 
                 	.MACRO __ANDWRN
                 	ANDI R@0,LOW(@2)
                 	ANDI R@1,HIGH(@2)
                 	.ENDM
                 
                 	.MACRO __ANDWRR
                 	AND  R@0,R@2
                 	AND  R@1,R@3
                 	.ENDM
                 
                 	.MACRO __ORWRN
                 	ORI  R@0,LOW(@2)
                 	ORI  R@1,HIGH(@2)
                 	.ENDM
                 
                 	.MACRO __ORWRR
                 	OR   R@0,R@2
                 	OR   R@1,R@3
                 	.ENDM
                 
                 	.MACRO __EORWRR
                 	EOR  R@0,R@2
                 	EOR  R@1,R@3
                 	.ENDM
                 
                 	.MACRO __GETWRS
                 	LDD  R@0,Y+@2
                 	LDD  R@1,Y+@2+1
                 	.ENDM
                 
                 	.MACRO __PUTBSR
                 	STD  Y+@1,R@0
                 	.ENDM
                 
                 	.MACRO __PUTWSR
                 	STD  Y+@2,R@0
                 	STD  Y+@2+1,R@1
                 	.ENDM
                 
                 	.MACRO __MOVEWRR
                 	MOV  R@0,R@2
                 	MOV  R@1,R@3
                 	.ENDM
                 
                 	.MACRO __INWR
                 	IN   R@0,@2
                 	IN   R@1,@2+1
                 	.ENDM
                 
                 	.MACRO __OUTWR
                 	OUT  @2+1,R@1
                 	OUT  @2,R@0
                 	.ENDM
                 
                 	.MACRO __CALL1MN
                 	LDS  R30,@0+(@1)
                 	LDS  R31,@0+(@1)+1
                 	ICALL
                 	.ENDM
                 
                 	.MACRO __CALL1FN
                 	LDI  R30,LOW(2*@0+(@1))
                 	LDI  R31,HIGH(2*@0+(@1))
                 	CALL __GETW1PF
                 	ICALL
                 	.ENDM
                 
                 	.MACRO __CALL2EN
                 	PUSH R26
                 	PUSH R27
                 	LDI  R26,LOW(@0+(@1))
                 	LDI  R27,HIGH(@0+(@1))
                 	CALL __EEPROMRDW
                 	POP  R27
                 	POP  R26
                 	ICALL
                 	.ENDM
                 
                 	.MACRO __CALL2EX
                 	SUBI R26,LOW(-@0)
                 	SBCI R27,HIGH(-@0)
                 	CALL __EEPROMRDD
                 	ICALL
                 	.ENDM
                 
                 	.MACRO __GETW1STACK
                 	IN   R30,SPL
                 	IN   R31,SPH
                 	ADIW R30,@0+1
                 	LD   R0,Z+
                 	LD   R31,Z
                 	MOV  R30,R0
                 	.ENDM
                 
                 	.MACRO __GETD1STACK
                 	IN   R30,SPL
                 	IN   R31,SPH
                 	ADIW R30,@0+1
                 	LD   R0,Z+
                 	LD   R1,Z+
                 	LD   R22,Z
                 	MOVW R30,R0
                 	.ENDM
                 
                 	.MACRO __NBST
                 	BST  R@0,@1
                 	IN   R30,SREG
                 	LDI  R31,0x40
                 	EOR  R30,R31
                 	OUT  SREG,R30
                 	.ENDM
                 
                 
                 	.MACRO __PUTB1SN
                 	LDD  R26,Y+@0
                 	LDD  R27,Y+@0+1
                 	SUBI R26,LOW(-@1)
                 	SBCI R27,HIGH(-@1)
                 	ST   X,R30
                 	.ENDM
                 
                 	.MACRO __PUTW1SN
                 	LDD  R26,Y+@0
                 	LDD  R27,Y+@0+1
                 	SUBI R26,LOW(-@1)
                 	SBCI R27,HIGH(-@1)
                 	ST   X+,R30
                 	ST   X,R31
                 	.ENDM
                 
                 	.MACRO __PUTD1SN
                 	LDD  R26,Y+@0
                 	LDD  R27,Y+@0+1
                 	SUBI R26,LOW(-@1)
                 	SBCI R27,HIGH(-@1)
                 	CALL __PUTDP1
                 	.ENDM
                 
                 	.MACRO __PUTB1SNS
                 	LDD  R26,Y+@0
                 	LDD  R27,Y+@0+1
                 	ADIW R26,@1
                 	ST   X,R30
                 	.ENDM
                 
                 	.MACRO __PUTW1SNS
                 	LDD  R26,Y+@0
                 	LDD  R27,Y+@0+1
                 	ADIW R26,@1
                 	ST   X+,R30
                 	ST   X,R31
                 	.ENDM
                 
                 	.MACRO __PUTD1SNS
                 	LDD  R26,Y+@0
                 	LDD  R27,Y+@0+1
                 	ADIW R26,@1
                 	CALL __PUTDP1
                 	.ENDM
                 
                 	.MACRO __PUTB1PMN
                 	LDS  R26,@0
                 	LDS  R27,@0+1
                 	SUBI R26,LOW(-@1)
                 	SBCI R27,HIGH(-@1)
                 	ST   X,R30
                 	.ENDM
                 
                 	.MACRO __PUTW1PMN
                 	LDS  R26,@0
                 	LDS  R27,@0+1
                 	SUBI R26,LOW(-@1)
                 	SBCI R27,HIGH(-@1)
                 	ST   X+,R30
                 	ST   X,R31
                 	.ENDM
                 
                 	.MACRO __PUTD1PMN
                 	LDS  R26,@0
                 	LDS  R27,@0+1
                 	SUBI R26,LOW(-@1)
                 	SBCI R27,HIGH(-@1)
                 	CALL __PUTDP1
                 	.ENDM
                 
                 	.MACRO __PUTB1PMNS
                 	LDS  R26,@0
                 	LDS  R27,@0+1
                 	ADIW R26,@1
                 	ST   X,R30
                 	.ENDM
                 
                 	.MACRO __PUTW1PMNS
                 	LDS  R26,@0
                 	LDS  R27,@0+1
                 	ADIW R26,@1
                 	ST   X+,R30
                 	ST   X,R31
                 	.ENDM
                 
                 	.MACRO __PUTD1PMNS
                 	LDS  R26,@0
                 	LDS  R27,@0+1
                 	ADIW R26,@1
                 	CALL __PUTDP1
                 	.ENDM
                 
                 	.MACRO __PUTB1RN
                 	MOVW R26,R@0
                 	SUBI R26,LOW(-@1)
                 	SBCI R27,HIGH(-@1)
                 	ST   X,R30
                 	.ENDM
                 
                 	.MACRO __PUTW1RN
                 	MOVW R26,R@0
                 	SUBI R26,LOW(-@1)
                 	SBCI R27,HIGH(-@1)
                 	ST   X+,R30
                 	ST   X,R31
                 	.ENDM
                 
                 	.MACRO __PUTD1RN
                 	MOVW R26,R@0
                 	SUBI R26,LOW(-@1)
                 	SBCI R27,HIGH(-@1)
                 	CALL __PUTDP1
                 	.ENDM
                 
                 	.MACRO __PUTB1RNS
                 	MOVW R26,R@0
                 	ADIW R26,@1
                 	ST   X,R30
                 	.ENDM
                 
                 	.MACRO __PUTW1RNS
                 	MOVW R26,R@0
                 	ADIW R26,@1
                 	ST   X+,R30
                 	ST   X,R31
                 	.ENDM
                 
                 	.MACRO __PUTD1RNS
                 	MOVW R26,R@0
                 	ADIW R26,@1
                 	CALL __PUTDP1
                 	.ENDM
                 
                 	.MACRO __PUTB1RON
                 	MOV  R26,R@0
                 	MOV  R27,R@1
                 	SUBI R26,LOW(-@2)
                 	SBCI R27,HIGH(-@2)
                 	ST   X,R30
                 	.ENDM
                 
                 	.MACRO __PUTW1RON
                 	MOV  R26,R@0
                 	MOV  R27,R@1
                 	SUBI R26,LOW(-@2)
                 	SBCI R27,HIGH(-@2)
                 	ST   X+,R30
                 	ST   X,R31
                 	.ENDM
                 
                 	.MACRO __PUTD1RON
                 	MOV  R26,R@0
                 	MOV  R27,R@1
                 	SUBI R26,LOW(-@2)
                 	SBCI R27,HIGH(-@2)
                 	CALL __PUTDP1
                 	.ENDM
                 
                 	.MACRO __PUTB1RONS
                 	MOV  R26,R@0
                 	MOV  R27,R@1
                 	ADIW R26,@2
                 	ST   X,R30
                 	.ENDM
                 
                 	.MACRO __PUTW1RONS
                 	MOV  R26,R@0
                 	MOV  R27,R@1
                 	ADIW R26,@2
                 	ST   X+,R30
                 	ST   X,R31
                 	.ENDM
                 
                 	.MACRO __PUTD1RONS
                 	MOV  R26,R@0
                 	MOV  R27,R@1
                 	ADIW R26,@2
                 	CALL __PUTDP1
                 	.ENDM
                 
                 
                 	.MACRO __GETB1SX
                 	MOVW R30,R28
                 	SUBI R30,LOW(-@0)
                 	SBCI R31,HIGH(-@0)
                 	LD   R30,Z
                 	.ENDM
                 
                 	.MACRO __GETB1HSX
                 	MOVW R30,R28
                 	SUBI R30,LOW(-@0)
                 	SBCI R31,HIGH(-@0)
                 	LD   R31,Z
                 	.ENDM
                 
                 	.MACRO __GETW1SX
                 	MOVW R30,R28
                 	SUBI R30,LOW(-@0)
                 	SBCI R31,HIGH(-@0)
                 	LD   R0,Z+
                 	LD   R31,Z
                 	MOV  R30,R0
                 	.ENDM
                 
                 	.MACRO __GETD1SX
                 	MOVW R30,R28
                 	SUBI R30,LOW(-@0)
                 	SBCI R31,HIGH(-@0)
                 	LD   R0,Z+
                 	LD   R1,Z+
                 	LD   R22,Z+
                 	LD   R23,Z
                 	MOVW R30,R0
                 	.ENDM
                 
                 	.MACRO __GETB2SX
                 	MOVW R26,R28
                 	SUBI R26,LOW(-@0)
                 	SBCI R27,HIGH(-@0)
                 	LD   R26,X
                 	.ENDM
                 
                 	.MACRO __GETW2SX
                 	MOVW R26,R28
                 	SUBI R26,LOW(-@0)
                 	SBCI R27,HIGH(-@0)
                 	LD   R0,X+
                 	LD   R27,X
                 	MOV  R26,R0
                 	.ENDM
                 
                 	.MACRO __GETD2SX
                 	MOVW R26,R28
                 	SUBI R26,LOW(-@0)
                 	SBCI R27,HIGH(-@0)
                 	LD   R0,X+
                 	LD   R1,X+
                 	LD   R24,X+
                 	LD   R25,X
                 	MOVW R26,R0
                 	.ENDM
                 
                 	.MACRO __GETBRSX
                 	MOVW R30,R28
                 	SUBI R30,LOW(-@1)
                 	SBCI R31,HIGH(-@1)
                 	LD   R@0,Z
                 	.ENDM
                 
                 	.MACRO __GETWRSX
                 	MOVW R30,R28
                 	SUBI R30,LOW(-@2)
                 	SBCI R31,HIGH(-@2)
                 	LD   R@0,Z+
                 	LD   R@1,Z
                 	.ENDM
                 
                 	.MACRO __GETBRSX2
                 	MOVW R26,R28
                 	SUBI R26,LOW(-@1)
                 	SBCI R27,HIGH(-@1)
                 	LD   R@0,X
                 	.ENDM
                 
                 	.MACRO __GETWRSX2
                 	MOVW R26,R28
                 	SUBI R26,LOW(-@2)
                 	SBCI R27,HIGH(-@2)
                 	LD   R@0,X+
                 	LD   R@1,X
                 	.ENDM
                 
                 	.MACRO __LSLW8SX
                 	MOVW R30,R28
                 	SUBI R30,LOW(-@0)
                 	SBCI R31,HIGH(-@0)
                 	LD   R31,Z
                 	CLR  R30
                 	.ENDM
                 
                 	.MACRO __PUTB1SX
                 	MOVW R26,R28
                 	SUBI R26,LOW(-@0)
                 	SBCI R27,HIGH(-@0)
                 	ST   X,R30
                 	.ENDM
                 
                 	.MACRO __PUTW1SX
                 	MOVW R26,R28
                 	SUBI R26,LOW(-@0)
                 	SBCI R27,HIGH(-@0)
                 	ST   X+,R30
                 	ST   X,R31
                 	.ENDM
                 
                 	.MACRO __PUTD1SX
                 	MOVW R26,R28
                 	SUBI R26,LOW(-@0)
                 	SBCI R27,HIGH(-@0)
                 	ST   X+,R30
                 	ST   X+,R31
                 	ST   X+,R22
                 	ST   X,R23
                 	.ENDM
                 
                 	.MACRO __CLRW1SX
                 	MOVW R26,R28
                 	SUBI R26,LOW(-@0)
                 	SBCI R27,HIGH(-@0)
                 	ST   X+,R30
                 	ST   X,R30
                 	.ENDM
                 
                 	.MACRO __CLRD1SX
                 	MOVW R26,R28
                 	SUBI R26,LOW(-@0)
                 	SBCI R27,HIGH(-@0)
                 	ST   X+,R30
                 	ST   X+,R30
                 	ST   X+,R30
                 	ST   X,R30
                 	.ENDM
                 
                 	.MACRO __PUTB2SX
                 	MOVW R30,R28
                 	SUBI R30,LOW(-@0)
                 	SBCI R31,HIGH(-@0)
                 	ST   Z,R26
                 	.ENDM
                 
                 	.MACRO __PUTW2SX
                 	MOVW R30,R28
                 	SUBI R30,LOW(-@0)
                 	SBCI R31,HIGH(-@0)
                 	ST   Z+,R26
                 	ST   Z,R27
                 	.ENDM
                 
                 	.MACRO __PUTD2SX
                 	MOVW R30,R28
                 	SUBI R30,LOW(-@0)
                 	SBCI R31,HIGH(-@0)
                 	ST   Z+,R26
                 	ST   Z+,R27
                 	ST   Z+,R24
                 	ST   Z,R25
                 	.ENDM
                 
                 	.MACRO __PUTBSRX
                 	MOVW R30,R28
                 	SUBI R30,LOW(-@1)
                 	SBCI R31,HIGH(-@1)
                 	ST   Z,R@0
                 	.ENDM
                 
                 	.MACRO __PUTWSRX
                 	MOVW R30,R28
                 	SUBI R30,LOW(-@2)
                 	SBCI R31,HIGH(-@2)
                 	ST   Z+,R@0
                 	ST   Z,R@1
                 	.ENDM
                 
                 	.MACRO __PUTB1SNX
                 	MOVW R26,R28
                 	SUBI R26,LOW(-@0)
                 	SBCI R27,HIGH(-@0)
                 	LD   R0,X+
                 	LD   R27,X
                 	MOV  R26,R0
                 	SUBI R26,LOW(-@1)
                 	SBCI R27,HIGH(-@1)
                 	ST   X,R30
                 	.ENDM
                 
                 	.MACRO __PUTW1SNX
                 	MOVW R26,R28
                 	SUBI R26,LOW(-@0)
                 	SBCI R27,HIGH(-@0)
                 	LD   R0,X+
                 	LD   R27,X
                 	MOV  R26,R0
                 	SUBI R26,LOW(-@1)
                 	SBCI R27,HIGH(-@1)
                 	ST   X+,R30
                 	ST   X,R31
                 	.ENDM
                 
                 	.MACRO __PUTD1SNX
                 	MOVW R26,R28
                 	SUBI R26,LOW(-@0)
                 	SBCI R27,HIGH(-@0)
                 	LD   R0,X+
                 	LD   R27,X
                 	MOV  R26,R0
                 	SUBI R26,LOW(-@1)
                 	SBCI R27,HIGH(-@1)
                 	ST   X+,R30
                 	ST   X+,R31
                 	ST   X+,R22
                 	ST   X,R23
                 	.ENDM
                 
                 	.MACRO __MULBRR
                 	MULS R@0,R@1
                 	MOVW R30,R0
                 	.ENDM
                 
                 	.MACRO __MULBRRU
                 	MUL  R@0,R@1
                 	MOVW R30,R0
                 	.ENDM
                 
                 	.MACRO __MULBRR0
                 	MULS R@0,R@1
                 	.ENDM
                 
                 	.MACRO __MULBRRU0
                 	MUL  R@0,R@1
                 	.ENDM
                 
                 	.MACRO __MULBNWRU
                 	LDI  R26,@2
                 	MUL  R26,R@0
                 	MOVW R30,R0
                 	MUL  R26,R@1
                 	ADD  R31,R0
                 	.ENDM
                 
                 ;NAME DEFINITIONS FOR GLOBAL VARIABLES ALLOCATED TO REGISTERS
                 	.DEF _CE=R4
                 	.DEF _CE_msb=R5
                 	.DEF __lcd_x=R7
                 	.DEF __lcd_y=R6
                 	.DEF __lcd_maxx=R9
                 
                 	.CSEG
                 	.ORG 0x00
                 
                 ;START OF CODE MARKER
                 __START_OF_CODE:
                 
                 ;INTERRUPT VECTORS
000000 940c 0046 	JMP  __RESET
000002 940c 0073 	JMP  _ext_int0_isr
000004 940c 0000 	JMP  0x00
000006 940c 0000 	JMP  0x00
000008 940c 0000 	JMP  0x00
00000a 940c 0000 	JMP  0x00
00000c 940c 0000 	JMP  0x00
00000e 940c 0000 	JMP  0x00
000010 940c 0000 	JMP  0x00
000012 940c 0000 	JMP  0x00
000014 940c 0000 	JMP  0x00
000016 940c 0000 	JMP  0x00
000018 940c 0000 	JMP  0x00
00001a 940c 0000 	JMP  0x00
00001c 940c 0000 	JMP  0x00
00001e 940c 0000 	JMP  0x00
000020 940c 0000 	JMP  0x00
000022 940c 0000 	JMP  0x00
000024 940c 007f 	JMP  _ext_int2_isr
000026 940c 0000 	JMP  0x00
000028 940c 0000 	JMP  0x00
                 
                 _tbl10_G101:
00002a 2710
00002b 03e8
00002c 0064
00002d 000a      	.DB  0x10,0x27,0xE8,0x3,0x64,0x0,0xA,0x0
00002e 0001      	.DB  0x1,0x0
                 _tbl16_G101:
00002f 1000
000030 0100
000031 0010
000032 0001      	.DB  0x0,0x10,0x0,0x1,0x10,0x0,0x1,0x0
                 
                 ;GLOBAL REGISTER VARIABLES INITIALIZATION
                 __REG_VARS:
000033 03e8      	.DB  0xE8,0x3
                 
                 _0x0:
000034 4543
000035 253a
000036 3030
000037 6432      	.DB  0x43,0x45,0x3A,0x25,0x30,0x30,0x32,0x64
000038 6600
000039 6c75
00003a 006c      	.DB  0x0,0x66,0x75,0x6C,0x6C,0x0
                 _0x2000003:
00003b c080      	.DB  0x80,0xC0
                 
                 __GLOBAL_INI_TBL:
00003c 0002      	.DW  0x02
00003d 0004      	.DW  0x04
00003e 0066      	.DW  __REG_VARS*2
                 
00003f 0005      	.DW  0x05
000040 0160      	.DW  _0x4
000041 0071      	.DW  _0x0*2+9
                 
000042 0002      	.DW  0x02
000043 0179      	.DW  __base_y_G100
000044 0076      	.DW  _0x2000003*2
                 
                 _0xFFFFFFFF:
000045 0000      	.DW  0
                 
                 #define __GLOBAL_INI_TBL_PRESENT 1
                 
                 __RESET:
000046 94f8      	CLI
000047 27ee      	CLR  R30
000048 bbec      	OUT  EECR,R30
                 
                 ;INTERRUPT VECTORS ARE PLACED
                 ;AT THE START OF FLASH
000049 e0f1      	LDI  R31,1
00004a bffb      	OUT  GICR,R31
00004b bfeb      	OUT  GICR,R30
00004c bfe5      	OUT  MCUCR,R30
                 
                 ;CLEAR R2-R14
00004d e08d      	LDI  R24,(14-2)+1
00004e e0a2      	LDI  R26,2
00004f 27bb      	CLR  R27
                 __CLEAR_REG:
000050 93ed      	ST   X+,R30
000051 958a      	DEC  R24
000052 f7e9      	BRNE __CLEAR_REG
                 
                 ;CLEAR SRAM
000053 e080      	LDI  R24,LOW(__CLEAR_SRAM_SIZE)
000054 e094      	LDI  R25,HIGH(__CLEAR_SRAM_SIZE)
000055 e6a0      	LDI  R26,__SRAM_START
                 __CLEAR_SRAM:
000056 93ed      	ST   X+,R30
000057 9701      	SBIW R24,1
000058 f7e9      	BRNE __CLEAR_SRAM
                 
                 ;GLOBAL VARIABLES INITIALIZATION
000059 e7e8      	LDI  R30,LOW(__GLOBAL_INI_TBL*2)
00005a e0f0      	LDI  R31,HIGH(__GLOBAL_INI_TBL*2)
                 __GLOBAL_INI_NEXT:
00005b 9185      	LPM  R24,Z+
00005c 9195      	LPM  R25,Z+
00005d 9700      	SBIW R24,0
00005e f061      	BREQ __GLOBAL_INI_END
00005f 91a5      	LPM  R26,Z+
000060 91b5      	LPM  R27,Z+
000061 9005      	LPM  R0,Z+
000062 9015      	LPM  R1,Z+
000063 01bf      	MOVW R22,R30
000064 01f0      	MOVW R30,R0
                 __GLOBAL_INI_LOOP:
000065 9005      	LPM  R0,Z+
000066 920d      	ST   X+,R0
000067 9701      	SBIW R24,1
000068 f7e1      	BRNE __GLOBAL_INI_LOOP
000069 01fb      	MOVW R30,R22
00006a cff0      	RJMP __GLOBAL_INI_NEXT
                 __GLOBAL_INI_END:
                 
                 ;HARDWARE STACK POINTER INITIALIZATION
00006b e5ef      	LDI  R30,LOW(__SRAM_END-__HEAP_SIZE)
00006c bfed      	OUT  SPL,R30
00006d e0e4      	LDI  R30,HIGH(__SRAM_END-__HEAP_SIZE)
00006e bfee      	OUT  SPH,R30
                 
                 ;DATA STACK POINTER INITIALIZATION
00006f e6c0      	LDI  R28,LOW(__SRAM_START+__DSTACK_SIZE)
000070 e0d1      	LDI  R29,HIGH(__SRAM_START+__DSTACK_SIZE)
                 
000071 940c 00a6 	JMP  _main
                 
                 	.ESEG
                 	.ORG 0
                 
                 	.DSEG
                 	.ORG 0x160
                 
                 	.CSEG
                 ;/*******************************************************
                 ;This program was created by the
                 ;CodeWizardAVR V3.12 Advanced
                 ;Automatic Program Generator
                 ;© Copyright 1998-2014 Pavel Haiduc, HP InfoTech s.r.l.
                 ;http://www.hpinfotech.com
                 ;
                 ;Project :
                 ;Version :
                 ;Date    : 10/25/2020
                 ;Author  :
                 ;Company :
                 ;Comments:
                 ;
                 ;
                 ;Chip type               : ATmega16
                 ;Program type            : Application
                 ;AVR Core Clock frequency: 8.000000 MHz
                 ;Memory model            : Small
                 ;External RAM size       : 0
                 ;Data Stack size         : 256
                 ;*******************************************************/
                 ;
                 ;#include <mega16.h>
                 	#ifndef __SLEEP_DEFINED__
                 	#define __SLEEP_DEFINED__
                 	.EQU __se_bit=0x40
                 	.EQU __sm_mask=0xB0
                 	.EQU __sm_powerdown=0x20
                 	.EQU __sm_powersave=0x30
                 	.EQU __sm_standby=0xA0
                 	.EQU __sm_ext_standby=0xB0
                 	.EQU __sm_adc_noise_red=0x10
                 	.SET power_ctrl_reg=mcucr
                 	#endif
                 ;#include <alcd.h>
                 ;#include <stdio.h>
                 ;#include <delay.h>
                 ;int CE=1000;
                 ;char str2[20];
                 ;// Declare your global variables here
                 ;
                 ;// External Interrupt 0 service routine
                 ;interrupt [EXT_INT0] void ext_int0_isr(void)
                 ; 0000 0022 {
                 
                 	.CSEG
                 _ext_int0_isr:
                 ; .FSTART _ext_int0_isr
000073 940e 032a 	CALL SUBOPT_0x0
                 ; 0000 0023 
                 ; 0000 0024     lcd_clear();
                 ; 0000 0025     CE=CE+1;
000075 01f2      	MOVW R30,R4
000076 9631      	ADIW R30,1
000077 012f      	MOVW R4,R30
                 ; 0000 0026     delay_ms(5);
000078 e0a5      	LDI  R26,LOW(5)
000079 e0b0      	LDI  R27,0
00007a 940e 038d 	CALL _delay_ms
                 ; 0000 0027     lcd_gotoxy(0,1);
00007c 940e 0339 	CALL SUBOPT_0x1
                 ; 0000 0028     sprintf(str2,"CE:%002d",CE);
                 ; 0000 0029     lcd_puts(str2);
                 ; 0000 002A 
                 ; 0000 002B }
00007e c019      	RJMP _0x9
                 ; .FEND
                 ;
                 ;// External Interrupt 2 service routine
                 ;interrupt [EXT_INT2] void ext_int2_isr(void)
                 ; 0000 002F {
                 _ext_int2_isr:
                 ; .FSTART _ext_int2_isr
00007f 940e 032a 	CALL SUBOPT_0x0
                 ; 0000 0030 
                 ; 0000 0031     lcd_clear();
                 ; 0000 0032     delay_ms(5);
000081 e0a5      	LDI  R26,LOW(5)
000082 e0b0      	LDI  R27,0
000083 940e 038d 	CALL _delay_ms
                 ; 0000 0033     CE=CE-1;
000085 01f2      	MOVW R30,R4
000086 9731      	SBIW R30,1
000087 012f      	MOVW R4,R30
                 ; 0000 0034     lcd_gotoxy(0,1);
000088 940e 0339 	CALL SUBOPT_0x1
                 ; 0000 0035     sprintf(str2,"CE:%002d",CE);
                 ; 0000 0036     lcd_puts(str2);
                 ; 0000 0037 
                 ; 0000 0038     if(CE==0)
00008a 2c04      	MOV  R0,R4
00008b 2805      	OR   R0,R5
00008c f459      	BRNE _0x3
                 ; 0000 0039     {
                 ; 0000 003A         lcd_clear();
00008d d07b      	RCALL _lcd_clear
                 ; 0000 003B         lcd_gotoxy(0,1);
00008e e0e0      	LDI  R30,LOW(0)
00008f 93ea      	ST   -Y,R30
000090 e0a1      	LDI  R26,LOW(1)
000091 d06a      	RCALL _lcd_gotoxy
                 ; 0000 003C         lcd_puts("full");
                +
000092 e6a0     +LDI R26 , LOW ( _0x4 + ( 0 ) )
000093 e0b1     +LDI R27 , HIGH ( _0x4 + ( 0 ) )
                 	__POINTW2MN _0x4,0
000094 d095      	RCALL _lcd_puts
                 ; 0000 003D         CE=1000;
000095 eee8      	LDI  R30,LOW(1000)
000096 e0f3      	LDI  R31,HIGH(1000)
000097 012f      	MOVW R4,R30
                 ; 0000 003E     }
                 ; 0000 003F }
                 _0x3:
                 _0x9:
000098 91e9      	LD   R30,Y+
000099 bfef      	OUT  SREG,R30
00009a 91f9      	LD   R31,Y+
00009b 91e9      	LD   R30,Y+
00009c 91b9      	LD   R27,Y+
00009d 91a9      	LD   R26,Y+
00009e 9199      	LD   R25,Y+
00009f 9189      	LD   R24,Y+
0000a0 9179      	LD   R23,Y+
0000a1 9169      	LD   R22,Y+
0000a2 90f9      	LD   R15,Y+
0000a3 9019      	LD   R1,Y+
0000a4 9009      	LD   R0,Y+
0000a5 9518      	RETI
                 ; .FEND
                 
                 	.DSEG
                 _0x4:
000160           	.BYTE 0x5
                 ;
                 ;void main(void)
                 ; 0000 0042 {
                 
                 	.CSEG
                 _main:
                 ; .FSTART _main
                 ; 0000 0043 // Declare your local variables here
                 ; 0000 0044 
                 ; 0000 0045 // Input/Output Ports initialization
                 ; 0000 0046 // Port A initialization
                 ; 0000 0047 // Function: Bit7=In Bit6=In Bit5=In Bit4=In Bit3=In Bit2=In Bit1=In Bit0=In
                 ; 0000 0048 DDRA=(0<<DDA7) | (0<<DDA6) | (0<<DDA5) | (0<<DDA4) | (0<<DDA3) | (0<<DDA2) | (0<<DDA1) | (0<<DDA0);
0000a6 e0e0      	LDI  R30,LOW(0)
0000a7 bbea      	OUT  0x1A,R30
                 ; 0000 0049 // State: Bit7=T Bit6=T Bit5=T Bit4=T Bit3=T Bit2=T Bit1=T Bit0=T
                 ; 0000 004A PORTA=(0<<PORTA7) | (0<<PORTA6) | (0<<PORTA5) | (0<<PORTA4) | (0<<PORTA3) | (0<<PORTA2) | (0<<PORTA1) | (0<<PORTA0);
0000a8 bbeb      	OUT  0x1B,R30
                 ; 0000 004B 
                 ; 0000 004C // Port B initialization
                 ; 0000 004D // Function: Bit7=In Bit6=In Bit5=In Bit4=In Bit3=In Bit2=In Bit1=In Bit0=In
                 ; 0000 004E DDRB=(0<<DDB7) | (0<<DDB6) | (0<<DDB5) | (0<<DDB4) | (0<<DDB3) | (0<<DDB2) | (0<<DDB1) | (0<<DDB0);
0000a9 bbe7      	OUT  0x17,R30
                 ; 0000 004F // State: Bit7=T Bit6=T Bit5=T Bit4=T Bit3=T Bit2=T Bit1=T Bit0=T
                 ; 0000 0050 PORTB=(0<<PORTB7) | (0<<PORTB6) | (0<<PORTB5) | (0<<PORTB4) | (0<<PORTB3) | (0<<PORTB2) | (0<<PORTB1) | (0<<PORTB0);
0000aa bbe8      	OUT  0x18,R30
                 ; 0000 0051 
                 ; 0000 0052 // Port C initialization
                 ; 0000 0053 // Function: Bit7=Out Bit6=Out Bit5=Out Bit4=Out Bit3=Out Bit2=Out Bit1=Out Bit0=Out
                 ; 0000 0054 DDRC=(1<<DDC7) | (1<<DDC6) | (1<<DDC5) | (1<<DDC4) | (1<<DDC3) | (1<<DDC2) | (1<<DDC1) | (1<<DDC0);
0000ab efef      	LDI  R30,LOW(255)
0000ac bbe4      	OUT  0x14,R30
                 ; 0000 0055 // State: Bit7=0 Bit6=0 Bit5=0 Bit4=0 Bit3=0 Bit2=0 Bit1=0 Bit0=0
                 ; 0000 0056 PORTC=(0<<PORTC7) | (0<<PORTC6) | (0<<PORTC5) | (0<<PORTC4) | (0<<PORTC3) | (0<<PORTC2) | (0<<PORTC1) | (0<<PORTC0);
0000ad e0e0      	LDI  R30,LOW(0)
0000ae bbe5      	OUT  0x15,R30
                 ; 0000 0057 
                 ; 0000 0058 // Port D initialization
                 ; 0000 0059 // Function: Bit7=In Bit6=In Bit5=In Bit4=In Bit3=In Bit2=In Bit1=In Bit0=In
                 ; 0000 005A DDRD=(0<<DDD7) | (0<<DDD6) | (0<<DDD5) | (0<<DDD4) | (0<<DDD3) | (0<<DDD2) | (0<<DDD1) | (0<<DDD0);
0000af bbe1      	OUT  0x11,R30
                 ; 0000 005B // State: Bit7=T Bit6=T Bit5=T Bit4=T Bit3=T Bit2=T Bit1=T Bit0=T
                 ; 0000 005C PORTD=(0<<PORTD7) | (0<<PORTD6) | (0<<PORTD5) | (0<<PORTD4) | (0<<PORTD3) | (0<<PORTD2) | (0<<PORTD1) | (0<<PORTD0);
0000b0 bbe2      	OUT  0x12,R30
                 ; 0000 005D 
                 ; 0000 005E // Timer/Counter 0 initialization
                 ; 0000 005F // Clock source: System Clock
                 ; 0000 0060 // Clock value: Timer 0 Stopped
                 ; 0000 0061 // Mode: Normal top=0xFF
                 ; 0000 0062 // OC0 output: Disconnected
                 ; 0000 0063 TCCR0=(0<<WGM00) | (0<<COM01) | (0<<COM00) | (0<<WGM01) | (0<<CS02) | (0<<CS01) | (0<<CS00);
0000b1 bfe3      	OUT  0x33,R30
                 ; 0000 0064 TCNT0=0x00;
0000b2 bfe2      	OUT  0x32,R30
                 ; 0000 0065 OCR0=0x00;
0000b3 bfec      	OUT  0x3C,R30
                 ; 0000 0066 
                 ; 0000 0067 // Timer/Counter 1 initialization
                 ; 0000 0068 // Clock source: System Clock
                 ; 0000 0069 // Clock value: Timer1 Stopped
                 ; 0000 006A // Mode: Normal top=0xFFFF
                 ; 0000 006B // OC1A output: Disconnected
                 ; 0000 006C // OC1B output: Disconnected
                 ; 0000 006D // Noise Canceler: Off
                 ; 0000 006E // Input Capture on Falling Edge
                 ; 0000 006F // Timer1 Overflow Interrupt: Off
                 ; 0000 0070 // Input Capture Interrupt: Off
                 ; 0000 0071 // Compare A Match Interrupt: Off
                 ; 0000 0072 // Compare B Match Interrupt: Off
                 ; 0000 0073 TCCR1A=(0<<COM1A1) | (0<<COM1A0) | (0<<COM1B1) | (0<<COM1B0) | (0<<WGM11) | (0<<WGM10);
0000b4 bdef      	OUT  0x2F,R30
                 ; 0000 0074 TCCR1B=(0<<ICNC1) | (0<<ICES1) | (0<<WGM13) | (0<<WGM12) | (0<<CS12) | (0<<CS11) | (0<<CS10);
0000b5 bdee      	OUT  0x2E,R30
                 ; 0000 0075 TCNT1H=0x00;
0000b6 bded      	OUT  0x2D,R30
                 ; 0000 0076 TCNT1L=0x00;
0000b7 bdec      	OUT  0x2C,R30
                 ; 0000 0077 ICR1H=0x00;
0000b8 bde7      	OUT  0x27,R30
                 ; 0000 0078 ICR1L=0x00;
0000b9 bde6      	OUT  0x26,R30
                 ; 0000 0079 OCR1AH=0x00;
0000ba bdeb      	OUT  0x2B,R30
                 ; 0000 007A OCR1AL=0x00;
0000bb bdea      	OUT  0x2A,R30
                 ; 0000 007B OCR1BH=0x00;
0000bc bde9      	OUT  0x29,R30
                 ; 0000 007C OCR1BL=0x00;
0000bd bde8      	OUT  0x28,R30
                 ; 0000 007D 
                 ; 0000 007E // Timer/Counter 2 initialization
                 ; 0000 007F // Clock source: System Clock
                 ; 0000 0080 // Clock value: Timer2 Stopped
                 ; 0000 0081 // Mode: Normal top=0xFF
                 ; 0000 0082 // OC2 output: Disconnected
                 ; 0000 0083 ASSR=0<<AS2;
0000be bde2      	OUT  0x22,R30
                 ; 0000 0084 TCCR2=(0<<PWM2) | (0<<COM21) | (0<<COM20) | (0<<CTC2) | (0<<CS22) | (0<<CS21) | (0<<CS20);
0000bf bde5      	OUT  0x25,R30
                 ; 0000 0085 TCNT2=0x00;
0000c0 bde4      	OUT  0x24,R30
                 ; 0000 0086 OCR2=0x00;
0000c1 bde3      	OUT  0x23,R30
                 ; 0000 0087 
                 ; 0000 0088 // Timer(s)/Counter(s) Interrupt(s) initialization
                 ; 0000 0089 TIMSK=(0<<OCIE2) | (0<<TOIE2) | (0<<TICIE1) | (0<<OCIE1A) | (0<<OCIE1B) | (0<<TOIE1) | (0<<OCIE0) | (0<<TOIE0);
0000c2 bfe9      	OUT  0x39,R30
                 ; 0000 008A 
                 ; 0000 008B // External Interrupt(s) initialization
                 ; 0000 008C // INT0: On
                 ; 0000 008D // INT0 Mode: Falling Edge
                 ; 0000 008E // INT1: Off
                 ; 0000 008F // INT2: On
                 ; 0000 0090 // INT2 Mode: Falling Edge
                 ; 0000 0091 GICR|=(0<<INT1) | (1<<INT0) | (1<<INT2);
0000c3 b7eb      	IN   R30,0x3B
0000c4 66e0      	ORI  R30,LOW(0x60)
0000c5 bfeb      	OUT  0x3B,R30
                 ; 0000 0092 MCUCR=(0<<ISC11) | (0<<ISC10) | (1<<ISC01) | (0<<ISC00);
0000c6 e0e2      	LDI  R30,LOW(2)
0000c7 bfe5      	OUT  0x35,R30
                 ; 0000 0093 MCUCSR=(0<<ISC2);
0000c8 e0e0      	LDI  R30,LOW(0)
0000c9 bfe4      	OUT  0x34,R30
                 ; 0000 0094 GIFR=(0<<INTF1) | (1<<INTF0) | (1<<INTF2);
0000ca e6e0      	LDI  R30,LOW(96)
0000cb bfea      	OUT  0x3A,R30
                 ; 0000 0095 
                 ; 0000 0096 // USART initialization
                 ; 0000 0097 // USART disabled
                 ; 0000 0098 UCSRB=(0<<RXCIE) | (0<<TXCIE) | (0<<UDRIE) | (0<<RXEN) | (0<<TXEN) | (0<<UCSZ2) | (0<<RXB8) | (0<<TXB8);
0000cc e0e0      	LDI  R30,LOW(0)
0000cd b9ea      	OUT  0xA,R30
                 ; 0000 0099 
                 ; 0000 009A // Analog Comparator initialization
                 ; 0000 009B // Analog Comparator: Off
                 ; 0000 009C // The Analog Comparator's positive input is
                 ; 0000 009D // connected to the AIN0 pin
                 ; 0000 009E // The Analog Comparator's negative input is
                 ; 0000 009F // connected to the AIN1 pin
                 ; 0000 00A0 ACSR=(1<<ACD) | (0<<ACBG) | (0<<ACO) | (0<<ACI) | (0<<ACIE) | (0<<ACIC) | (0<<ACIS1) | (0<<ACIS0);
0000ce e8e0      	LDI  R30,LOW(128)
0000cf b9e8      	OUT  0x8,R30
                 ; 0000 00A1 SFIOR=(0<<ACME);
0000d0 e0e0      	LDI  R30,LOW(0)
0000d1 bfe0      	OUT  0x30,R30
                 ; 0000 00A2 
                 ; 0000 00A3 // ADC initialization
                 ; 0000 00A4 // ADC disabled
                 ; 0000 00A5 ADCSRA=(0<<ADEN) | (0<<ADSC) | (0<<ADATE) | (0<<ADIF) | (0<<ADIE) | (0<<ADPS2) | (0<<ADPS1) | (0<<ADPS0);
0000d2 b9e6      	OUT  0x6,R30
                 ; 0000 00A6 
                 ; 0000 00A7 // SPI initialization
                 ; 0000 00A8 // SPI disabled
                 ; 0000 00A9 SPCR=(0<<SPIE) | (0<<SPE) | (0<<DORD) | (0<<MSTR) | (0<<CPOL) | (0<<CPHA) | (0<<SPR1) | (0<<SPR0);
0000d3 b9ed      	OUT  0xD,R30
                 ; 0000 00AA 
                 ; 0000 00AB // TWI initialization
                 ; 0000 00AC // TWI disabled
                 ; 0000 00AD TWCR=(0<<TWEA) | (0<<TWSTA) | (0<<TWSTO) | (0<<TWEN) | (0<<TWIE);
0000d4 bfe6      	OUT  0x36,R30
                 ; 0000 00AE 
                 ; 0000 00AF // Alphanumeric LCD initialization
                 ; 0000 00B0 // Connections are specified in the
                 ; 0000 00B1 // Project|Configure|C Compiler|Libraries|Alphanumeric LCD menu:
                 ; 0000 00B2 // RS - PORTC Bit 0
                 ; 0000 00B3 // RD - PORTC Bit 1
                 ; 0000 00B4 // EN - PORTC Bit 2
                 ; 0000 00B5 // D4 - PORTC Bit 4
                 ; 0000 00B6 // D5 - PORTC Bit 5
                 ; 0000 00B7 // D6 - PORTC Bit 6
                 ; 0000 00B8 // D7 - PORTC Bit 7
                 ; 0000 00B9 // Characters/line: 16
                 ; 0000 00BA lcd_init(16);
0000d5 e1a0      	LDI  R26,LOW(16)
0000d6 d064      	RCALL _lcd_init
                 ; 0000 00BB   lcd_gotoxy(0,1);
0000d7 940e 0339 	CALL SUBOPT_0x1
                 ; 0000 00BC   sprintf(str2,"CE:%002d",CE);
                 ; 0000 00BD    lcd_puts(str2);
                 ; 0000 00BE // Global enable interrupts
                 ; 0000 00BF #asm("sei")
0000d9 9478      	sei
                 ; 0000 00C0 
                 ; 0000 00C1 while (1)
                 _0x5:
                 ; 0000 00C2       {
                 ; 0000 00C3       // Place your code here
                 ; 0000 00C4 
                 ; 0000 00C5       }
0000da cfff      	RJMP _0x5
                 ; 0000 00C6 }
                 _0x8:
0000db cfff      	RJMP _0x8
                 ; .FEND
                 	#ifndef __SLEEP_DEFINED__
                 	#endif
                 
                 	.DSEG
                 
                 	.CSEG
                 __lcd_write_nibble_G100:
                 ; .FSTART __lcd_write_nibble_G100
0000dc 93aa      	ST   -Y,R26
0000dd b3e5      	IN   R30,0x15
0000de 70ef      	ANDI R30,LOW(0xF)
0000df 2fae      	MOV  R26,R30
0000e0 81e8      	LD   R30,Y
0000e1 7fe0      	ANDI R30,LOW(0xF0)
0000e2 2bea      	OR   R30,R26
0000e3 bbe5      	OUT  0x15,R30
                +
0000e4 e08d     +LDI R24 , LOW ( 13 )
                +__DELAY_USB_LOOP :
0000e5 958a     +DEC R24
0000e6 f7f1     +BRNE __DELAY_USB_LOOP
                 	__DELAY_USB 13
0000e7 9aaa      	SBI  0x15,2
                +
0000e8 e08d     +LDI R24 , LOW ( 13 )
                +__DELAY_USB_LOOP :
0000e9 958a     +DEC R24
0000ea f7f1     +BRNE __DELAY_USB_LOOP
                 	__DELAY_USB 13
0000eb 98aa      	CBI  0x15,2
                +
0000ec e08d     +LDI R24 , LOW ( 13 )
                +__DELAY_USB_LOOP :
0000ed 958a     +DEC R24
0000ee f7f1     +BRNE __DELAY_USB_LOOP
                 	__DELAY_USB 13
0000ef c077      	RJMP _0x2080002
                 ; .FEND
                 __lcd_write_data:
                 ; .FSTART __lcd_write_data
0000f0 93aa      	ST   -Y,R26
0000f1 81a8      	LD   R26,Y
0000f2 dfe9      	RCALL __lcd_write_nibble_G100
0000f3 81e8          ld    r30,y
0000f4 95e2          swap  r30
0000f5 83e8          st    y,r30
0000f6 81a8      	LD   R26,Y
0000f7 dfe4      	RCALL __lcd_write_nibble_G100
                +
0000f8 e885     +LDI R24 , LOW ( 133 )
                +__DELAY_USB_LOOP :
0000f9 958a     +DEC R24
0000fa f7f1     +BRNE __DELAY_USB_LOOP
                 	__DELAY_USB 133
0000fb c06b      	RJMP _0x2080002
                 ; .FEND
                 _lcd_gotoxy:
                 ; .FSTART _lcd_gotoxy
0000fc 93aa      	ST   -Y,R26
0000fd 81e8      	LD   R30,Y
0000fe e0f0      	LDI  R31,0
0000ff 58e7      	SUBI R30,LOW(-__base_y_G100)
000100 4ffe      	SBCI R31,HIGH(-__base_y_G100)
000101 81e0      	LD   R30,Z
000102 81a9      	LDD  R26,Y+1
000103 0fae      	ADD  R26,R30
000104 dfeb      	RCALL __lcd_write_data
000105 8079      	LDD  R7,Y+1
000106 8068      	LDD  R6,Y+0
000107 9622      	ADIW R28,2
000108 9508      	RET
                 ; .FEND
                 _lcd_clear:
                 ; .FSTART _lcd_clear
000109 e0a2      	LDI  R26,LOW(2)
00010a 940e 0353 	CALL SUBOPT_0x2
00010c e0ac      	LDI  R26,LOW(12)
00010d dfe2      	RCALL __lcd_write_data
00010e e0a1      	LDI  R26,LOW(1)
00010f 940e 0353 	CALL SUBOPT_0x2
000111 e0e0      	LDI  R30,LOW(0)
000112 2e6e      	MOV  R6,R30
000113 2e7e      	MOV  R7,R30
000114 9508      	RET
                 ; .FEND
                 _lcd_putchar:
                 ; .FSTART _lcd_putchar
000115 93aa      	ST   -Y,R26
000116 81a8      	LD   R26,Y
000117 30aa      	CPI  R26,LOW(0xA)
000118 f011      	BREQ _0x2000005
000119 1479      	CP   R7,R9
00011a f048      	BRLO _0x2000004
                 _0x2000005:
00011b e0e0      	LDI  R30,LOW(0)
00011c 93ea      	ST   -Y,R30
00011d 9463      	INC  R6
00011e 2da6      	MOV  R26,R6
00011f dfdc      	RCALL _lcd_gotoxy
000120 81a8      	LD   R26,Y
000121 30aa      	CPI  R26,LOW(0xA)
000122 f409      	BRNE _0x2000007
000123 c043      	RJMP _0x2080002
                 _0x2000007:
                 _0x2000004:
000124 9473      	INC  R7
000125 9aa8      	SBI  0x15,0
000126 81a8      	LD   R26,Y
000127 dfc8      	RCALL __lcd_write_data
000128 98a8      	CBI  0x15,0
000129 c03d      	RJMP _0x2080002
                 ; .FEND
                 _lcd_puts:
                 ; .FSTART _lcd_puts
00012a 93ba      	ST   -Y,R27
00012b 93aa      	ST   -Y,R26
00012c 931a      	ST   -Y,R17
                 _0x2000008:
00012d 81a9      	LDD  R26,Y+1
00012e 81ba      	LDD  R27,Y+1+1
00012f 91ed      	LD   R30,X+
000130 83a9      	STD  Y+1,R26
000131 83ba      	STD  Y+1+1,R27
000132 2f1e      	MOV  R17,R30
000133 30e0      	CPI  R30,0
000134 f019      	BREQ _0x200000A
000135 2fa1      	MOV  R26,R17
000136 dfde      	RCALL _lcd_putchar
000137 cff5      	RJMP _0x2000008
                 _0x200000A:
000138 8118      	LDD  R17,Y+0
000139 9623      	ADIW R28,3
00013a 9508      	RET
                 ; .FEND
                 _lcd_init:
                 ; .FSTART _lcd_init
00013b 93aa      	ST   -Y,R26
00013c b3e4      	IN   R30,0x14
00013d 6fe0      	ORI  R30,LOW(0xF0)
00013e bbe4      	OUT  0x14,R30
00013f 9aa2      	SBI  0x14,2
000140 9aa0      	SBI  0x14,0
000141 9aa1      	SBI  0x14,1
000142 98aa      	CBI  0x15,2
000143 98a8      	CBI  0x15,0
000144 98a9      	CBI  0x15,1
000145 8098      	LDD  R9,Y+0
000146 81e8      	LD   R30,Y
000147 58e0      	SUBI R30,-LOW(128)
                +
000148 93e0 017b+STS __base_y_G100 + ( 2 ) , R30
                 	__PUTB1MN __base_y_G100,2
00014a 81e8      	LD   R30,Y
00014b 54e0      	SUBI R30,-LOW(192)
                +
00014c 93e0 017c+STS __base_y_G100 + ( 3 ) , R30
                 	__PUTB1MN __base_y_G100,3
00014e e1a4      	LDI  R26,LOW(20)
00014f e0b0      	LDI  R27,0
000150 940e 038d 	CALL _delay_ms
000152 940e 0359 	CALL SUBOPT_0x3
000154 940e 0359 	CALL SUBOPT_0x3
000156 940e 0359 	CALL SUBOPT_0x3
000158 e2a0      	LDI  R26,LOW(32)
000159 df82      	RCALL __lcd_write_nibble_G100
                +
00015a ec88     +LDI R24 , LOW ( 200 )
00015b e090     +LDI R25 , HIGH ( 200 )
                +__DELAY_USW_LOOP :
00015c 9701     +SBIW R24 , 1
00015d f7f1     +BRNE __DELAY_USW_LOOP
                 	__DELAY_USW 200
00015e e2a8      	LDI  R26,LOW(40)
00015f df90      	RCALL __lcd_write_data
000160 e0a4      	LDI  R26,LOW(4)
000161 df8e      	RCALL __lcd_write_data
000162 e8a5      	LDI  R26,LOW(133)
000163 df8c      	RCALL __lcd_write_data
000164 e0a6      	LDI  R26,LOW(6)
000165 df8a      	RCALL __lcd_write_data
000166 dfa2      	RCALL _lcd_clear
                 _0x2080002:
000167 9621      	ADIW R28,1
000168 9508      	RET
                 ; .FEND
                 	#ifndef __SLEEP_DEFINED__
                 	#endif
                 
                 	.CSEG
                 _put_buff_G101:
                 ; .FSTART _put_buff_G101
000169 93ba      	ST   -Y,R27
00016a 93aa      	ST   -Y,R26
00016b 931a      	ST   -Y,R17
00016c 930a      	ST   -Y,R16
00016d 81aa      	LDD  R26,Y+2
00016e 81bb      	LDD  R27,Y+2+1
00016f 9612      	ADIW R26,2
000170 940e 03a4 	CALL __GETW1P
000172 9730      	SBIW R30,0
000173 f159      	BREQ _0x2020010
000174 81aa      	LDD  R26,Y+2
000175 81bb      	LDD  R27,Y+2+1
000176 9614      	ADIW R26,4
000177 940e 03a4 	CALL __GETW1P
000179 018f      	MOVW R16,R30
00017a 9730      	SBIW R30,0
00017b f061      	BREQ _0x2020012
                +
00017c 3002     +CPI R16 , LOW ( 2 )
00017d e0e0     +LDI R30 , HIGH ( 2 )
00017e 071e     +CPC R17 , R30
                 	__CPWRN 16,17,2
00017f f098      	BRLO _0x2020013
000180 01f8      	MOVW R30,R16
000181 9731      	SBIW R30,1
000182 018f      	MOVW R16,R30
                +
000183 81aa     +LDD R26 , Y + 2
000184 81bb     +LDD R27 , Y + 2 + 1
000185 9614     +ADIW R26 , 4
000186 93ed     +ST X + , R30
000187 93fc     +ST X , R31
                 	__PUTW1SNS 2,4
                 _0x2020012:
000188 81aa      	LDD  R26,Y+2
000189 81bb      	LDD  R27,Y+2+1
00018a 9612      	ADIW R26,2
00018b 91ed      	LD   R30,X+
00018c 91fd      	LD   R31,X+
00018d 9631      	ADIW R30,1
00018e 93fe      	ST   -X,R31
00018f 93ee      	ST   -X,R30
000190 9731      	SBIW R30,1
000191 81ac      	LDD  R26,Y+4
000192 83a0      	STD  Z+0,R26
                 _0x2020013:
000193 81aa      	LDD  R26,Y+2
000194 81bb      	LDD  R27,Y+2+1
000195 940e 03a4 	CALL __GETW1P
000197 23ff      	TST  R31
000198 f02a      	BRMI _0x2020014
000199 91ed      	LD   R30,X+
00019a 91fd      	LD   R31,X+
00019b 9631      	ADIW R30,1
00019c 93fe      	ST   -X,R31
00019d 93ee      	ST   -X,R30
                 _0x2020014:
00019e c006      	RJMP _0x2020015
                 _0x2020010:
00019f 81aa      	LDD  R26,Y+2
0001a0 81bb      	LDD  R27,Y+2+1
0001a1 efef      	LDI  R30,LOW(65535)
0001a2 efff      	LDI  R31,HIGH(65535)
0001a3 93ed      	ST   X+,R30
0001a4 93fc      	ST   X,R31
                 _0x2020015:
0001a5 8119      	LDD  R17,Y+1
0001a6 8108      	LDD  R16,Y+0
0001a7 9625      	ADIW R28,5
0001a8 9508      	RET
                 ; .FEND
                 __print_G101:
                 ; .FSTART __print_G101
0001a9 93ba      	ST   -Y,R27
0001aa 93aa      	ST   -Y,R26
0001ab 9726      	SBIW R28,6
0001ac 940e 03b1 	CALL __SAVELOCR6
0001ae e010      	LDI  R17,0
0001af 85ac      	LDD  R26,Y+12
0001b0 85bd      	LDD  R27,Y+12+1
0001b1 e0e0      	LDI  R30,LOW(0)
0001b2 e0f0      	LDI  R31,HIGH(0)
0001b3 93ed      	ST   X+,R30
0001b4 93fc      	ST   X,R31
                 _0x2020016:
0001b5 89ea      	LDD  R30,Y+18
0001b6 89fb      	LDD  R31,Y+18+1
0001b7 9631      	ADIW R30,1
0001b8 8bea      	STD  Y+18,R30
0001b9 8bfb      	STD  Y+18+1,R31
0001ba 9731      	SBIW R30,1
0001bb 91e4      	LPM  R30,Z
0001bc 2f2e      	MOV  R18,R30
0001bd 30e0      	CPI  R30,0
0001be f409      	BRNE PC+2
0001bf c115      	RJMP _0x2020018
0001c0 2fe1      	MOV  R30,R17
0001c1 30e0      	CPI  R30,0
0001c2 f439      	BRNE _0x202001C
0001c3 3225      	CPI  R18,37
0001c4 f411      	BRNE _0x202001D
0001c5 e011      	LDI  R17,LOW(1)
0001c6 c002      	RJMP _0x202001E
                 _0x202001D:
0001c7 940e 0361 	CALL SUBOPT_0x4
                 _0x202001E:
0001c9 c10a      	RJMP _0x202001B
                 _0x202001C:
0001ca 30e1      	CPI  R30,LOW(0x1)
0001cb f4a9      	BRNE _0x202001F
0001cc 3225      	CPI  R18,37
0001cd f419      	BRNE _0x2020020
0001ce 940e 0361 	CALL SUBOPT_0x4
0001d0 c102      	RJMP _0x20200CC
                 _0x2020020:
0001d1 e012      	LDI  R17,LOW(2)
0001d2 e040      	LDI  R20,LOW(0)
0001d3 e000      	LDI  R16,LOW(0)
0001d4 322d      	CPI  R18,45
0001d5 f411      	BRNE _0x2020021
0001d6 e001      	LDI  R16,LOW(1)
0001d7 c0fc      	RJMP _0x202001B
                 _0x2020021:
0001d8 322b      	CPI  R18,43
0001d9 f411      	BRNE _0x2020022
0001da e24b      	LDI  R20,LOW(43)
0001db c0f8      	RJMP _0x202001B
                 _0x2020022:
0001dc 3220      	CPI  R18,32
0001dd f411      	BRNE _0x2020023
0001de e240      	LDI  R20,LOW(32)
0001df c0f4      	RJMP _0x202001B
                 _0x2020023:
0001e0 c002      	RJMP _0x2020024
                 _0x202001F:
0001e1 30e2      	CPI  R30,LOW(0x2)
0001e2 f439      	BRNE _0x2020025
                 _0x2020024:
0001e3 e050      	LDI  R21,LOW(0)
0001e4 e013      	LDI  R17,LOW(3)
0001e5 3320      	CPI  R18,48
0001e6 f411      	BRNE _0x2020026
0001e7 6800      	ORI  R16,LOW(128)
0001e8 c0eb      	RJMP _0x202001B
                 _0x2020026:
0001e9 c003      	RJMP _0x2020027
                 _0x2020025:
0001ea 30e3      	CPI  R30,LOW(0x3)
0001eb f009      	BREQ PC+2
0001ec c0e7      	RJMP _0x202001B
                 _0x2020027:
0001ed 3320      	CPI  R18,48
0001ee f010      	BRLO _0x202002A
0001ef 332a      	CPI  R18,58
0001f0 f008      	BRLO _0x202002B
                 _0x202002A:
0001f1 c007      	RJMP _0x2020029
                 _0x202002B:
0001f2 e0aa      	LDI  R26,LOW(10)
0001f3 9f5a      	MUL  R21,R26
0001f4 2d50      	MOV  R21,R0
0001f5 2fe2      	MOV  R30,R18
0001f6 53e0      	SUBI R30,LOW(48)
0001f7 0f5e      	ADD  R21,R30
0001f8 c0db      	RJMP _0x202001B
                 _0x2020029:
0001f9 2fe2      	MOV  R30,R18
0001fa 36e3      	CPI  R30,LOW(0x63)
0001fb f449      	BRNE _0x202002F
0001fc 940e 0368 	CALL SUBOPT_0x5
0001fe 89e8      	LDD  R30,Y+16
0001ff 89f9      	LDD  R31,Y+16+1
000200 81a4      	LDD  R26,Z+4
000201 93aa      	ST   -Y,R26
000202 940e 036e 	CALL SUBOPT_0x6
000204 c0ce      	RJMP _0x2020030
                 _0x202002F:
000205 37e3      	CPI  R30,LOW(0x73)
000206 f441      	BRNE _0x2020032
000207 940e 0368 	CALL SUBOPT_0x5
000209 940e 0374 	CALL SUBOPT_0x7
00020b 940e 0311 	CALL _strlen
00020d 2f1e      	MOV  R17,R30
00020e c00a      	RJMP _0x2020033
                 _0x2020032:
00020f 37e0      	CPI  R30,LOW(0x70)
000210 f461      	BRNE _0x2020035
000211 940e 0368 	CALL SUBOPT_0x5
000213 940e 0374 	CALL SUBOPT_0x7
000215 940e 031d 	CALL _strlenf
000217 2f1e      	MOV  R17,R30
000218 6008      	ORI  R16,LOW(8)
                 _0x2020033:
000219 6002      	ORI  R16,LOW(2)
00021a 770f      	ANDI R16,LOW(127)
00021b e030      	LDI  R19,LOW(0)
00021c c034      	RJMP _0x2020036
                 _0x2020035:
00021d 36e4      	CPI  R30,LOW(0x64)
00021e f011      	BREQ _0x2020039
00021f 36e9      	CPI  R30,LOW(0x69)
000220 f411      	BRNE _0x202003A
                 _0x2020039:
000221 6004      	ORI  R16,LOW(4)
000222 c002      	RJMP _0x202003B
                 _0x202003A:
000223 37e5      	CPI  R30,LOW(0x75)
000224 f431      	BRNE _0x202003C
                 _0x202003B:
000225 e5e4      	LDI  R30,LOW(_tbl10_G101*2)
000226 e0f0      	LDI  R31,HIGH(_tbl10_G101*2)
000227 83ee      	STD  Y+6,R30
000228 83ff      	STD  Y+6+1,R31
000229 e015      	LDI  R17,LOW(5)
00022a c00c      	RJMP _0x202003D
                 _0x202003C:
00022b 35e8      	CPI  R30,LOW(0x58)
00022c f411      	BRNE _0x202003F
00022d 6008      	ORI  R16,LOW(8)
00022e c003      	RJMP _0x2020040
                 _0x202003F:
00022f 37e8      	CPI  R30,LOW(0x78)
000230 f009      	BREQ PC+2
000231 c0a1      	RJMP _0x2020071
                 _0x2020040:
000232 e5ee      	LDI  R30,LOW(_tbl16_G101*2)
000233 e0f0      	LDI  R31,HIGH(_tbl16_G101*2)
000234 83ee      	STD  Y+6,R30
000235 83ff      	STD  Y+6+1,R31
000236 e014      	LDI  R17,LOW(4)
                 _0x202003D:
000237 ff02      	SBRS R16,2
000238 c014      	RJMP _0x2020042
000239 940e 0368 	CALL SUBOPT_0x5
00023b 940e 037e 	CALL SUBOPT_0x8
00023d 85ab      	LDD  R26,Y+11
00023e 23aa      	TST  R26
00023f f43a      	BRPL _0x2020043
000240 85ea      	LDD  R30,Y+10
000241 85fb      	LDD  R31,Y+10+1
000242 940e 039b 	CALL __ANEGW1
000244 87ea      	STD  Y+10,R30
000245 87fb      	STD  Y+10+1,R31
000246 e24d      	LDI  R20,LOW(45)
                 _0x2020043:
000247 3040      	CPI  R20,0
000248 f011      	BREQ _0x2020044
000249 5f1f      	SUBI R17,-LOW(1)
00024a c001      	RJMP _0x2020045
                 _0x2020044:
00024b 7f0b      	ANDI R16,LOW(251)
                 _0x2020045:
00024c c004      	RJMP _0x2020046
                 _0x2020042:
00024d 940e 0368 	CALL SUBOPT_0x5
00024f 940e 037e 	CALL SUBOPT_0x8
                 _0x2020046:
                 _0x2020036:
000251 fd00      	SBRC R16,0
000252 c011      	RJMP _0x2020047
                 _0x2020048:
000253 1715      	CP   R17,R21
000254 f478      	BRSH _0x202004A
000255 ff07      	SBRS R16,7
000256 c008      	RJMP _0x202004B
000257 ff02      	SBRS R16,2
000258 c004      	RJMP _0x202004C
000259 7f0b      	ANDI R16,LOW(251)
00025a 2f24      	MOV  R18,R20
00025b 5011      	SUBI R17,LOW(1)
00025c c001      	RJMP _0x202004D
                 _0x202004C:
00025d e320      	LDI  R18,LOW(48)
                 _0x202004D:
00025e c001      	RJMP _0x202004E
                 _0x202004B:
00025f e220      	LDI  R18,LOW(32)
                 _0x202004E:
000260 940e 0361 	CALL SUBOPT_0x4
000262 5051      	SUBI R21,LOW(1)
000263 cfef      	RJMP _0x2020048
                 _0x202004A:
                 _0x2020047:
000264 2f31      	MOV  R19,R17
000265 ff01      	SBRS R16,1
000266 c017      	RJMP _0x202004F
                 _0x2020050:
000267 3030      	CPI  R19,0
000268 f0a1      	BREQ _0x2020052
000269 ff03      	SBRS R16,3
00026a c006      	RJMP _0x2020053
00026b 81ee      	LDD  R30,Y+6
00026c 81ff      	LDD  R31,Y+6+1
00026d 9125      	LPM  R18,Z+
00026e 83ee      	STD  Y+6,R30
00026f 83ff      	STD  Y+6+1,R31
000270 c005      	RJMP _0x2020054
                 _0x2020053:
000271 81ae      	LDD  R26,Y+6
000272 81bf      	LDD  R27,Y+6+1
000273 912d      	LD   R18,X+
000274 83ae      	STD  Y+6,R26
000275 83bf      	STD  Y+6+1,R27
                 _0x2020054:
000276 940e 0361 	CALL SUBOPT_0x4
000278 3050      	CPI  R21,0
000279 f009      	BREQ _0x2020055
00027a 5051      	SUBI R21,LOW(1)
                 _0x2020055:
00027b 5031      	SUBI R19,LOW(1)
00027c cfea      	RJMP _0x2020050
                 _0x2020052:
00027d c04b      	RJMP _0x2020056
                 _0x202004F:
                 _0x2020058:
00027e e320      	LDI  R18,LOW(48)
00027f 81ee      	LDD  R30,Y+6
000280 81ff      	LDD  R31,Y+6+1
000281 940e 03a8 	CALL __GETW1PF
000283 87e8      	STD  Y+8,R30
000284 87f9      	STD  Y+8+1,R31
000285 81ee      	LDD  R30,Y+6
000286 81ff      	LDD  R31,Y+6+1
000287 9632      	ADIW R30,2
000288 83ee      	STD  Y+6,R30
000289 83ff      	STD  Y+6+1,R31
                 _0x202005A:
00028a 85e8      	LDD  R30,Y+8
00028b 85f9      	LDD  R31,Y+8+1
00028c 85aa      	LDD  R26,Y+10
00028d 85bb      	LDD  R27,Y+10+1
00028e 17ae      	CP   R26,R30
00028f 07bf      	CPC  R27,R31
000290 f050      	BRLO _0x202005C
000291 5f2f      	SUBI R18,-LOW(1)
000292 85a8      	LDD  R26,Y+8
000293 85b9      	LDD  R27,Y+8+1
000294 85ea      	LDD  R30,Y+10
000295 85fb      	LDD  R31,Y+10+1
000296 1bea      	SUB  R30,R26
000297 0bfb      	SBC  R31,R27
000298 87ea      	STD  Y+10,R30
000299 87fb      	STD  Y+10+1,R31
00029a cfef      	RJMP _0x202005A
                 _0x202005C:
00029b 332a      	CPI  R18,58
00029c f028      	BRLO _0x202005D
00029d ff03      	SBRS R16,3
00029e c002      	RJMP _0x202005E
00029f 5f29      	SUBI R18,-LOW(7)
0002a0 c001      	RJMP _0x202005F
                 _0x202005E:
0002a1 5d29      	SUBI R18,-LOW(39)
                 _0x202005F:
                 _0x202005D:
0002a2 fd04      	SBRC R16,4
0002a3 c01a      	RJMP _0x2020061
0002a4 3321      	CPI  R18,49
0002a5 f420      	BRSH _0x2020063
0002a6 85a8      	LDD  R26,Y+8
0002a7 85b9      	LDD  R27,Y+8+1
0002a8 9711      	SBIW R26,1
0002a9 f409      	BRNE _0x2020062
                 _0x2020063:
0002aa c009      	RJMP _0x20200CD
                 _0x2020062:
0002ab 1753      	CP   R21,R19
0002ac f010      	BRLO _0x2020067
0002ad ff00      	SBRS R16,0
0002ae c001      	RJMP _0x2020068
                 _0x2020067:
0002af c013      	RJMP _0x2020066
                 _0x2020068:
0002b0 e220      	LDI  R18,LOW(32)
0002b1 ff07      	SBRS R16,7
0002b2 c00b      	RJMP _0x2020069
0002b3 e320      	LDI  R18,LOW(48)
                 _0x20200CD:
0002b4 6100      	ORI  R16,LOW(16)
0002b5 ff02      	SBRS R16,2
0002b6 c007      	RJMP _0x202006A
0002b7 7f0b      	ANDI R16,LOW(251)
0002b8 934a      	ST   -Y,R20
0002b9 940e 036e 	CALL SUBOPT_0x6
0002bb 3050      	CPI  R21,0
0002bc f009      	BREQ _0x202006B
0002bd 5051      	SUBI R21,LOW(1)
                 _0x202006B:
                 _0x202006A:
                 _0x2020069:
                 _0x2020061:
0002be 940e 0361 	CALL SUBOPT_0x4
0002c0 3050      	CPI  R21,0
0002c1 f009      	BREQ _0x202006C
0002c2 5051      	SUBI R21,LOW(1)
                 _0x202006C:
                 _0x2020066:
0002c3 5031      	SUBI R19,LOW(1)
0002c4 85a8      	LDD  R26,Y+8
0002c5 85b9      	LDD  R27,Y+8+1
0002c6 9712      	SBIW R26,2
0002c7 f008      	BRLO _0x2020059
0002c8 cfb5      	RJMP _0x2020058
                 _0x2020059:
                 _0x2020056:
0002c9 ff00      	SBRS R16,0
0002ca c008      	RJMP _0x202006D
                 _0x202006E:
0002cb 3050      	CPI  R21,0
0002cc f031      	BREQ _0x2020070
0002cd 5051      	SUBI R21,LOW(1)
0002ce e2e0      	LDI  R30,LOW(32)
0002cf 93ea      	ST   -Y,R30
0002d0 940e 036e 	CALL SUBOPT_0x6
0002d2 cff8      	RJMP _0x202006E
                 _0x2020070:
                 _0x202006D:
                 _0x2020071:
                 _0x2020030:
                 _0x20200CC:
0002d3 e010      	LDI  R17,LOW(0)
                 _0x202001B:
0002d4 cee0      	RJMP _0x2020016
                 _0x2020018:
0002d5 85ac      	LDD  R26,Y+12
0002d6 85bd      	LDD  R27,Y+12+1
0002d7 940e 03a4 	CALL __GETW1P
0002d9 940e 03b8 	CALL __LOADLOCR6
0002db 9664      	ADIW R28,20
0002dc 9508      	RET
                 ; .FEND
                 _sprintf:
                 ; .FSTART _sprintf
0002dd 92ff      	PUSH R15
0002de 2ef8      	MOV  R15,R24
0002df 9726      	SBIW R28,6
0002e0 940e 03b3 	CALL __SAVELOCR4
0002e2 940e 0386 	CALL SUBOPT_0x9
0002e4 9730      	SBIW R30,0
0002e5 f419      	BRNE _0x2020072
0002e6 efef      	LDI  R30,LOW(65535)
0002e7 efff      	LDI  R31,HIGH(65535)
0002e8 c023      	RJMP _0x2080001
                 _0x2020072:
0002e9 01de      	MOVW R26,R28
0002ea 9616      	ADIW R26,6
0002eb 940e 0397 	CALL __ADDW2R15
0002ed 018d      	MOVW R16,R26
0002ee 940e 0386 	CALL SUBOPT_0x9
0002f0 83ee      	STD  Y+6,R30
0002f1 83ff      	STD  Y+6+1,R31
0002f2 e0e0      	LDI  R30,LOW(0)
0002f3 87e8      	STD  Y+8,R30
0002f4 87e9      	STD  Y+8+1,R30
0002f5 01de      	MOVW R26,R28
0002f6 961a      	ADIW R26,10
0002f7 940e 0397 	CALL __ADDW2R15
0002f9 940e 03a4 	CALL __GETW1P
0002fb 93fa      	ST   -Y,R31
0002fc 93ea      	ST   -Y,R30
0002fd 931a      	ST   -Y,R17
0002fe 930a      	ST   -Y,R16
0002ff e6e9      	LDI  R30,LOW(_put_buff_G101)
000300 e0f1      	LDI  R31,HIGH(_put_buff_G101)
000301 93fa      	ST   -Y,R31
000302 93ea      	ST   -Y,R30
000303 01de      	MOVW R26,R28
000304 961a      	ADIW R26,10
000305 dea3      	RCALL __print_G101
000306 019f      	MOVW R18,R30
000307 81ae      	LDD  R26,Y+6
000308 81bf      	LDD  R27,Y+6+1
000309 e0e0      	LDI  R30,LOW(0)
00030a 93ec      	ST   X,R30
00030b 01f9      	MOVW R30,R18
                 _0x2080001:
00030c 940e 03ba 	CALL __LOADLOCR4
00030e 962a      	ADIW R28,10
00030f 90ff      	POP  R15
000310 9508      	RET
                 ; .FEND
                 
                 	.CSEG
                 
                 	.CSEG
                 _strlen:
                 ; .FSTART _strlen
000311 93ba      	ST   -Y,R27
000312 93aa      	ST   -Y,R26
000313 91a9          ld   r26,y+
000314 91b9          ld   r27,y+
000315 27ee          clr  r30
000316 27ff          clr  r31
                 strlen0:
000317 916d          ld   r22,x+
000318 2366          tst  r22
000319 f011          breq strlen1
00031a 9631          adiw r30,1
00031b cffb          rjmp strlen0
                 strlen1:
00031c 9508          ret
                 ; .FEND
                 _strlenf:
                 ; .FSTART _strlenf
00031d 93ba      	ST   -Y,R27
00031e 93aa      	ST   -Y,R26
00031f 27aa          clr  r26
000320 27bb          clr  r27
000321 91e9          ld   r30,y+
000322 91f9          ld   r31,y+
                 strlenf0:
000323 9005      	lpm  r0,z+
000324 2000          tst  r0
000325 f011          breq strlenf1
000326 9611          adiw r26,1
000327 cffb          rjmp strlenf0
                 strlenf1:
000328 01fd          movw r30,r26
000329 9508          ret
                 ; .FEND
                 
                 	.DSEG
                 _str2:
000165           	.BYTE 0x14
                 __base_y_G100:
000179           	.BYTE 0x4
                 
                 	.CSEG
                 ;OPTIMIZER ADDED SUBROUTINE, CALLED 2 TIMES, CODE SIZE REDUCTION:10 WORDS
                 SUBOPT_0x0:
00032a 920a      	ST   -Y,R0
00032b 921a      	ST   -Y,R1
00032c 92fa      	ST   -Y,R15
00032d 936a      	ST   -Y,R22
00032e 937a      	ST   -Y,R23
00032f 938a      	ST   -Y,R24
000330 939a      	ST   -Y,R25
000331 93aa      	ST   -Y,R26
000332 93ba      	ST   -Y,R27
000333 93ea      	ST   -Y,R30
000334 93fa      	ST   -Y,R31
000335 b7ef      	IN   R30,SREG
000336 93ea      	ST   -Y,R30
000337 940c 0109 	JMP  _lcd_clear
                 
                 ;OPTIMIZER ADDED SUBROUTINE, CALLED 3 TIMES, CODE SIZE REDUCTION:45 WORDS
                 SUBOPT_0x1:
000339 e0e0      	LDI  R30,LOW(0)
00033a 93ea      	ST   -Y,R30
00033b e0a1      	LDI  R26,LOW(1)
00033c 940e 00fc 	CALL _lcd_gotoxy
00033e e6e5      	LDI  R30,LOW(_str2)
00033f e0f1      	LDI  R31,HIGH(_str2)
000340 93fa      	ST   -Y,R31
000341 93ea      	ST   -Y,R30
                +
000342 e6e8     +LDI R30 , LOW ( 2 * _0x0 + ( 0 ) )
000343 e0f0     +LDI R31 , HIGH ( 2 * _0x0 + ( 0 ) )
                 	__POINTW1FN _0x0,0
000344 93fa      	ST   -Y,R31
000345 93ea      	ST   -Y,R30
000346 01f2      	MOVW R30,R4
000347 940e 039f 	CALL __CWD1
000349 940e 03ac 	CALL __PUTPARD1
00034b e084      	LDI  R24,4
00034c 940e 02dd 	CALL _sprintf
00034e 9628      	ADIW R28,8
00034f e6a5      	LDI  R26,LOW(_str2)
000350 e0b1      	LDI  R27,HIGH(_str2)
000351 940c 012a 	JMP  _lcd_puts
                 
                 ;OPTIMIZER ADDED SUBROUTINE, CALLED 2 TIMES, CODE SIZE REDUCTION:1 WORDS
                 SUBOPT_0x2:
000353 940e 00f0 	CALL __lcd_write_data
000355 e0a3      	LDI  R26,LOW(3)
000356 e0b0      	LDI  R27,0
000357 940c 038d 	JMP  _delay_ms
                 
                 ;OPTIMIZER ADDED SUBROUTINE, CALLED 3 TIMES, CODE SIZE REDUCTION:7 WORDS
                 SUBOPT_0x3:
000359 e3a0      	LDI  R26,LOW(48)
00035a 940e 00dc 	CALL __lcd_write_nibble_G100
                +
00035c ec88     +LDI R24 , LOW ( 200 )
00035d e090     +LDI R25 , HIGH ( 200 )
                +__DELAY_USW_LOOP :
00035e 9701     +SBIW R24 , 1
00035f f7f1     +BRNE __DELAY_USW_LOOP
                 	__DELAY_USW 200
000360 9508      	RET
                 
                 ;OPTIMIZER ADDED SUBROUTINE, CALLED 5 TIMES, CODE SIZE REDUCTION:13 WORDS
                 SUBOPT_0x4:
000361 932a      	ST   -Y,R18
000362 85ad      	LDD  R26,Y+13
000363 85be      	LDD  R27,Y+13+1
000364 85ef      	LDD  R30,Y+15
000365 89f8      	LDD  R31,Y+15+1
000366 9509      	ICALL
000367 9508      	RET
                 
                 ;OPTIMIZER ADDED SUBROUTINE, CALLED 5 TIMES, CODE SIZE REDUCTION:9 WORDS
                 SUBOPT_0x5:
000368 89e8      	LDD  R30,Y+16
000369 89f9      	LDD  R31,Y+16+1
00036a 9734      	SBIW R30,4
00036b 8be8      	STD  Y+16,R30
00036c 8bf9      	STD  Y+16+1,R31
00036d 9508      	RET
                 
                 ;OPTIMIZER ADDED SUBROUTINE, CALLED 3 TIMES, CODE SIZE REDUCTION:3 WORDS
                 SUBOPT_0x6:
00036e 85ad      	LDD  R26,Y+13
00036f 85be      	LDD  R27,Y+13+1
000370 85ef      	LDD  R30,Y+15
000371 89f8      	LDD  R31,Y+15+1
000372 9509      	ICALL
000373 9508      	RET
                 
                 ;OPTIMIZER ADDED SUBROUTINE, CALLED 2 TIMES, CODE SIZE REDUCTION:4 WORDS
                 SUBOPT_0x7:
000374 89a8      	LDD  R26,Y+16
000375 89b9      	LDD  R27,Y+16+1
000376 9614      	ADIW R26,4
000377 940e 03a4 	CALL __GETW1P
000379 83ee      	STD  Y+6,R30
00037a 83ff      	STD  Y+6+1,R31
00037b 81ae      	LDD  R26,Y+6
00037c 81bf      	LDD  R27,Y+6+1
00037d 9508      	RET
                 
                 ;OPTIMIZER ADDED SUBROUTINE, CALLED 2 TIMES, CODE SIZE REDUCTION:2 WORDS
                 SUBOPT_0x8:
00037e 89a8      	LDD  R26,Y+16
00037f 89b9      	LDD  R27,Y+16+1
000380 9614      	ADIW R26,4
000381 940e 03a4 	CALL __GETW1P
000383 87ea      	STD  Y+10,R30
000384 87fb      	STD  Y+10+1,R31
000385 9508      	RET
                 
                 ;OPTIMIZER ADDED SUBROUTINE, CALLED 2 TIMES, CODE SIZE REDUCTION:1 WORDS
                 SUBOPT_0x9:
000386 01de      	MOVW R26,R28
000387 961c      	ADIW R26,12
000388 940e 0397 	CALL __ADDW2R15
00038a 940e 03a4 	CALL __GETW1P
00038c 9508      	RET
                 
                 
                 	.CSEG
                 _delay_ms:
00038d 9610      	adiw r26,0
00038e f039      	breq __delay_ms1
                 __delay_ms0:
                +
00038f ed80     +LDI R24 , LOW ( 0x7D0 )
000390 e097     +LDI R25 , HIGH ( 0x7D0 )
                +__DELAY_USW_LOOP :
000391 9701     +SBIW R24 , 1
000392 f7f1     +BRNE __DELAY_USW_LOOP
                 	__DELAY_USW 0x7D0
000393 95a8      	wdr
000394 9711      	sbiw r26,1
000395 f7c9      	brne __delay_ms0
                 __delay_ms1:
000396 9508      	ret
                 
                 __ADDW2R15:
000397 2400      	CLR  R0
000398 0daf      	ADD  R26,R15
000399 1db0      	ADC  R27,R0
00039a 9508      	RET
                 
                 __ANEGW1:
00039b 95f1      	NEG  R31
00039c 95e1      	NEG  R30
00039d 40f0      	SBCI R31,0
00039e 9508      	RET
                 
                 __CWD1:
00039f 2f6f      	MOV  R22,R31
0003a0 0f66      	ADD  R22,R22
0003a1 0b66      	SBC  R22,R22
0003a2 2f76      	MOV  R23,R22
0003a3 9508      	RET
                 
                 __GETW1P:
0003a4 91ed      	LD   R30,X+
0003a5 91fc      	LD   R31,X
0003a6 9711      	SBIW R26,1
0003a7 9508      	RET
                 
                 __GETW1PF:
0003a8 9005      	LPM  R0,Z+
0003a9 91f4      	LPM  R31,Z
0003aa 2de0      	MOV  R30,R0
0003ab 9508      	RET
                 
                 __PUTPARD1:
0003ac 937a      	ST   -Y,R23
0003ad 936a      	ST   -Y,R22
0003ae 93fa      	ST   -Y,R31
0003af 93ea      	ST   -Y,R30
0003b0 9508      	RET
                 
                 __SAVELOCR6:
0003b1 935a      	ST   -Y,R21
                 __SAVELOCR5:
0003b2 934a      	ST   -Y,R20
                 __SAVELOCR4:
0003b3 933a      	ST   -Y,R19
                 __SAVELOCR3:
0003b4 932a      	ST   -Y,R18
                 __SAVELOCR2:
0003b5 931a      	ST   -Y,R17
0003b6 930a      	ST   -Y,R16
0003b7 9508      	RET
                 
                 __LOADLOCR6:
0003b8 815d      	LDD  R21,Y+5
                 __LOADLOCR5:
0003b9 814c      	LDD  R20,Y+4
                 __LOADLOCR4:
0003ba 813b      	LDD  R19,Y+3
                 __LOADLOCR3:
0003bb 812a      	LDD  R18,Y+2
                 __LOADLOCR2:
0003bc 8119      	LDD  R17,Y+1
0003bd 8108      	LD   R16,Y
0003be 9508      	RET
                 
                 ;END OF CODE MARKER
                 __END_OF_CODE:


RESOURCE USE INFORMATION
------------------------

Notice:
The register and instruction counts are symbol table hit counts,
and hence implicitly used resources are not counted, eg, the
'lpm' instruction without operands implicitly uses r0 and z,
none of which are counted.

x,y,z are separate entities in the symbol table and are
counted separately from r26..r31 here.

.dseg memory usage only counts static data declared with .byte

ATmega16 register use summary:
r0 :  15 r1 :   3 r2 :   0 r3 :   0 r4 :   7 r5 :   1 r6 :   4 r7 :   4 
r8 :   0 r9 :   2 r10:   0 r11:   0 r12:   0 r13:   0 r14:   0 r15:   6 
r16:  34 r17:  24 r18:  29 r19:   8 r20:   9 r21:  17 r22:  13 r23:   4 
r24:  25 r25:   7 r26: 103 r27:  42 r28:  14 r29:   1 r30: 210 r31:  61 
x  :  23 y  : 191 z  :  15 
Registers used: 27 out of 35 (77.1%)

ATmega16 instruction use summary:
.lds  :   0 .lds.l:   0 .sts  :   0 .sts.l:   0 adc   :   1 add   :   4 
adiw  :  25 and   :   0 andi  :   6 asr   :   0 bclr  :   0 bld   :   0 
brbc  :   0 brbs  :   0 brcc  :   0 brcs  :   0 break :   0 breq  :  17 
brge  :   0 brhc  :   0 brhs  :   0 brid  :   0 brie  :   0 brlo  :   8 
brlt  :   0 brmi  :   1 brne  :  31 brpl  :   1 brsh  :   2 brtc  :   0 
brts  :   0 brvc  :   0 brvs  :   0 bset  :   0 bst   :   0 call  :  57 
cbi   :   5 cbr   :   0 clc   :   0 clh   :   0 cli   :   1 cln   :   0 
clr   :   7 cls   :   0 clt   :   0 clv   :   0 clz   :   0 com   :   0 
cp    :   4 cpc   :   2 cpi   :  33 cpse  :   0 dec   :   5 des   :   0 
eor   :   0 fmul  :   0 fmuls :   0 fmulsu:   0 icall :   2 ijmp  :   0 
in    :   4 inc   :   2 jmp   :  25 ld    :  37 ldd   :  77 ldi   : 104 
lds   :   0 lpm   :  14 lsl   :   0 lsr   :   0 mov   :  20 movw  :  20 
mul   :   1 muls  :   0 mulsu :   0 neg   :   2 nop   :   0 or    :   2 
ori   :   8 out   :  45 pop   :   1 push  :   1 rcall :  18 ret   :  25 
reti  :   1 rjmp  :  60 rol   :   0 ror   :   0 sbc   :   2 sbci  :   2 
sbi   :   5 sbic  :   0 sbis  :   0 sbiw  :  20 sbr   :   0 sbrc  :   2 
sbrs  :  10 sec   :   0 seh   :   0 sei   :   1 sen   :   0 ser   :   0 
ses   :   0 set   :   0 sev   :   0 sez   :   0 sleep :   0 spm   :   0 
st    :  72 std   :  31 sts   :   2 sub   :   1 subi  :  16 swap  :   1 
tst   :   4 wdr   :   1 
Instructions used: 54 out of 116 (46.6%)

ATmega16 memory use summary [bytes]:
Segment   Begin    End      Code   Data   Used    Size   Use%
---------------------------------------------------------------
[.cseg] 0x000000 0x00077e   1862     56   1918   16384  11.7%
[.dseg] 0x000060 0x00017d      0     29     29    1024   2.8%
[.eseg] 0x000000 0x000000      0      0      0     512   0.0%

Assembly complete, 0 errors, 5 warnings
