
AVRASM ver. 2.1.30  C:\Users\KPS\Desktop\HW4\codeVision\question4\Debug\List\source.asm Mon Oct 26 18:45:37 2020

C:\Users\KPS\Desktop\HW4\codeVision\question4\Debug\List\source.asm(1088): warning: Register r4 already defined by the .DEF directive
C:\Users\KPS\Desktop\HW4\codeVision\question4\Debug\List\source.asm(1089): warning: Register r5 already defined by the .DEF directive
C:\Users\KPS\Desktop\HW4\codeVision\question4\Debug\List\source.asm(1090): warning: Register r7 already defined by the .DEF directive
C:\Users\KPS\Desktop\HW4\codeVision\question4\Debug\List\source.asm(1091): warning: Register r6 already defined by the .DEF directive
C:\Users\KPS\Desktop\HW4\codeVision\question4\Debug\List\source.asm(1092): warning: Register r9 already defined by the .DEF directive
C:\Users\KPS\Desktop\HW4\codeVision\question4\Debug\List\source.asm(1093): warning: Register r8 already defined by the .DEF directive
C:\Users\KPS\Desktop\HW4\codeVision\question4\Debug\List\source.asm(1094): warning: Register r11 already defined by the .DEF directive
C:\Users\KPS\Desktop\HW4\codeVision\question4\Debug\List\source.asm(1095): warning: Register r10 already defined by the .DEF directive
C:\Users\KPS\Desktop\HW4\codeVision\question4\Debug\List\source.asm(1096): warning: Register r13 already defined by the .DEF directive
C:\Users\KPS\Desktop\HW4\codeVision\question4\Debug\List\source.asm(1097): warning: Register r12 already defined by the .DEF directive
                 
                 
                 ;CodeVisionAVR C Compiler V3.12 Advanced
                 ;(C) Copyright 1998-2014 Pavel Haiduc, HP InfoTech s.r.l.
                 ;http://www.hpinfotech.com
                 
                 ;Build configuration    : Debug
                 ;Chip type              : ATmega16
                 ;Program type           : Application
                 ;Clock frequency        : 8.000000 MHz
                 ;Memory model           : Small
                 ;Optimize for           : Size
                 ;(s)printf features     : int, width
                 ;(s)scanf features      : int, width
                 ;External RAM size      : 0
                 ;Data Stack size        : 256 byte(s)
                 ;Heap size              : 0 byte(s)
                 ;Promote 'char' to 'int': Yes
                 ;'char' is unsigned     : Yes
                 ;8 bit enums            : Yes
                 ;Global 'const' stored in FLASH: Yes
                 ;Enhanced function parameter passing: Yes
                 ;Enhanced core instructions: On
                 ;Automatic register allocation for global variables: On
                 ;Smart register allocation: On
                 
                 	#define _MODEL_SMALL_
                 
                 	#pragma AVRPART ADMIN PART_NAME ATmega16
                 	#pragma AVRPART MEMORY PROG_FLASH 16384
                 	#pragma AVRPART MEMORY EEPROM 512
                 	#pragma AVRPART MEMORY INT_SRAM SIZE 1024
                 	#pragma AVRPART MEMORY INT_SRAM START_ADDR 0x60
                 
                 	#define CALL_SUPPORTED 1
                 
                 	.LISTMAC
                 	.EQU UDRE=0x5
                 	.EQU RXC=0x7
                 	.EQU USR=0xB
                 	.EQU UDR=0xC
                 	.EQU SPSR=0xE
                 	.EQU SPDR=0xF
                 	.EQU EERE=0x0
                 	.EQU EEWE=0x1
                 	.EQU EEMWE=0x2
                 	.EQU EECR=0x1C
                 	.EQU EEDR=0x1D
                 	.EQU EEARL=0x1E
                 	.EQU EEARH=0x1F
                 	.EQU WDTCR=0x21
                 	.EQU MCUCR=0x35
                 	.EQU GICR=0x3B
                 	.EQU SPL=0x3D
                 	.EQU SPH=0x3E
                 	.EQU SREG=0x3F
                 
                 	.DEF R0X0=R0
                 	.DEF R0X1=R1
                 	.DEF R0X2=R2
                 	.DEF R0X3=R3
                 	.DEF R0X4=R4
                 	.DEF R0X5=R5
                 	.DEF R0X6=R6
                 	.DEF R0X7=R7
                 	.DEF R0X8=R8
                 	.DEF R0X9=R9
                 	.DEF R0XA=R10
                 	.DEF R0XB=R11
                 	.DEF R0XC=R12
                 	.DEF R0XD=R13
                 	.DEF R0XE=R14
                 	.DEF R0XF=R15
                 	.DEF R0X10=R16
                 	.DEF R0X11=R17
                 	.DEF R0X12=R18
                 	.DEF R0X13=R19
                 	.DEF R0X14=R20
                 	.DEF R0X15=R21
                 	.DEF R0X16=R22
                 	.DEF R0X17=R23
                 	.DEF R0X18=R24
                 	.DEF R0X19=R25
                 	.DEF R0X1A=R26
                 	.DEF R0X1B=R27
                 	.DEF R0X1C=R28
                 	.DEF R0X1D=R29
                 	.DEF R0X1E=R30
                 	.DEF R0X1F=R31
                 
                 	.EQU __SRAM_START=0x0060
                 	.EQU __SRAM_END=0x045F
                 	.EQU __DSTACK_SIZE=0x0100
                 	.EQU __HEAP_SIZE=0x0000
                 	.EQU __CLEAR_SRAM_SIZE=__SRAM_END-__SRAM_START+1
                 
                 	.MACRO __CPD1N
                 	CPI  R30,LOW(@0)
                 	LDI  R26,HIGH(@0)
                 	CPC  R31,R26
                 	LDI  R26,BYTE3(@0)
                 	CPC  R22,R26
                 	LDI  R26,BYTE4(@0)
                 	CPC  R23,R26
                 	.ENDM
                 
                 	.MACRO __CPD2N
                 	CPI  R26,LOW(@0)
                 	LDI  R30,HIGH(@0)
                 	CPC  R27,R30
                 	LDI  R30,BYTE3(@0)
                 	CPC  R24,R30
                 	LDI  R30,BYTE4(@0)
                 	CPC  R25,R30
                 	.ENDM
                 
                 	.MACRO __CPWRR
                 	CP   R@0,R@2
                 	CPC  R@1,R@3
                 	.ENDM
                 
                 	.MACRO __CPWRN
                 	CPI  R@0,LOW(@2)
                 	LDI  R30,HIGH(@2)
                 	CPC  R@1,R30
                 	.ENDM
                 
                 	.MACRO __ADDB1MN
                 	SUBI R30,LOW(-@0-(@1))
                 	.ENDM
                 
                 	.MACRO __ADDB2MN
                 	SUBI R26,LOW(-@0-(@1))
                 	.ENDM
                 
                 	.MACRO __ADDW1MN
                 	SUBI R30,LOW(-@0-(@1))
                 	SBCI R31,HIGH(-@0-(@1))
                 	.ENDM
                 
                 	.MACRO __ADDW2MN
                 	SUBI R26,LOW(-@0-(@1))
                 	SBCI R27,HIGH(-@0-(@1))
                 	.ENDM
                 
                 	.MACRO __ADDW1FN
                 	SUBI R30,LOW(-2*@0-(@1))
                 	SBCI R31,HIGH(-2*@0-(@1))
                 	.ENDM
                 
                 	.MACRO __ADDD1FN
                 	SUBI R30,LOW(-2*@0-(@1))
                 	SBCI R31,HIGH(-2*@0-(@1))
                 	SBCI R22,BYTE3(-2*@0-(@1))
                 	.ENDM
                 
                 	.MACRO __ADDD1N
                 	SUBI R30,LOW(-@0)
                 	SBCI R31,HIGH(-@0)
                 	SBCI R22,BYTE3(-@0)
                 	SBCI R23,BYTE4(-@0)
                 	.ENDM
                 
                 	.MACRO __ADDD2N
                 	SUBI R26,LOW(-@0)
                 	SBCI R27,HIGH(-@0)
                 	SBCI R24,BYTE3(-@0)
                 	SBCI R25,BYTE4(-@0)
                 	.ENDM
                 
                 	.MACRO __SUBD1N
                 	SUBI R30,LOW(@0)
                 	SBCI R31,HIGH(@0)
                 	SBCI R22,BYTE3(@0)
                 	SBCI R23,BYTE4(@0)
                 	.ENDM
                 
                 	.MACRO __SUBD2N
                 	SUBI R26,LOW(@0)
                 	SBCI R27,HIGH(@0)
                 	SBCI R24,BYTE3(@0)
                 	SBCI R25,BYTE4(@0)
                 	.ENDM
                 
                 	.MACRO __ANDBMNN
                 	LDS  R30,@0+(@1)
                 	ANDI R30,LOW(@2)
                 	STS  @0+(@1),R30
                 	.ENDM
                 
                 	.MACRO __ANDWMNN
                 	LDS  R30,@0+(@1)
                 	ANDI R30,LOW(@2)
                 	STS  @0+(@1),R30
                 	LDS  R30,@0+(@1)+1
                 	ANDI R30,HIGH(@2)
                 	STS  @0+(@1)+1,R30
                 	.ENDM
                 
                 	.MACRO __ANDD1N
                 	ANDI R30,LOW(@0)
                 	ANDI R31,HIGH(@0)
                 	ANDI R22,BYTE3(@0)
                 	ANDI R23,BYTE4(@0)
                 	.ENDM
                 
                 	.MACRO __ANDD2N
                 	ANDI R26,LOW(@0)
                 	ANDI R27,HIGH(@0)
                 	ANDI R24,BYTE3(@0)
                 	ANDI R25,BYTE4(@0)
                 	.ENDM
                 
                 	.MACRO __ORBMNN
                 	LDS  R30,@0+(@1)
                 	ORI  R30,LOW(@2)
                 	STS  @0+(@1),R30
                 	.ENDM
                 
                 	.MACRO __ORWMNN
                 	LDS  R30,@0+(@1)
                 	ORI  R30,LOW(@2)
                 	STS  @0+(@1),R30
                 	LDS  R30,@0+(@1)+1
                 	ORI  R30,HIGH(@2)
                 	STS  @0+(@1)+1,R30
                 	.ENDM
                 
                 	.MACRO __ORD1N
                 	ORI  R30,LOW(@0)
                 	ORI  R31,HIGH(@0)
                 	ORI  R22,BYTE3(@0)
                 	ORI  R23,BYTE4(@0)
                 	.ENDM
                 
                 	.MACRO __ORD2N
                 	ORI  R26,LOW(@0)
                 	ORI  R27,HIGH(@0)
                 	ORI  R24,BYTE3(@0)
                 	ORI  R25,BYTE4(@0)
                 	.ENDM
                 
                 	.MACRO __DELAY_USB
                 	LDI  R24,LOW(@0)
                 __DELAY_USB_LOOP:
                 	DEC  R24
                 	BRNE __DELAY_USB_LOOP
                 	.ENDM
                 
                 	.MACRO __DELAY_USW
                 	LDI  R24,LOW(@0)
                 	LDI  R25,HIGH(@0)
                 __DELAY_USW_LOOP:
                 	SBIW R24,1
                 	BRNE __DELAY_USW_LOOP
                 	.ENDM
                 
                 	.MACRO __GETD1S
                 	LDD  R30,Y+@0
                 	LDD  R31,Y+@0+1
                 	LDD  R22,Y+@0+2
                 	LDD  R23,Y+@0+3
                 	.ENDM
                 
                 	.MACRO __GETD2S
                 	LDD  R26,Y+@0
                 	LDD  R27,Y+@0+1
                 	LDD  R24,Y+@0+2
                 	LDD  R25,Y+@0+3
                 	.ENDM
                 
                 	.MACRO __PUTD1S
                 	STD  Y+@0,R30
                 	STD  Y+@0+1,R31
                 	STD  Y+@0+2,R22
                 	STD  Y+@0+3,R23
                 	.ENDM
                 
                 	.MACRO __PUTD2S
                 	STD  Y+@0,R26
                 	STD  Y+@0+1,R27
                 	STD  Y+@0+2,R24
                 	STD  Y+@0+3,R25
                 	.ENDM
                 
                 	.MACRO __PUTDZ2
                 	STD  Z+@0,R26
                 	STD  Z+@0+1,R27
                 	STD  Z+@0+2,R24
                 	STD  Z+@0+3,R25
                 	.ENDM
                 
                 	.MACRO __CLRD1S
                 	STD  Y+@0,R30
                 	STD  Y+@0+1,R30
                 	STD  Y+@0+2,R30
                 	STD  Y+@0+3,R30
                 	.ENDM
                 
                 	.MACRO __POINTB1MN
                 	LDI  R30,LOW(@0+(@1))
                 	.ENDM
                 
                 	.MACRO __POINTW1MN
                 	LDI  R30,LOW(@0+(@1))
                 	LDI  R31,HIGH(@0+(@1))
                 	.ENDM
                 
                 	.MACRO __POINTD1M
                 	LDI  R30,LOW(@0)
                 	LDI  R31,HIGH(@0)
                 	LDI  R22,BYTE3(@0)
                 	LDI  R23,BYTE4(@0)
                 	.ENDM
                 
                 	.MACRO __POINTW1FN
                 	LDI  R30,LOW(2*@0+(@1))
                 	LDI  R31,HIGH(2*@0+(@1))
                 	.ENDM
                 
                 	.MACRO __POINTD1FN
                 	LDI  R30,LOW(2*@0+(@1))
                 	LDI  R31,HIGH(2*@0+(@1))
                 	LDI  R22,BYTE3(2*@0+(@1))
                 	LDI  R23,BYTE4(2*@0+(@1))
                 	.ENDM
                 
                 	.MACRO __POINTB2MN
                 	LDI  R26,LOW(@0+(@1))
                 	.ENDM
                 
                 	.MACRO __POINTW2MN
                 	LDI  R26,LOW(@0+(@1))
                 	LDI  R27,HIGH(@0+(@1))
                 	.ENDM
                 
                 	.MACRO __POINTW2FN
                 	LDI  R26,LOW(2*@0+(@1))
                 	LDI  R27,HIGH(2*@0+(@1))
                 	.ENDM
                 
                 	.MACRO __POINTD2FN
                 	LDI  R26,LOW(2*@0+(@1))
                 	LDI  R27,HIGH(2*@0+(@1))
                 	LDI  R24,BYTE3(2*@0+(@1))
                 	LDI  R25,BYTE4(2*@0+(@1))
                 	.ENDM
                 
                 	.MACRO __POINTBRM
                 	LDI  R@0,LOW(@1)
                 	.ENDM
                 
                 	.MACRO __POINTWRM
                 	LDI  R@0,LOW(@2)
                 	LDI  R@1,HIGH(@2)
                 	.ENDM
                 
                 	.MACRO __POINTBRMN
                 	LDI  R@0,LOW(@1+(@2))
                 	.ENDM
                 
                 	.MACRO __POINTWRMN
                 	LDI  R@0,LOW(@2+(@3))
                 	LDI  R@1,HIGH(@2+(@3))
                 	.ENDM
                 
                 	.MACRO __POINTWRFN
                 	LDI  R@0,LOW(@2*2+(@3))
                 	LDI  R@1,HIGH(@2*2+(@3))
                 	.ENDM
                 
                 	.MACRO __GETD1N
                 	LDI  R30,LOW(@0)
                 	LDI  R31,HIGH(@0)
                 	LDI  R22,BYTE3(@0)
                 	LDI  R23,BYTE4(@0)
                 	.ENDM
                 
                 	.MACRO __GETD2N
                 	LDI  R26,LOW(@0)
                 	LDI  R27,HIGH(@0)
                 	LDI  R24,BYTE3(@0)
                 	LDI  R25,BYTE4(@0)
                 	.ENDM
                 
                 	.MACRO __GETB1MN
                 	LDS  R30,@0+(@1)
                 	.ENDM
                 
                 	.MACRO __GETB1HMN
                 	LDS  R31,@0+(@1)
                 	.ENDM
                 
                 	.MACRO __GETW1MN
                 	LDS  R30,@0+(@1)
                 	LDS  R31,@0+(@1)+1
                 	.ENDM
                 
                 	.MACRO __GETD1MN
                 	LDS  R30,@0+(@1)
                 	LDS  R31,@0+(@1)+1
                 	LDS  R22,@0+(@1)+2
                 	LDS  R23,@0+(@1)+3
                 	.ENDM
                 
                 	.MACRO __GETBRMN
                 	LDS  R@0,@1+(@2)
                 	.ENDM
                 
                 	.MACRO __GETWRMN
                 	LDS  R@0,@2+(@3)
                 	LDS  R@1,@2+(@3)+1
                 	.ENDM
                 
                 	.MACRO __GETWRZ
                 	LDD  R@0,Z+@2
                 	LDD  R@1,Z+@2+1
                 	.ENDM
                 
                 	.MACRO __GETD2Z
                 	LDD  R26,Z+@0
                 	LDD  R27,Z+@0+1
                 	LDD  R24,Z+@0+2
                 	LDD  R25,Z+@0+3
                 	.ENDM
                 
                 	.MACRO __GETB2MN
                 	LDS  R26,@0+(@1)
                 	.ENDM
                 
                 	.MACRO __GETW2MN
                 	LDS  R26,@0+(@1)
                 	LDS  R27,@0+(@1)+1
                 	.ENDM
                 
                 	.MACRO __GETD2MN
                 	LDS  R26,@0+(@1)
                 	LDS  R27,@0+(@1)+1
                 	LDS  R24,@0+(@1)+2
                 	LDS  R25,@0+(@1)+3
                 	.ENDM
                 
                 	.MACRO __PUTB1MN
                 	STS  @0+(@1),R30
                 	.ENDM
                 
                 	.MACRO __PUTW1MN
                 	STS  @0+(@1),R30
                 	STS  @0+(@1)+1,R31
                 	.ENDM
                 
                 	.MACRO __PUTD1MN
                 	STS  @0+(@1),R30
                 	STS  @0+(@1)+1,R31
                 	STS  @0+(@1)+2,R22
                 	STS  @0+(@1)+3,R23
                 	.ENDM
                 
                 	.MACRO __PUTB1EN
                 	LDI  R26,LOW(@0+(@1))
                 	LDI  R27,HIGH(@0+(@1))
                 	CALL __EEPROMWRB
                 	.ENDM
                 
                 	.MACRO __PUTW1EN
                 	LDI  R26,LOW(@0+(@1))
                 	LDI  R27,HIGH(@0+(@1))
                 	CALL __EEPROMWRW
                 	.ENDM
                 
                 	.MACRO __PUTD1EN
                 	LDI  R26,LOW(@0+(@1))
                 	LDI  R27,HIGH(@0+(@1))
                 	CALL __EEPROMWRD
                 	.ENDM
                 
                 	.MACRO __PUTBR0MN
                 	STS  @0+(@1),R0
                 	.ENDM
                 
                 	.MACRO __PUTBMRN
                 	STS  @0+(@1),R@2
                 	.ENDM
                 
                 	.MACRO __PUTWMRN
                 	STS  @0+(@1),R@2
                 	STS  @0+(@1)+1,R@3
                 	.ENDM
                 
                 	.MACRO __PUTBZR
                 	STD  Z+@1,R@0
                 	.ENDM
                 
                 	.MACRO __PUTWZR
                 	STD  Z+@2,R@0
                 	STD  Z+@2+1,R@1
                 	.ENDM
                 
                 	.MACRO __GETW1R
                 	MOV  R30,R@0
                 	MOV  R31,R@1
                 	.ENDM
                 
                 	.MACRO __GETW2R
                 	MOV  R26,R@0
                 	MOV  R27,R@1
                 	.ENDM
                 
                 	.MACRO __GETWRN
                 	LDI  R@0,LOW(@2)
                 	LDI  R@1,HIGH(@2)
                 	.ENDM
                 
                 	.MACRO __PUTW1R
                 	MOV  R@0,R30
                 	MOV  R@1,R31
                 	.ENDM
                 
                 	.MACRO __PUTW2R
                 	MOV  R@0,R26
                 	MOV  R@1,R27
                 	.ENDM
                 
                 	.MACRO __ADDWRN
                 	SUBI R@0,LOW(-@2)
                 	SBCI R@1,HIGH(-@2)
                 	.ENDM
                 
                 	.MACRO __ADDWRR
                 	ADD  R@0,R@2
                 	ADC  R@1,R@3
                 	.ENDM
                 
                 	.MACRO __SUBWRN
                 	SUBI R@0,LOW(@2)
                 	SBCI R@1,HIGH(@2)
                 	.ENDM
                 
                 	.MACRO __SUBWRR
                 	SUB  R@0,R@2
                 	SBC  R@1,R@3
                 	.ENDM
                 
                 	.MACRO __ANDWRN
                 	ANDI R@0,LOW(@2)
                 	ANDI R@1,HIGH(@2)
                 	.ENDM
                 
                 	.MACRO __ANDWRR
                 	AND  R@0,R@2
                 	AND  R@1,R@3
                 	.ENDM
                 
                 	.MACRO __ORWRN
                 	ORI  R@0,LOW(@2)
                 	ORI  R@1,HIGH(@2)
                 	.ENDM
                 
                 	.MACRO __ORWRR
                 	OR   R@0,R@2
                 	OR   R@1,R@3
                 	.ENDM
                 
                 	.MACRO __EORWRR
                 	EOR  R@0,R@2
                 	EOR  R@1,R@3
                 	.ENDM
                 
                 	.MACRO __GETWRS
                 	LDD  R@0,Y+@2
                 	LDD  R@1,Y+@2+1
                 	.ENDM
                 
                 	.MACRO __PUTBSR
                 	STD  Y+@1,R@0
                 	.ENDM
                 
                 	.MACRO __PUTWSR
                 	STD  Y+@2,R@0
                 	STD  Y+@2+1,R@1
                 	.ENDM
                 
                 	.MACRO __MOVEWRR
                 	MOV  R@0,R@2
                 	MOV  R@1,R@3
                 	.ENDM
                 
                 	.MACRO __INWR
                 	IN   R@0,@2
                 	IN   R@1,@2+1
                 	.ENDM
                 
                 	.MACRO __OUTWR
                 	OUT  @2+1,R@1
                 	OUT  @2,R@0
                 	.ENDM
                 
                 	.MACRO __CALL1MN
                 	LDS  R30,@0+(@1)
                 	LDS  R31,@0+(@1)+1
                 	ICALL
                 	.ENDM
                 
                 	.MACRO __CALL1FN
                 	LDI  R30,LOW(2*@0+(@1))
                 	LDI  R31,HIGH(2*@0+(@1))
                 	CALL __GETW1PF
                 	ICALL
                 	.ENDM
                 
                 	.MACRO __CALL2EN
                 	PUSH R26
                 	PUSH R27
                 	LDI  R26,LOW(@0+(@1))
                 	LDI  R27,HIGH(@0+(@1))
                 	CALL __EEPROMRDW
                 	POP  R27
                 	POP  R26
                 	ICALL
                 	.ENDM
                 
                 	.MACRO __CALL2EX
                 	SUBI R26,LOW(-@0)
                 	SBCI R27,HIGH(-@0)
                 	CALL __EEPROMRDD
                 	ICALL
                 	.ENDM
                 
                 	.MACRO __GETW1STACK
                 	IN   R30,SPL
                 	IN   R31,SPH
                 	ADIW R30,@0+1
                 	LD   R0,Z+
                 	LD   R31,Z
                 	MOV  R30,R0
                 	.ENDM
                 
                 	.MACRO __GETD1STACK
                 	IN   R30,SPL
                 	IN   R31,SPH
                 	ADIW R30,@0+1
                 	LD   R0,Z+
                 	LD   R1,Z+
                 	LD   R22,Z
                 	MOVW R30,R0
                 	.ENDM
                 
                 	.MACRO __NBST
                 	BST  R@0,@1
                 	IN   R30,SREG
                 	LDI  R31,0x40
                 	EOR  R30,R31
                 	OUT  SREG,R30
                 	.ENDM
                 
                 
                 	.MACRO __PUTB1SN
                 	LDD  R26,Y+@0
                 	LDD  R27,Y+@0+1
                 	SUBI R26,LOW(-@1)
                 	SBCI R27,HIGH(-@1)
                 	ST   X,R30
                 	.ENDM
                 
                 	.MACRO __PUTW1SN
                 	LDD  R26,Y+@0
                 	LDD  R27,Y+@0+1
                 	SUBI R26,LOW(-@1)
                 	SBCI R27,HIGH(-@1)
                 	ST   X+,R30
                 	ST   X,R31
                 	.ENDM
                 
                 	.MACRO __PUTD1SN
                 	LDD  R26,Y+@0
                 	LDD  R27,Y+@0+1
                 	SUBI R26,LOW(-@1)
                 	SBCI R27,HIGH(-@1)
                 	CALL __PUTDP1
                 	.ENDM
                 
                 	.MACRO __PUTB1SNS
                 	LDD  R26,Y+@0
                 	LDD  R27,Y+@0+1
                 	ADIW R26,@1
                 	ST   X,R30
                 	.ENDM
                 
                 	.MACRO __PUTW1SNS
                 	LDD  R26,Y+@0
                 	LDD  R27,Y+@0+1
                 	ADIW R26,@1
                 	ST   X+,R30
                 	ST   X,R31
                 	.ENDM
                 
                 	.MACRO __PUTD1SNS
                 	LDD  R26,Y+@0
                 	LDD  R27,Y+@0+1
                 	ADIW R26,@1
                 	CALL __PUTDP1
                 	.ENDM
                 
                 	.MACRO __PUTB1PMN
                 	LDS  R26,@0
                 	LDS  R27,@0+1
                 	SUBI R26,LOW(-@1)
                 	SBCI R27,HIGH(-@1)
                 	ST   X,R30
                 	.ENDM
                 
                 	.MACRO __PUTW1PMN
                 	LDS  R26,@0
                 	LDS  R27,@0+1
                 	SUBI R26,LOW(-@1)
                 	SBCI R27,HIGH(-@1)
                 	ST   X+,R30
                 	ST   X,R31
                 	.ENDM
                 
                 	.MACRO __PUTD1PMN
                 	LDS  R26,@0
                 	LDS  R27,@0+1
                 	SUBI R26,LOW(-@1)
                 	SBCI R27,HIGH(-@1)
                 	CALL __PUTDP1
                 	.ENDM
                 
                 	.MACRO __PUTB1PMNS
                 	LDS  R26,@0
                 	LDS  R27,@0+1
                 	ADIW R26,@1
                 	ST   X,R30
                 	.ENDM
                 
                 	.MACRO __PUTW1PMNS
                 	LDS  R26,@0
                 	LDS  R27,@0+1
                 	ADIW R26,@1
                 	ST   X+,R30
                 	ST   X,R31
                 	.ENDM
                 
                 	.MACRO __PUTD1PMNS
                 	LDS  R26,@0
                 	LDS  R27,@0+1
                 	ADIW R26,@1
                 	CALL __PUTDP1
                 	.ENDM
                 
                 	.MACRO __PUTB1RN
                 	MOVW R26,R@0
                 	SUBI R26,LOW(-@1)
                 	SBCI R27,HIGH(-@1)
                 	ST   X,R30
                 	.ENDM
                 
                 	.MACRO __PUTW1RN
                 	MOVW R26,R@0
                 	SUBI R26,LOW(-@1)
                 	SBCI R27,HIGH(-@1)
                 	ST   X+,R30
                 	ST   X,R31
                 	.ENDM
                 
                 	.MACRO __PUTD1RN
                 	MOVW R26,R@0
                 	SUBI R26,LOW(-@1)
                 	SBCI R27,HIGH(-@1)
                 	CALL __PUTDP1
                 	.ENDM
                 
                 	.MACRO __PUTB1RNS
                 	MOVW R26,R@0
                 	ADIW R26,@1
                 	ST   X,R30
                 	.ENDM
                 
                 	.MACRO __PUTW1RNS
                 	MOVW R26,R@0
                 	ADIW R26,@1
                 	ST   X+,R30
                 	ST   X,R31
                 	.ENDM
                 
                 	.MACRO __PUTD1RNS
                 	MOVW R26,R@0
                 	ADIW R26,@1
                 	CALL __PUTDP1
                 	.ENDM
                 
                 	.MACRO __PUTB1RON
                 	MOV  R26,R@0
                 	MOV  R27,R@1
                 	SUBI R26,LOW(-@2)
                 	SBCI R27,HIGH(-@2)
                 	ST   X,R30
                 	.ENDM
                 
                 	.MACRO __PUTW1RON
                 	MOV  R26,R@0
                 	MOV  R27,R@1
                 	SUBI R26,LOW(-@2)
                 	SBCI R27,HIGH(-@2)
                 	ST   X+,R30
                 	ST   X,R31
                 	.ENDM
                 
                 	.MACRO __PUTD1RON
                 	MOV  R26,R@0
                 	MOV  R27,R@1
                 	SUBI R26,LOW(-@2)
                 	SBCI R27,HIGH(-@2)
                 	CALL __PUTDP1
                 	.ENDM
                 
                 	.MACRO __PUTB1RONS
                 	MOV  R26,R@0
                 	MOV  R27,R@1
                 	ADIW R26,@2
                 	ST   X,R30
                 	.ENDM
                 
                 	.MACRO __PUTW1RONS
                 	MOV  R26,R@0
                 	MOV  R27,R@1
                 	ADIW R26,@2
                 	ST   X+,R30
                 	ST   X,R31
                 	.ENDM
                 
                 	.MACRO __PUTD1RONS
                 	MOV  R26,R@0
                 	MOV  R27,R@1
                 	ADIW R26,@2
                 	CALL __PUTDP1
                 	.ENDM
                 
                 
                 	.MACRO __GETB1SX
                 	MOVW R30,R28
                 	SUBI R30,LOW(-@0)
                 	SBCI R31,HIGH(-@0)
                 	LD   R30,Z
                 	.ENDM
                 
                 	.MACRO __GETB1HSX
                 	MOVW R30,R28
                 	SUBI R30,LOW(-@0)
                 	SBCI R31,HIGH(-@0)
                 	LD   R31,Z
                 	.ENDM
                 
                 	.MACRO __GETW1SX
                 	MOVW R30,R28
                 	SUBI R30,LOW(-@0)
                 	SBCI R31,HIGH(-@0)
                 	LD   R0,Z+
                 	LD   R31,Z
                 	MOV  R30,R0
                 	.ENDM
                 
                 	.MACRO __GETD1SX
                 	MOVW R30,R28
                 	SUBI R30,LOW(-@0)
                 	SBCI R31,HIGH(-@0)
                 	LD   R0,Z+
                 	LD   R1,Z+
                 	LD   R22,Z+
                 	LD   R23,Z
                 	MOVW R30,R0
                 	.ENDM
                 
                 	.MACRO __GETB2SX
                 	MOVW R26,R28
                 	SUBI R26,LOW(-@0)
                 	SBCI R27,HIGH(-@0)
                 	LD   R26,X
                 	.ENDM
                 
                 	.MACRO __GETW2SX
                 	MOVW R26,R28
                 	SUBI R26,LOW(-@0)
                 	SBCI R27,HIGH(-@0)
                 	LD   R0,X+
                 	LD   R27,X
                 	MOV  R26,R0
                 	.ENDM
                 
                 	.MACRO __GETD2SX
                 	MOVW R26,R28
                 	SUBI R26,LOW(-@0)
                 	SBCI R27,HIGH(-@0)
                 	LD   R0,X+
                 	LD   R1,X+
                 	LD   R24,X+
                 	LD   R25,X
                 	MOVW R26,R0
                 	.ENDM
                 
                 	.MACRO __GETBRSX
                 	MOVW R30,R28
                 	SUBI R30,LOW(-@1)
                 	SBCI R31,HIGH(-@1)
                 	LD   R@0,Z
                 	.ENDM
                 
                 	.MACRO __GETWRSX
                 	MOVW R30,R28
                 	SUBI R30,LOW(-@2)
                 	SBCI R31,HIGH(-@2)
                 	LD   R@0,Z+
                 	LD   R@1,Z
                 	.ENDM
                 
                 	.MACRO __GETBRSX2
                 	MOVW R26,R28
                 	SUBI R26,LOW(-@1)
                 	SBCI R27,HIGH(-@1)
                 	LD   R@0,X
                 	.ENDM
                 
                 	.MACRO __GETWRSX2
                 	MOVW R26,R28
                 	SUBI R26,LOW(-@2)
                 	SBCI R27,HIGH(-@2)
                 	LD   R@0,X+
                 	LD   R@1,X
                 	.ENDM
                 
                 	.MACRO __LSLW8SX
                 	MOVW R30,R28
                 	SUBI R30,LOW(-@0)
                 	SBCI R31,HIGH(-@0)
                 	LD   R31,Z
                 	CLR  R30
                 	.ENDM
                 
                 	.MACRO __PUTB1SX
                 	MOVW R26,R28
                 	SUBI R26,LOW(-@0)
                 	SBCI R27,HIGH(-@0)
                 	ST   X,R30
                 	.ENDM
                 
                 	.MACRO __PUTW1SX
                 	MOVW R26,R28
                 	SUBI R26,LOW(-@0)
                 	SBCI R27,HIGH(-@0)
                 	ST   X+,R30
                 	ST   X,R31
                 	.ENDM
                 
                 	.MACRO __PUTD1SX
                 	MOVW R26,R28
                 	SUBI R26,LOW(-@0)
                 	SBCI R27,HIGH(-@0)
                 	ST   X+,R30
                 	ST   X+,R31
                 	ST   X+,R22
                 	ST   X,R23
                 	.ENDM
                 
                 	.MACRO __CLRW1SX
                 	MOVW R26,R28
                 	SUBI R26,LOW(-@0)
                 	SBCI R27,HIGH(-@0)
                 	ST   X+,R30
                 	ST   X,R30
                 	.ENDM
                 
                 	.MACRO __CLRD1SX
                 	MOVW R26,R28
                 	SUBI R26,LOW(-@0)
                 	SBCI R27,HIGH(-@0)
                 	ST   X+,R30
                 	ST   X+,R30
                 	ST   X+,R30
                 	ST   X,R30
                 	.ENDM
                 
                 	.MACRO __PUTB2SX
                 	MOVW R30,R28
                 	SUBI R30,LOW(-@0)
                 	SBCI R31,HIGH(-@0)
                 	ST   Z,R26
                 	.ENDM
                 
                 	.MACRO __PUTW2SX
                 	MOVW R30,R28
                 	SUBI R30,LOW(-@0)
                 	SBCI R31,HIGH(-@0)
                 	ST   Z+,R26
                 	ST   Z,R27
                 	.ENDM
                 
                 	.MACRO __PUTD2SX
                 	MOVW R30,R28
                 	SUBI R30,LOW(-@0)
                 	SBCI R31,HIGH(-@0)
                 	ST   Z+,R26
                 	ST   Z+,R27
                 	ST   Z+,R24
                 	ST   Z,R25
                 	.ENDM
                 
                 	.MACRO __PUTBSRX
                 	MOVW R30,R28
                 	SUBI R30,LOW(-@1)
                 	SBCI R31,HIGH(-@1)
                 	ST   Z,R@0
                 	.ENDM
                 
                 	.MACRO __PUTWSRX
                 	MOVW R30,R28
                 	SUBI R30,LOW(-@2)
                 	SBCI R31,HIGH(-@2)
                 	ST   Z+,R@0
                 	ST   Z,R@1
                 	.ENDM
                 
                 	.MACRO __PUTB1SNX
                 	MOVW R26,R28
                 	SUBI R26,LOW(-@0)
                 	SBCI R27,HIGH(-@0)
                 	LD   R0,X+
                 	LD   R27,X
                 	MOV  R26,R0
                 	SUBI R26,LOW(-@1)
                 	SBCI R27,HIGH(-@1)
                 	ST   X,R30
                 	.ENDM
                 
                 	.MACRO __PUTW1SNX
                 	MOVW R26,R28
                 	SUBI R26,LOW(-@0)
                 	SBCI R27,HIGH(-@0)
                 	LD   R0,X+
                 	LD   R27,X
                 	MOV  R26,R0
                 	SUBI R26,LOW(-@1)
                 	SBCI R27,HIGH(-@1)
                 	ST   X+,R30
                 	ST   X,R31
                 	.ENDM
                 
                 	.MACRO __PUTD1SNX
                 	MOVW R26,R28
                 	SUBI R26,LOW(-@0)
                 	SBCI R27,HIGH(-@0)
                 	LD   R0,X+
                 	LD   R27,X
                 	MOV  R26,R0
                 	SUBI R26,LOW(-@1)
                 	SBCI R27,HIGH(-@1)
                 	ST   X+,R30
                 	ST   X+,R31
                 	ST   X+,R22
                 	ST   X,R23
                 	.ENDM
                 
                 	.MACRO __MULBRR
                 	MULS R@0,R@1
                 	MOVW R30,R0
                 	.ENDM
                 
                 	.MACRO __MULBRRU
                 	MUL  R@0,R@1
                 	MOVW R30,R0
                 	.ENDM
                 
                 	.MACRO __MULBRR0
                 	MULS R@0,R@1
                 	.ENDM
                 
                 	.MACRO __MULBRRU0
                 	MUL  R@0,R@1
                 	.ENDM
                 
                 	.MACRO __MULBNWRU
                 	LDI  R26,@2
                 	MUL  R26,R@0
                 	MOVW R30,R0
                 	MUL  R26,R@1
                 	ADD  R31,R0
                 	.ENDM
                 
                 ;NAME DEFINITIONS FOR GLOBAL VARIABLES ALLOCATED TO REGISTERS
                 	.DEF _CE=R4
                 	.DEF _CE_msb=R5
                 	.DEF _ms=R7
                 	.DEF _sec=R6
                 	.DEF _min=R9
                 	.DEF _hour=R8
                 	.DEF _start=R11
                 	.DEF _stop=R10
                 	.DEF __lcd_x=R13
                 	.DEF __lcd_y=R12
                 
                 	.CSEG
                 	.ORG 0x00
                 
                 ;START OF CODE MARKER
                 __START_OF_CODE:
                 
                 ;INTERRUPT VECTORS
000000 940c 0052 	JMP  __RESET
000002 940c 007f 	JMP  _ext_int0_isr
000004 940c 0000 	JMP  0x00
000006 940c 0000 	JMP  0x00
000008 940c 0000 	JMP  0x00
00000a 940c 0000 	JMP  0x00
00000c 940c 0000 	JMP  0x00
00000e 940c 0000 	JMP  0x00
000010 940c 0000 	JMP  0x00
000012 940c 00ad 	JMP  _timer0_ovf_isr
000014 940c 0000 	JMP  0x00
000016 940c 0000 	JMP  0x00
000018 940c 0000 	JMP  0x00
00001a 940c 0000 	JMP  0x00
00001c 940c 0000 	JMP  0x00
00001e 940c 0000 	JMP  0x00
000020 940c 0000 	JMP  0x00
000022 940c 0000 	JMP  0x00
000024 940c 0093 	JMP  _ext_int2_isr
000026 940c 0000 	JMP  0x00
000028 940c 0000 	JMP  0x00
                 
                 _tbl10_G101:
00002a 2710
00002b 03e8
00002c 0064
00002d 000a      	.DB  0x10,0x27,0xE8,0x3,0x64,0x0,0xA,0x0
00002e 0001      	.DB  0x1,0x0
                 _tbl16_G101:
00002f 1000
000030 0100
000031 0010
000032 0001      	.DB  0x0,0x10,0x0,0x1,0x10,0x0,0x1,0x0
                 
                 ;GLOBAL REGISTER VARIABLES INITIALIZATION
                 __REG_VARS:
000033 03e8
000034 0000      	.DB  0xE8,0x3,0x0,0x0
000035 0000      	.DB  0x0,0x0
                 
                 _0x0:
000036 4543
000037 253a
000038 3030
000039 6432      	.DB  0x43,0x45,0x3A,0x25,0x30,0x30,0x32,0x64
00003a 6600
00003b 6c75
00003c 006c
00003d 3025      	.DB  0x0,0x66,0x75,0x6C,0x6C,0x0,0x25,0x30
00003e 6432
00003f 253a
000040 3230
000041 3a64      	.DB  0x32,0x64,0x3A,0x25,0x30,0x32,0x64,0x3A
000042 3025
000043 6432
000044 253a
000045 3230      	.DB  0x25,0x30,0x32,0x64,0x3A,0x25,0x30,0x32
000046 0064      	.DB  0x64,0x0
                 _0x2000003:
000047 c080      	.DB  0x80,0xC0
                 
                 __GLOBAL_INI_TBL:
000048 0006      	.DW  0x06
000049 0004      	.DW  0x04
00004a 0066      	.DW  __REG_VARS*2
                 
00004b 0005      	.DW  0x05
00004c 0160      	.DW  _0x5
00004d 0075      	.DW  _0x0*2+9
                 
00004e 0002      	.DW  0x02
00004f 018d      	.DW  __base_y_G100
000050 008e      	.DW  _0x2000003*2
                 
                 _0xFFFFFFFF:
000051 0000      	.DW  0
                 
                 #define __GLOBAL_INI_TBL_PRESENT 1
                 
                 __RESET:
000052 94f8      	CLI
000053 27ee      	CLR  R30
000054 bbec      	OUT  EECR,R30
                 
                 ;INTERRUPT VECTORS ARE PLACED
                 ;AT THE START OF FLASH
000055 e0f1      	LDI  R31,1
000056 bffb      	OUT  GICR,R31
000057 bfeb      	OUT  GICR,R30
000058 bfe5      	OUT  MCUCR,R30
                 
                 ;CLEAR R2-R14
000059 e08d      	LDI  R24,(14-2)+1
00005a e0a2      	LDI  R26,2
00005b 27bb      	CLR  R27
                 __CLEAR_REG:
00005c 93ed      	ST   X+,R30
00005d 958a      	DEC  R24
00005e f7e9      	BRNE __CLEAR_REG
                 
                 ;CLEAR SRAM
00005f e080      	LDI  R24,LOW(__CLEAR_SRAM_SIZE)
000060 e094      	LDI  R25,HIGH(__CLEAR_SRAM_SIZE)
000061 e6a0      	LDI  R26,__SRAM_START
                 __CLEAR_SRAM:
000062 93ed      	ST   X+,R30
000063 9701      	SBIW R24,1
000064 f7e9      	BRNE __CLEAR_SRAM
                 
                 ;GLOBAL VARIABLES INITIALIZATION
000065 e9e0      	LDI  R30,LOW(__GLOBAL_INI_TBL*2)
000066 e0f0      	LDI  R31,HIGH(__GLOBAL_INI_TBL*2)
                 __GLOBAL_INI_NEXT:
000067 9185      	LPM  R24,Z+
000068 9195      	LPM  R25,Z+
000069 9700      	SBIW R24,0
00006a f061      	BREQ __GLOBAL_INI_END
00006b 91a5      	LPM  R26,Z+
00006c 91b5      	LPM  R27,Z+
00006d 9005      	LPM  R0,Z+
00006e 9015      	LPM  R1,Z+
00006f 01bf      	MOVW R22,R30
000070 01f0      	MOVW R30,R0
                 __GLOBAL_INI_LOOP:
000071 9005      	LPM  R0,Z+
000072 920d      	ST   X+,R0
000073 9701      	SBIW R24,1
000074 f7e1      	BRNE __GLOBAL_INI_LOOP
000075 01fb      	MOVW R30,R22
000076 cff0      	RJMP __GLOBAL_INI_NEXT
                 __GLOBAL_INI_END:
                 
                 ;HARDWARE STACK POINTER INITIALIZATION
000077 e5ef      	LDI  R30,LOW(__SRAM_END-__HEAP_SIZE)
000078 bfed      	OUT  SPL,R30
000079 e0e4      	LDI  R30,HIGH(__SRAM_END-__HEAP_SIZE)
00007a bfee      	OUT  SPH,R30
                 
                 ;DATA STACK POINTER INITIALIZATION
00007b e6c0      	LDI  R28,LOW(__SRAM_START+__DSTACK_SIZE)
00007c e0d1      	LDI  R29,HIGH(__SRAM_START+__DSTACK_SIZE)
                 
00007d 940c 0106 	JMP  _main
                 
                 	.ESEG
                 	.ORG 0
                 
                 	.DSEG
                 	.ORG 0x160
                 
                 	.CSEG
                 ;/*******************************************************
                 ;This program was created by the
                 ;CodeWizardAVR V3.12 Advanced
                 ;Automatic Program Generator
                 ;© Copyright 1998-2014 Pavel Haiduc, HP InfoTech s.r.l.
                 ;http://www.hpinfotech.com
                 ;
                 ;Project :
                 ;Version :
                 ;Date    : 10/25/2020
                 ;Author  :
                 ;Company :
                 ;Comments:
                 ;
                 ;
                 ;Chip type               : ATmega16
                 ;Program type            : Application
                 ;AVR Core Clock frequency: 8.000000 MHz
                 ;Memory model            : Small
                 ;External RAM size       : 0
                 ;Data Stack size         : 256
                 ;*******************************************************/
                 ;
                 ;#include <mega16.h>
                 	#ifndef __SLEEP_DEFINED__
                 	#define __SLEEP_DEFINED__
                 	.EQU __se_bit=0x40
                 	.EQU __sm_mask=0xB0
                 	.EQU __sm_powerdown=0x20
                 	.EQU __sm_powersave=0x30
                 	.EQU __sm_standby=0xA0
                 	.EQU __sm_ext_standby=0xB0
                 	.EQU __sm_adc_noise_red=0x10
                 	.SET power_ctrl_reg=mcucr
                 	#endif
                 ;#include <alcd.h>
                 ;#include <delay.h>
                 ;#include <stdio.h>
                 ;int CE=1000;
                 ;char str2[20];
                 ;char ms=0,sec=0,min=0,hour=0;
                 ;char str[20];
                 ;char start,stop;
                 ;
                 ;// Declare your global variables here
                 ;
                 ;// External Interrupt 0 service routine
                 ;interrupt [EXT_INT0] void ext_int0_isr(void)
                 ; 0000 0026 {
                 
                 	.CSEG
                 _ext_int0_isr:
                 ; .FSTART _ext_int0_isr
00007f 940e 0391 	CALL SUBOPT_0x0
                 ; 0000 0027     lcd_clear();
                 ; 0000 0028     CE=CE+1;
000081 01f2      	MOVW R30,R4
000082 9631      	ADIW R30,1
000083 012f      	MOVW R4,R30
                 ; 0000 0029     delay_ms(5);
000084 e0a5      	LDI  R26,LOW(5)
000085 e0b0      	LDI  R27,0
000086 940e 0419 	CALL _delay_ms
                 ; 0000 002A     lcd_gotoxy(0,1);
000088 940e 03a0 	CALL SUBOPT_0x1
                 ; 0000 002B     sprintf(str2,"CE:%002d",CE);
                 ; 0000 002C     lcd_puts(str2);
                 ; 0000 002D     if(CE>=1000)
00008a eee8      	LDI  R30,LOW(1000)
00008b e0f3      	LDI  R31,HIGH(1000)
00008c 164e      	CP   R4,R30
00008d 065f      	CPC  R5,R31
00008e f01c      	BRLT _0x3
                 ; 0000 002E     {
                 ; 0000 002F         CE=1000;
00008f 012f      	MOVW R4,R30
                 ; 0000 0030         lcd_gotoxy(0,1);
000090 940e 03a0 	CALL SUBOPT_0x1
                 ; 0000 0031         sprintf(str2,"CE:%002d",CE);
                 ; 0000 0032         lcd_puts(str2);
                 ; 0000 0033     }
                 ; 0000 0034 }
                 _0x3:
000092 c065      	RJMP _0x16
                 ; .FEND
                 ;
                 ;// External Interrupt 2 service routine
                 ;interrupt [EXT_INT2] void ext_int2_isr(void)
                 ; 0000 0038 {
                 _ext_int2_isr:
                 ; .FSTART _ext_int2_isr
000093 940e 0391 	CALL SUBOPT_0x0
                 ; 0000 0039     lcd_clear();
                 ; 0000 003A     delay_ms(5);
000095 e0a5      	LDI  R26,LOW(5)
000096 e0b0      	LDI  R27,0
000097 940e 0419 	CALL _delay_ms
                 ; 0000 003B     CE=CE-1;
000099 01f2      	MOVW R30,R4
00009a 9731      	SBIW R30,1
00009b 012f      	MOVW R4,R30
                 ; 0000 003C     lcd_gotoxy(0,1);
00009c 940e 03a0 	CALL SUBOPT_0x1
                 ; 0000 003D     sprintf(str2,"CE:%002d",CE);
                 ; 0000 003E     lcd_puts(str2);
                 ; 0000 003F 
                 ; 0000 0040     if(CE==0)
00009e 2c04      	MOV  R0,R4
00009f 2805      	OR   R0,R5
0000a0 f459      	BRNE _0x4
                 ; 0000 0041     {
                 ; 0000 0042         lcd_clear();
0000a1 d0cb      	RCALL _lcd_clear
                 ; 0000 0043         lcd_gotoxy(0,1);
0000a2 e0e0      	LDI  R30,LOW(0)
0000a3 93ea      	ST   -Y,R30
0000a4 e0a1      	LDI  R26,LOW(1)
0000a5 d0ba      	RCALL _lcd_gotoxy
                 ; 0000 0044         lcd_puts("full");
                +
0000a6 e6a0     +LDI R26 , LOW ( _0x5 + ( 0 ) )
0000a7 e0b1     +LDI R27 , HIGH ( _0x5 + ( 0 ) )
                 	__POINTW2MN _0x5,0
0000a8 d0e7      	RCALL _lcd_puts
                 ; 0000 0045         CE=1000;
0000a9 eee8      	LDI  R30,LOW(1000)
0000aa e0f3      	LDI  R31,HIGH(1000)
0000ab 012f      	MOVW R4,R30
                 ; 0000 0046     }
                 ; 0000 0047 }
                 _0x4:
0000ac c04b      	RJMP _0x16
                 ; .FEND
                 
                 	.DSEG
                 _0x5:
000160           	.BYTE 0x5
                 ;
                 ;// Timer 0 overflow interrupt service routine
                 ;interrupt [TIM0_OVF] void timer0_ovf_isr(void)
                 ; 0000 004B {
                 
                 	.CSEG
                 _timer0_ovf_isr:
                 ; .FSTART _timer0_ovf_isr
0000ad 920a      	ST   -Y,R0
0000ae 921a      	ST   -Y,R1
0000af 92fa      	ST   -Y,R15
0000b0 936a      	ST   -Y,R22
0000b1 937a      	ST   -Y,R23
0000b2 938a      	ST   -Y,R24
0000b3 939a      	ST   -Y,R25
0000b4 93aa      	ST   -Y,R26
0000b5 93ba      	ST   -Y,R27
0000b6 93ea      	ST   -Y,R30
0000b7 93fa      	ST   -Y,R31
0000b8 b7ef      	IN   R30,SREG
0000b9 93ea      	ST   -Y,R30
                 ; 0000 004C // Reinitialize Timer 0 value
                 ; 0000 004D     TCNT0=0xB2;
0000ba ebe2      	LDI  R30,LOW(178)
0000bb bfe2      	OUT  0x32,R30
                 ; 0000 004E     if(PINB.4==0)
0000bc 99b4      	SBIC 0x16,4
0000bd c003      	RJMP _0x6
                 ; 0000 004F     {
                 ; 0000 0050         start=1; stop=0;
0000be e0e1      	LDI  R30,LOW(1)
0000bf 2ebe      	MOV  R11,R30
0000c0 24aa      	CLR  R10
                 ; 0000 0051     }
                 ; 0000 0052     if(start==1)
                 _0x6:
0000c1 e0e1      	LDI  R30,LOW(1)
0000c2 15eb      	CP   R30,R11
0000c3 f499      	BRNE _0x7
                 ; 0000 0053     {
                 ; 0000 0054         ms++;
0000c4 9473      	INC  R7
                 ; 0000 0055         if(ms==100)
0000c5 e6e4      	LDI  R30,LOW(100)
0000c6 15e7      	CP   R30,R7
0000c7 f479      	BRNE _0x8
                 ; 0000 0056         {
                 ; 0000 0057             sec++; ms=0;
0000c8 9463      	INC  R6
0000c9 2477      	CLR  R7
                 ; 0000 0058             if(sec==60)
0000ca e3ec      	LDI  R30,LOW(60)
0000cb 15e6      	CP   R30,R6
0000cc f451      	BRNE _0x9
                 ; 0000 0059             {
                 ; 0000 005A                 min++; sec=0;
0000cd 9493      	INC  R9
0000ce 2466      	CLR  R6
                 ; 0000 005B                 if(min==60)
0000cf 15e9      	CP   R30,R9
0000d0 f431      	BRNE _0xA
                 ; 0000 005C                 {
                 ; 0000 005D                     hour++; min=0;
0000d1 9483      	INC  R8
0000d2 2499      	CLR  R9
                 ; 0000 005E                     if(hour==24)
0000d3 e1e8      	LDI  R30,LOW(24)
0000d4 15e8      	CP   R30,R8
0000d5 f409      	BRNE _0xB
                 ; 0000 005F                     {
                 ; 0000 0060                         hour=0;
0000d6 2488      	CLR  R8
                 ; 0000 0061                     }
                 ; 0000 0062                 }
                 _0xB:
                 ; 0000 0063             }
                 _0xA:
                 ; 0000 0064         }
                 _0x9:
                 ; 0000 0065     }
                 _0x8:
                 ; 0000 0066     if((PINB.5==0)&&(stop==0))
                 _0x7:
0000d7 99b5      	SBIC 0x16,5
0000d8 c002      	RJMP _0xD
0000d9 20aa      	TST  R10
0000da f009      	BREQ _0xE
                 _0xD:
0000db c007      	RJMP _0xC
                 _0xE:
                 ; 0000 0067     {
                 ; 0000 0068         stop=1; start=0;
0000dc e0e1      	LDI  R30,LOW(1)
0000dd 2eae      	MOV  R10,R30
0000de 24bb      	CLR  R11
                 ; 0000 0069         delay_ms(20);
0000df e1a4      	LDI  R26,LOW(20)
0000e0 e0b0      	LDI  R27,0
0000e1 940e 0419 	CALL _delay_ms
                 ; 0000 006A     }
                 ; 0000 006B     if((PINB.5==0)&&(stop==1))
                 _0xC:
0000e3 99b5      	SBIC 0x16,5
0000e4 c003      	RJMP _0x10
0000e5 e0e1      	LDI  R30,LOW(1)
0000e6 15ea      	CP   R30,R10
0000e7 f009      	BREQ _0x11
                 _0x10:
0000e8 c004      	RJMP _0xF
                 _0x11:
                 ; 0000 006C     {
                 ; 0000 006D         ms=0; sec=0; min=0; hour=0;
0000e9 2477      	CLR  R7
0000ea 2466      	CLR  R6
0000eb 2499      	CLR  R9
0000ec 2488      	CLR  R8
                 ; 0000 006E     }
                 ; 0000 006F 
                 ; 0000 0070      lcd_gotoxy(0,0);
                 _0xF:
0000ed e0e0      	LDI  R30,LOW(0)
0000ee 93ea      	ST   -Y,R30
0000ef e0a0      	LDI  R26,LOW(0)
0000f0 d06f      	RCALL _lcd_gotoxy
                 ; 0000 0071      sprintf(str,"%02d:%02d:%02d:%02d",hour,min,sec,ms);
0000f1 940e 03ba 	CALL SUBOPT_0x2
                 ; 0000 0072      lcd_puts(str);
0000f3 e7a9      	LDI  R26,LOW(_str)
0000f4 e0b1      	LDI  R27,HIGH(_str)
0000f5 d09a      	RCALL _lcd_puts
                 ; 0000 0073      sprintf(str,"%02d:%02d:%02d:%02d",hour,min,sec,ms);
0000f6 940e 03ba 	CALL SUBOPT_0x2
                 ; 0000 0074 }
                 _0x16:
0000f8 91e9      	LD   R30,Y+
0000f9 bfef      	OUT  SREG,R30
0000fa 91f9      	LD   R31,Y+
0000fb 91e9      	LD   R30,Y+
0000fc 91b9      	LD   R27,Y+
0000fd 91a9      	LD   R26,Y+
0000fe 9199      	LD   R25,Y+
0000ff 9189      	LD   R24,Y+
000100 9179      	LD   R23,Y+
000101 9169      	LD   R22,Y+
000102 90f9      	LD   R15,Y+
000103 9019      	LD   R1,Y+
000104 9009      	LD   R0,Y+
000105 9518      	RETI
                 ; .FEND
                 ;
                 ;void main(void)
                 ; 0000 0077 {
                 _main:
                 ; .FSTART _main
                 ; 0000 0078 // Declare your local variables here
                 ; 0000 0079 
                 ; 0000 007A // Input/Output Ports initialization
                 ; 0000 007B // Port A initialization
                 ; 0000 007C // Function: Bit7=In Bit6=In Bit5=In Bit4=In Bit3=In Bit2=In Bit1=In Bit0=In
                 ; 0000 007D DDRA=(0<<DDA7) | (0<<DDA6) | (0<<DDA5) | (0<<DDA4) | (0<<DDA3) | (0<<DDA2) | (0<<DDA1) | (0<<DDA0);
000106 e0e0      	LDI  R30,LOW(0)
000107 bbea      	OUT  0x1A,R30
                 ; 0000 007E // State: Bit7=T Bit6=T Bit5=T Bit4=T Bit3=T Bit2=T Bit1=T Bit0=T
                 ; 0000 007F PORTA=(0<<PORTA7) | (0<<PORTA6) | (0<<PORTA5) | (0<<PORTA4) | (0<<PORTA3) | (0<<PORTA2) | (0<<PORTA1) | (0<<PORTA0);
000108 bbeb      	OUT  0x1B,R30
                 ; 0000 0080 
                 ; 0000 0081 // Port B initialization
                 ; 0000 0082 // Function: Bit7=In Bit6=In Bit5=In Bit4=In Bit3=In Bit2=In Bit1=In Bit0=In
                 ; 0000 0083 DDRB=(0<<DDB7) | (0<<DDB6) | (0<<DDB5) | (0<<DDB4) | (0<<DDB3) | (0<<DDB2) | (0<<DDB1) | (0<<DDB0);
000109 bbe7      	OUT  0x17,R30
                 ; 0000 0084 // State: Bit7=T Bit6=T Bit5=T Bit4=T Bit3=T Bit2=T Bit1=T Bit0=T
                 ; 0000 0085 PORTB=(0<<PORTB7) | (0<<PORTB6) | (0<<PORTB5) | (0<<PORTB4) | (0<<PORTB3) | (0<<PORTB2) | (0<<PORTB1) | (0<<PORTB0);
00010a bbe8      	OUT  0x18,R30
                 ; 0000 0086 
                 ; 0000 0087 // Port C initialization
                 ; 0000 0088 // Function: Bit7=Out Bit6=Out Bit5=Out Bit4=Out Bit3=Out Bit2=Out Bit1=Out Bit0=Out
                 ; 0000 0089 DDRC=(1<<DDC7) | (1<<DDC6) | (1<<DDC5) | (1<<DDC4) | (1<<DDC3) | (1<<DDC2) | (1<<DDC1) | (1<<DDC0);
00010b efef      	LDI  R30,LOW(255)
00010c bbe4      	OUT  0x14,R30
                 ; 0000 008A // State: Bit7=0 Bit6=0 Bit5=0 Bit4=0 Bit3=0 Bit2=0 Bit1=0 Bit0=0
                 ; 0000 008B PORTC=(0<<PORTC7) | (0<<PORTC6) | (0<<PORTC5) | (0<<PORTC4) | (0<<PORTC3) | (0<<PORTC2) | (0<<PORTC1) | (0<<PORTC0);
00010d e0e0      	LDI  R30,LOW(0)
00010e bbe5      	OUT  0x15,R30
                 ; 0000 008C 
                 ; 0000 008D // Port D initialization
                 ; 0000 008E // Function: Bit7=In Bit6=In Bit5=In Bit4=In Bit3=In Bit2=In Bit1=In Bit0=In
                 ; 0000 008F DDRD=(0<<DDD7) | (0<<DDD6) | (0<<DDD5) | (0<<DDD4) | (0<<DDD3) | (0<<DDD2) | (0<<DDD1) | (0<<DDD0);
00010f bbe1      	OUT  0x11,R30
                 ; 0000 0090 // State: Bit7=T Bit6=T Bit5=T Bit4=T Bit3=T Bit2=T Bit1=T Bit0=T
                 ; 0000 0091 PORTD=(0<<PORTD7) | (0<<PORTD6) | (0<<PORTD5) | (0<<PORTD4) | (0<<PORTD3) | (0<<PORTD2) | (0<<PORTD1) | (0<<PORTD0);
000110 bbe2      	OUT  0x12,R30
                 ; 0000 0092 
                 ; 0000 0093 // Timer/Counter 0 initialization
                 ; 0000 0094 // Clock source: System Clock
                 ; 0000 0095 // Clock value: 7.813 kHz
                 ; 0000 0096 // Mode: Normal top=0xFF
                 ; 0000 0097 // OC0 output: Disconnected
                 ; 0000 0098 // Timer Period: 9.984 ms
                 ; 0000 0099 TCCR0=(0<<WGM00) | (0<<COM01) | (0<<COM00) | (0<<WGM01) | (1<<CS02) | (0<<CS01) | (1<<CS00);
000111 e0e5      	LDI  R30,LOW(5)
000112 bfe3      	OUT  0x33,R30
                 ; 0000 009A TCNT0=0xB2;
000113 ebe2      	LDI  R30,LOW(178)
000114 bfe2      	OUT  0x32,R30
                 ; 0000 009B OCR0=0x00;
000115 e0e0      	LDI  R30,LOW(0)
000116 bfec      	OUT  0x3C,R30
                 ; 0000 009C 
                 ; 0000 009D // Timer/Counter 1 initialization
                 ; 0000 009E // Clock source: System Clock
                 ; 0000 009F // Clock value: Timer1 Stopped
                 ; 0000 00A0 // Mode: Normal top=0xFFFF
                 ; 0000 00A1 // OC1A output: Disconnected
                 ; 0000 00A2 // OC1B output: Disconnected
                 ; 0000 00A3 // Noise Canceler: Off
                 ; 0000 00A4 // Input Capture on Falling Edge
                 ; 0000 00A5 // Timer1 Overflow Interrupt: Off
                 ; 0000 00A6 // Input Capture Interrupt: Off
                 ; 0000 00A7 // Compare A Match Interrupt: Off
                 ; 0000 00A8 // Compare B Match Interrupt: Off
                 ; 0000 00A9 TCCR1A=(0<<COM1A1) | (0<<COM1A0) | (0<<COM1B1) | (0<<COM1B0) | (0<<WGM11) | (0<<WGM10);
000117 bdef      	OUT  0x2F,R30
                 ; 0000 00AA TCCR1B=(0<<ICNC1) | (0<<ICES1) | (0<<WGM13) | (0<<WGM12) | (0<<CS12) | (0<<CS11) | (0<<CS10);
000118 bdee      	OUT  0x2E,R30
                 ; 0000 00AB TCNT1H=0x00;
000119 bded      	OUT  0x2D,R30
                 ; 0000 00AC TCNT1L=0x00;
00011a bdec      	OUT  0x2C,R30
                 ; 0000 00AD ICR1H=0x00;
00011b bde7      	OUT  0x27,R30
                 ; 0000 00AE ICR1L=0x00;
00011c bde6      	OUT  0x26,R30
                 ; 0000 00AF OCR1AH=0x00;
00011d bdeb      	OUT  0x2B,R30
                 ; 0000 00B0 OCR1AL=0x00;
00011e bdea      	OUT  0x2A,R30
                 ; 0000 00B1 OCR1BH=0x00;
00011f bde9      	OUT  0x29,R30
                 ; 0000 00B2 OCR1BL=0x00;
000120 bde8      	OUT  0x28,R30
                 ; 0000 00B3 
                 ; 0000 00B4 // Timer/Counter 2 initialization
                 ; 0000 00B5 // Clock source: System Clock
                 ; 0000 00B6 // Clock value: Timer2 Stopped
                 ; 0000 00B7 // Mode: Normal top=0xFF
                 ; 0000 00B8 // OC2 output: Disconnected
                 ; 0000 00B9 ASSR=0<<AS2;
000121 bde2      	OUT  0x22,R30
                 ; 0000 00BA TCCR2=(0<<PWM2) | (0<<COM21) | (0<<COM20) | (0<<CTC2) | (0<<CS22) | (0<<CS21) | (0<<CS20);
000122 bde5      	OUT  0x25,R30
                 ; 0000 00BB TCNT2=0x00;
000123 bde4      	OUT  0x24,R30
                 ; 0000 00BC OCR2=0x00;
000124 bde3      	OUT  0x23,R30
                 ; 0000 00BD 
                 ; 0000 00BE // Timer(s)/Counter(s) Interrupt(s) initialization
                 ; 0000 00BF TIMSK=(0<<OCIE2) | (0<<TOIE2) | (0<<TICIE1) | (0<<OCIE1A) | (0<<OCIE1B) | (0<<TOIE1) | (0<<OCIE0) | (1<<TOIE0);
000125 e0e1      	LDI  R30,LOW(1)
000126 bfe9      	OUT  0x39,R30
                 ; 0000 00C0 
                 ; 0000 00C1 // External Interrupt(s) initialization
                 ; 0000 00C2 // INT0: On
                 ; 0000 00C3 // INT0 Mode: Falling Edge
                 ; 0000 00C4 // INT1: Off
                 ; 0000 00C5 // INT2: On
                 ; 0000 00C6 // INT2 Mode: Falling Edge
                 ; 0000 00C7 GICR|=(0<<INT1) | (1<<INT0) | (1<<INT2);
000127 b7eb      	IN   R30,0x3B
000128 66e0      	ORI  R30,LOW(0x60)
000129 bfeb      	OUT  0x3B,R30
                 ; 0000 00C8 MCUCR=(0<<ISC11) | (0<<ISC10) | (1<<ISC01) | (0<<ISC00);
00012a e0e2      	LDI  R30,LOW(2)
00012b bfe5      	OUT  0x35,R30
                 ; 0000 00C9 MCUCSR=(0<<ISC2);
00012c e0e0      	LDI  R30,LOW(0)
00012d bfe4      	OUT  0x34,R30
                 ; 0000 00CA GIFR=(0<<INTF1) | (1<<INTF0) | (1<<INTF2);
00012e e6e0      	LDI  R30,LOW(96)
00012f bfea      	OUT  0x3A,R30
                 ; 0000 00CB 
                 ; 0000 00CC // USART initialization
                 ; 0000 00CD // USART disabled
                 ; 0000 00CE UCSRB=(0<<RXCIE) | (0<<TXCIE) | (0<<UDRIE) | (0<<RXEN) | (0<<TXEN) | (0<<UCSZ2) | (0<<RXB8) | (0<<TXB8);
000130 e0e0      	LDI  R30,LOW(0)
000131 b9ea      	OUT  0xA,R30
                 ; 0000 00CF 
                 ; 0000 00D0 // Analog Comparator initialization
                 ; 0000 00D1 // Analog Comparator: Off
                 ; 0000 00D2 // The Analog Comparator's positive input is
                 ; 0000 00D3 // connected to the AIN0 pin
                 ; 0000 00D4 // The Analog Comparator's negative input is
                 ; 0000 00D5 // connected to the AIN1 pin
                 ; 0000 00D6 ACSR=(1<<ACD) | (0<<ACBG) | (0<<ACO) | (0<<ACI) | (0<<ACIE) | (0<<ACIC) | (0<<ACIS1) | (0<<ACIS0);
000132 e8e0      	LDI  R30,LOW(128)
000133 b9e8      	OUT  0x8,R30
                 ; 0000 00D7 SFIOR=(0<<ACME);
000134 e0e0      	LDI  R30,LOW(0)
000135 bfe0      	OUT  0x30,R30
                 ; 0000 00D8 
                 ; 0000 00D9 // ADC initialization
                 ; 0000 00DA // ADC disabled
                 ; 0000 00DB ADCSRA=(0<<ADEN) | (0<<ADSC) | (0<<ADATE) | (0<<ADIF) | (0<<ADIE) | (0<<ADPS2) | (0<<ADPS1) | (0<<ADPS0);
000136 b9e6      	OUT  0x6,R30
                 ; 0000 00DC 
                 ; 0000 00DD // SPI initialization
                 ; 0000 00DE // SPI disabled
                 ; 0000 00DF SPCR=(0<<SPIE) | (0<<SPE) | (0<<DORD) | (0<<MSTR) | (0<<CPOL) | (0<<CPHA) | (0<<SPR1) | (0<<SPR0);
000137 b9ed      	OUT  0xD,R30
                 ; 0000 00E0 
                 ; 0000 00E1 // TWI initialization
                 ; 0000 00E2 // TWI disabled
                 ; 0000 00E3 TWCR=(0<<TWEA) | (0<<TWSTA) | (0<<TWSTO) | (0<<TWEN) | (0<<TWIE);
000138 bfe6      	OUT  0x36,R30
                 ; 0000 00E4 
                 ; 0000 00E5 // Alphanumeric LCD initialization
                 ; 0000 00E6 // Connections are specified in the
                 ; 0000 00E7 // Project|Configure|C Compiler|Libraries|Alphanumeric LCD menu:
                 ; 0000 00E8 // RS - PORTC Bit 0
                 ; 0000 00E9 // RD - PORTC Bit 1
                 ; 0000 00EA // EN - PORTC Bit 2
                 ; 0000 00EB // D4 - PORTC Bit 4
                 ; 0000 00EC // D5 - PORTC Bit 5
                 ; 0000 00ED // D6 - PORTC Bit 6
                 ; 0000 00EE // D7 - PORTC Bit 7
                 ; 0000 00EF // Characters/line: 16
                 ; 0000 00F0 lcd_init(16);
000139 e1a0      	LDI  R26,LOW(16)
00013a d066      	RCALL _lcd_init
                 ; 0000 00F1 lcd_gotoxy(0,1);
00013b 940e 03a0 	CALL SUBOPT_0x1
                 ; 0000 00F2   sprintf(str2,"CE:%002d",CE);
                 ; 0000 00F3     lcd_puts(str2);
                 ; 0000 00F4 // Global enable interrupts
                 ; 0000 00F5 #asm("sei")
00013d 9478      	sei
                 ; 0000 00F6 
                 ; 0000 00F7 while (1)
                 _0x12:
                 ; 0000 00F8       {
                 ; 0000 00F9       // Place your code here
                 ; 0000 00FA 
                 ; 0000 00FB       }
00013e cfff      	RJMP _0x12
                 ; 0000 00FC }
                 _0x15:
00013f cfff      	RJMP _0x15
                 ; .FEND
                 	#ifndef __SLEEP_DEFINED__
                 	#endif
                 
                 	.DSEG
                 
                 	.CSEG
                 __lcd_write_nibble_G100:
                 ; .FSTART __lcd_write_nibble_G100
000140 93aa      	ST   -Y,R26
000141 b3e5      	IN   R30,0x15
000142 70ef      	ANDI R30,LOW(0xF)
000143 2fae      	MOV  R26,R30
000144 81e8      	LD   R30,Y
000145 7fe0      	ANDI R30,LOW(0xF0)
000146 2bea      	OR   R30,R26
000147 bbe5      	OUT  0x15,R30
                +
000148 e08d     +LDI R24 , LOW ( 13 )
                +__DELAY_USB_LOOP :
000149 958a     +DEC R24
00014a f7f1     +BRNE __DELAY_USB_LOOP
                 	__DELAY_USB 13
00014b 9aaa      	SBI  0x15,2
                +
00014c e08d     +LDI R24 , LOW ( 13 )
                +__DELAY_USB_LOOP :
00014d 958a     +DEC R24
00014e f7f1     +BRNE __DELAY_USB_LOOP
                 	__DELAY_USB 13
00014f 98aa      	CBI  0x15,2
                +
000150 e08d     +LDI R24 , LOW ( 13 )
                +__DELAY_USB_LOOP :
000151 958a     +DEC R24
000152 f7f1     +BRNE __DELAY_USB_LOOP
                 	__DELAY_USB 13
000153 c07a      	RJMP _0x2080002
                 ; .FEND
                 __lcd_write_data:
                 ; .FSTART __lcd_write_data
000154 93aa      	ST   -Y,R26
000155 81a8      	LD   R26,Y
000156 dfe9      	RCALL __lcd_write_nibble_G100
000157 81e8          ld    r30,y
000158 95e2          swap  r30
000159 83e8          st    y,r30
00015a 81a8      	LD   R26,Y
00015b dfe4      	RCALL __lcd_write_nibble_G100
                +
00015c e885     +LDI R24 , LOW ( 133 )
                +__DELAY_USB_LOOP :
00015d 958a     +DEC R24
00015e f7f1     +BRNE __DELAY_USB_LOOP
                 	__DELAY_USB 133
00015f c06e      	RJMP _0x2080002
                 ; .FEND
                 _lcd_gotoxy:
                 ; .FSTART _lcd_gotoxy
000160 93aa      	ST   -Y,R26
000161 81e8      	LD   R30,Y
000162 e0f0      	LDI  R31,0
000163 57e3      	SUBI R30,LOW(-__base_y_G100)
000164 4ffe      	SBCI R31,HIGH(-__base_y_G100)
000165 81e0      	LD   R30,Z
000166 81a9      	LDD  R26,Y+1
000167 0fae      	ADD  R26,R30
000168 dfeb      	RCALL __lcd_write_data
000169 80d9      	LDD  R13,Y+1
00016a 80c8      	LDD  R12,Y+0
00016b 9622      	ADIW R28,2
00016c 9508      	RET
                 ; .FEND
                 _lcd_clear:
                 ; .FSTART _lcd_clear
00016d e0a2      	LDI  R26,LOW(2)
00016e 940e 03df 	CALL SUBOPT_0x3
000170 e0ac      	LDI  R26,LOW(12)
000171 dfe2      	RCALL __lcd_write_data
000172 e0a1      	LDI  R26,LOW(1)
000173 940e 03df 	CALL SUBOPT_0x3
000175 e0e0      	LDI  R30,LOW(0)
000176 2ece      	MOV  R12,R30
000177 2ede      	MOV  R13,R30
000178 9508      	RET
                 ; .FEND
                 _lcd_putchar:
                 ; .FSTART _lcd_putchar
000179 93aa      	ST   -Y,R26
00017a 81a8      	LD   R26,Y
00017b 30aa      	CPI  R26,LOW(0xA)
00017c f021      	BREQ _0x2000005
00017d 91e0 0191 	LDS  R30,__lcd_maxx
00017f 16de      	CP   R13,R30
000180 f048      	BRLO _0x2000004
                 _0x2000005:
000181 e0e0      	LDI  R30,LOW(0)
000182 93ea      	ST   -Y,R30
000183 94c3      	INC  R12
000184 2dac      	MOV  R26,R12
000185 dfda      	RCALL _lcd_gotoxy
000186 81a8      	LD   R26,Y
000187 30aa      	CPI  R26,LOW(0xA)
000188 f409      	BRNE _0x2000007
000189 c044      	RJMP _0x2080002
                 _0x2000007:
                 _0x2000004:
00018a 94d3      	INC  R13
00018b 9aa8      	SBI  0x15,0
00018c 81a8      	LD   R26,Y
00018d dfc6      	RCALL __lcd_write_data
00018e 98a8      	CBI  0x15,0
00018f c03e      	RJMP _0x2080002
                 ; .FEND
                 _lcd_puts:
                 ; .FSTART _lcd_puts
000190 93ba      	ST   -Y,R27
000191 93aa      	ST   -Y,R26
000192 931a      	ST   -Y,R17
                 _0x2000008:
000193 81a9      	LDD  R26,Y+1
000194 81ba      	LDD  R27,Y+1+1
000195 91ed      	LD   R30,X+
000196 83a9      	STD  Y+1,R26
000197 83ba      	STD  Y+1+1,R27
000198 2f1e      	MOV  R17,R30
000199 30e0      	CPI  R30,0
00019a f019      	BREQ _0x200000A
00019b 2fa1      	MOV  R26,R17
00019c dfdc      	RCALL _lcd_putchar
00019d cff5      	RJMP _0x2000008
                 _0x200000A:
00019e 8118      	LDD  R17,Y+0
00019f 9623      	ADIW R28,3
0001a0 9508      	RET
                 ; .FEND
                 _lcd_init:
                 ; .FSTART _lcd_init
0001a1 93aa      	ST   -Y,R26
0001a2 b3e4      	IN   R30,0x14
0001a3 6fe0      	ORI  R30,LOW(0xF0)
0001a4 bbe4      	OUT  0x14,R30
0001a5 9aa2      	SBI  0x14,2
0001a6 9aa0      	SBI  0x14,0
0001a7 9aa1      	SBI  0x14,1
0001a8 98aa      	CBI  0x15,2
0001a9 98a8      	CBI  0x15,0
0001aa 98a9      	CBI  0x15,1
0001ab 81e8      	LD   R30,Y
0001ac 93e0 0191 	STS  __lcd_maxx,R30
0001ae 58e0      	SUBI R30,-LOW(128)
                +
0001af 93e0 018f+STS __base_y_G100 + ( 2 ) , R30
                 	__PUTB1MN __base_y_G100,2
0001b1 81e8      	LD   R30,Y
0001b2 54e0      	SUBI R30,-LOW(192)
                +
0001b3 93e0 0190+STS __base_y_G100 + ( 3 ) , R30
                 	__PUTB1MN __base_y_G100,3
0001b5 e1a4      	LDI  R26,LOW(20)
0001b6 e0b0      	LDI  R27,0
0001b7 940e 0419 	CALL _delay_ms
0001b9 940e 03e5 	CALL SUBOPT_0x4
0001bb 940e 03e5 	CALL SUBOPT_0x4
0001bd 940e 03e5 	CALL SUBOPT_0x4
0001bf e2a0      	LDI  R26,LOW(32)
0001c0 df7f      	RCALL __lcd_write_nibble_G100
                +
0001c1 ec88     +LDI R24 , LOW ( 200 )
0001c2 e090     +LDI R25 , HIGH ( 200 )
                +__DELAY_USW_LOOP :
0001c3 9701     +SBIW R24 , 1
0001c4 f7f1     +BRNE __DELAY_USW_LOOP
                 	__DELAY_USW 200
0001c5 e2a8      	LDI  R26,LOW(40)
0001c6 df8d      	RCALL __lcd_write_data
0001c7 e0a4      	LDI  R26,LOW(4)
0001c8 df8b      	RCALL __lcd_write_data
0001c9 e8a5      	LDI  R26,LOW(133)
0001ca df89      	RCALL __lcd_write_data
0001cb e0a6      	LDI  R26,LOW(6)
0001cc df87      	RCALL __lcd_write_data
0001cd df9f      	RCALL _lcd_clear
                 _0x2080002:
0001ce 9621      	ADIW R28,1
0001cf 9508      	RET
                 ; .FEND
                 	#ifndef __SLEEP_DEFINED__
                 	#endif
                 
                 	.CSEG
                 _put_buff_G101:
                 ; .FSTART _put_buff_G101
0001d0 93ba      	ST   -Y,R27
0001d1 93aa      	ST   -Y,R26
0001d2 931a      	ST   -Y,R17
0001d3 930a      	ST   -Y,R16
0001d4 81aa      	LDD  R26,Y+2
0001d5 81bb      	LDD  R27,Y+2+1
0001d6 9612      	ADIW R26,2
0001d7 940e 0430 	CALL __GETW1P
0001d9 9730      	SBIW R30,0
0001da f159      	BREQ _0x2020010
0001db 81aa      	LDD  R26,Y+2
0001dc 81bb      	LDD  R27,Y+2+1
0001dd 9614      	ADIW R26,4
0001de 940e 0430 	CALL __GETW1P
0001e0 018f      	MOVW R16,R30
0001e1 9730      	SBIW R30,0
0001e2 f061      	BREQ _0x2020012
                +
0001e3 3002     +CPI R16 , LOW ( 2 )
0001e4 e0e0     +LDI R30 , HIGH ( 2 )
0001e5 071e     +CPC R17 , R30
                 	__CPWRN 16,17,2
0001e6 f098      	BRLO _0x2020013
0001e7 01f8      	MOVW R30,R16
0001e8 9731      	SBIW R30,1
0001e9 018f      	MOVW R16,R30
                +
0001ea 81aa     +LDD R26 , Y + 2
0001eb 81bb     +LDD R27 , Y + 2 + 1
0001ec 9614     +ADIW R26 , 4
0001ed 93ed     +ST X + , R30
0001ee 93fc     +ST X , R31
                 	__PUTW1SNS 2,4
                 _0x2020012:
0001ef 81aa      	LDD  R26,Y+2
0001f0 81bb      	LDD  R27,Y+2+1
0001f1 9612      	ADIW R26,2
0001f2 91ed      	LD   R30,X+
0001f3 91fd      	LD   R31,X+
0001f4 9631      	ADIW R30,1
0001f5 93fe      	ST   -X,R31
0001f6 93ee      	ST   -X,R30
0001f7 9731      	SBIW R30,1
0001f8 81ac      	LDD  R26,Y+4
0001f9 83a0      	STD  Z+0,R26
                 _0x2020013:
0001fa 81aa      	LDD  R26,Y+2
0001fb 81bb      	LDD  R27,Y+2+1
0001fc 940e 0430 	CALL __GETW1P
0001fe 23ff      	TST  R31
0001ff f02a      	BRMI _0x2020014
000200 91ed      	LD   R30,X+
000201 91fd      	LD   R31,X+
000202 9631      	ADIW R30,1
000203 93fe      	ST   -X,R31
000204 93ee      	ST   -X,R30
                 _0x2020014:
000205 c006      	RJMP _0x2020015
                 _0x2020010:
000206 81aa      	LDD  R26,Y+2
000207 81bb      	LDD  R27,Y+2+1
000208 efef      	LDI  R30,LOW(65535)
000209 efff      	LDI  R31,HIGH(65535)
00020a 93ed      	ST   X+,R30
00020b 93fc      	ST   X,R31
                 _0x2020015:
00020c 8119      	LDD  R17,Y+1
00020d 8108      	LDD  R16,Y+0
00020e 9625      	ADIW R28,5
00020f 9508      	RET
                 ; .FEND
                 __print_G101:
                 ; .FSTART __print_G101
000210 93ba      	ST   -Y,R27
000211 93aa      	ST   -Y,R26
000212 9726      	SBIW R28,6
000213 940e 043d 	CALL __SAVELOCR6
000215 e010      	LDI  R17,0
000216 85ac      	LDD  R26,Y+12
000217 85bd      	LDD  R27,Y+12+1
000218 e0e0      	LDI  R30,LOW(0)
000219 e0f0      	LDI  R31,HIGH(0)
00021a 93ed      	ST   X+,R30
00021b 93fc      	ST   X,R31
                 _0x2020016:
00021c 89ea      	LDD  R30,Y+18
00021d 89fb      	LDD  R31,Y+18+1
00021e 9631      	ADIW R30,1
00021f 8bea      	STD  Y+18,R30
000220 8bfb      	STD  Y+18+1,R31
000221 9731      	SBIW R30,1
000222 91e4      	LPM  R30,Z
000223 2f2e      	MOV  R18,R30
000224 30e0      	CPI  R30,0
000225 f409      	BRNE PC+2
000226 c115      	RJMP _0x2020018
000227 2fe1      	MOV  R30,R17
000228 30e0      	CPI  R30,0
000229 f439      	BRNE _0x202001C
00022a 3225      	CPI  R18,37
00022b f411      	BRNE _0x202001D
00022c e011      	LDI  R17,LOW(1)
00022d c002      	RJMP _0x202001E
                 _0x202001D:
00022e 940e 03ed 	CALL SUBOPT_0x5
                 _0x202001E:
000230 c10a      	RJMP _0x202001B
                 _0x202001C:
000231 30e1      	CPI  R30,LOW(0x1)
000232 f4a9      	BRNE _0x202001F
000233 3225      	CPI  R18,37
000234 f419      	BRNE _0x2020020
000235 940e 03ed 	CALL SUBOPT_0x5
000237 c102      	RJMP _0x20200CC
                 _0x2020020:
000238 e012      	LDI  R17,LOW(2)
000239 e040      	LDI  R20,LOW(0)
00023a e000      	LDI  R16,LOW(0)
00023b 322d      	CPI  R18,45
00023c f411      	BRNE _0x2020021
00023d e001      	LDI  R16,LOW(1)
00023e c0fc      	RJMP _0x202001B
                 _0x2020021:
00023f 322b      	CPI  R18,43
000240 f411      	BRNE _0x2020022
000241 e24b      	LDI  R20,LOW(43)
000242 c0f8      	RJMP _0x202001B
                 _0x2020022:
000243 3220      	CPI  R18,32
000244 f411      	BRNE _0x2020023
000245 e240      	LDI  R20,LOW(32)
000246 c0f4      	RJMP _0x202001B
                 _0x2020023:
000247 c002      	RJMP _0x2020024
                 _0x202001F:
000248 30e2      	CPI  R30,LOW(0x2)
000249 f439      	BRNE _0x2020025
                 _0x2020024:
00024a e050      	LDI  R21,LOW(0)
00024b e013      	LDI  R17,LOW(3)
00024c 3320      	CPI  R18,48
00024d f411      	BRNE _0x2020026
00024e 6800      	ORI  R16,LOW(128)
00024f c0eb      	RJMP _0x202001B
                 _0x2020026:
000250 c003      	RJMP _0x2020027
                 _0x2020025:
000251 30e3      	CPI  R30,LOW(0x3)
000252 f009      	BREQ PC+2
000253 c0e7      	RJMP _0x202001B
                 _0x2020027:
000254 3320      	CPI  R18,48
000255 f010      	BRLO _0x202002A
000256 332a      	CPI  R18,58
000257 f008      	BRLO _0x202002B
                 _0x202002A:
000258 c007      	RJMP _0x2020029
                 _0x202002B:
000259 e0aa      	LDI  R26,LOW(10)
00025a 9f5a      	MUL  R21,R26
00025b 2d50      	MOV  R21,R0
00025c 2fe2      	MOV  R30,R18
00025d 53e0      	SUBI R30,LOW(48)
00025e 0f5e      	ADD  R21,R30
00025f c0db      	RJMP _0x202001B
                 _0x2020029:
000260 2fe2      	MOV  R30,R18
000261 36e3      	CPI  R30,LOW(0x63)
000262 f449      	BRNE _0x202002F
000263 940e 03f4 	CALL SUBOPT_0x6
000265 89e8      	LDD  R30,Y+16
000266 89f9      	LDD  R31,Y+16+1
000267 81a4      	LDD  R26,Z+4
000268 93aa      	ST   -Y,R26
000269 940e 03fa 	CALL SUBOPT_0x7
00026b c0ce      	RJMP _0x2020030
                 _0x202002F:
00026c 37e3      	CPI  R30,LOW(0x73)
00026d f441      	BRNE _0x2020032
00026e 940e 03f4 	CALL SUBOPT_0x6
000270 940e 0400 	CALL SUBOPT_0x8
000272 940e 0378 	CALL _strlen
000274 2f1e      	MOV  R17,R30
000275 c00a      	RJMP _0x2020033
                 _0x2020032:
000276 37e0      	CPI  R30,LOW(0x70)
000277 f461      	BRNE _0x2020035
000278 940e 03f4 	CALL SUBOPT_0x6
00027a 940e 0400 	CALL SUBOPT_0x8
00027c 940e 0384 	CALL _strlenf
00027e 2f1e      	MOV  R17,R30
00027f 6008      	ORI  R16,LOW(8)
                 _0x2020033:
000280 6002      	ORI  R16,LOW(2)
000281 770f      	ANDI R16,LOW(127)
000282 e030      	LDI  R19,LOW(0)
000283 c034      	RJMP _0x2020036
                 _0x2020035:
000284 36e4      	CPI  R30,LOW(0x64)
000285 f011      	BREQ _0x2020039
000286 36e9      	CPI  R30,LOW(0x69)
000287 f411      	BRNE _0x202003A
                 _0x2020039:
000288 6004      	ORI  R16,LOW(4)
000289 c002      	RJMP _0x202003B
                 _0x202003A:
00028a 37e5      	CPI  R30,LOW(0x75)
00028b f431      	BRNE _0x202003C
                 _0x202003B:
00028c e5e4      	LDI  R30,LOW(_tbl10_G101*2)
00028d e0f0      	LDI  R31,HIGH(_tbl10_G101*2)
00028e 83ee      	STD  Y+6,R30
00028f 83ff      	STD  Y+6+1,R31
000290 e015      	LDI  R17,LOW(5)
000291 c00c      	RJMP _0x202003D
                 _0x202003C:
000292 35e8      	CPI  R30,LOW(0x58)
000293 f411      	BRNE _0x202003F
000294 6008      	ORI  R16,LOW(8)
000295 c003      	RJMP _0x2020040
                 _0x202003F:
000296 37e8      	CPI  R30,LOW(0x78)
000297 f009      	BREQ PC+2
000298 c0a1      	RJMP _0x2020071
                 _0x2020040:
000299 e5ee      	LDI  R30,LOW(_tbl16_G101*2)
00029a e0f0      	LDI  R31,HIGH(_tbl16_G101*2)
00029b 83ee      	STD  Y+6,R30
00029c 83ff      	STD  Y+6+1,R31
00029d e014      	LDI  R17,LOW(4)
                 _0x202003D:
00029e ff02      	SBRS R16,2
00029f c014      	RJMP _0x2020042
0002a0 940e 03f4 	CALL SUBOPT_0x6
0002a2 940e 040a 	CALL SUBOPT_0x9
0002a4 85ab      	LDD  R26,Y+11
0002a5 23aa      	TST  R26
0002a6 f43a      	BRPL _0x2020043
0002a7 85ea      	LDD  R30,Y+10
0002a8 85fb      	LDD  R31,Y+10+1
0002a9 940e 0427 	CALL __ANEGW1
0002ab 87ea      	STD  Y+10,R30
0002ac 87fb      	STD  Y+10+1,R31
0002ad e24d      	LDI  R20,LOW(45)
                 _0x2020043:
0002ae 3040      	CPI  R20,0
0002af f011      	BREQ _0x2020044
0002b0 5f1f      	SUBI R17,-LOW(1)
0002b1 c001      	RJMP _0x2020045
                 _0x2020044:
0002b2 7f0b      	ANDI R16,LOW(251)
                 _0x2020045:
0002b3 c004      	RJMP _0x2020046
                 _0x2020042:
0002b4 940e 03f4 	CALL SUBOPT_0x6
0002b6 940e 040a 	CALL SUBOPT_0x9
                 _0x2020046:
                 _0x2020036:
0002b8 fd00      	SBRC R16,0
0002b9 c011      	RJMP _0x2020047
                 _0x2020048:
0002ba 1715      	CP   R17,R21
0002bb f478      	BRSH _0x202004A
0002bc ff07      	SBRS R16,7
0002bd c008      	RJMP _0x202004B
0002be ff02      	SBRS R16,2
0002bf c004      	RJMP _0x202004C
0002c0 7f0b      	ANDI R16,LOW(251)
0002c1 2f24      	MOV  R18,R20
0002c2 5011      	SUBI R17,LOW(1)
0002c3 c001      	RJMP _0x202004D
                 _0x202004C:
0002c4 e320      	LDI  R18,LOW(48)
                 _0x202004D:
0002c5 c001      	RJMP _0x202004E
                 _0x202004B:
0002c6 e220      	LDI  R18,LOW(32)
                 _0x202004E:
0002c7 940e 03ed 	CALL SUBOPT_0x5
0002c9 5051      	SUBI R21,LOW(1)
0002ca cfef      	RJMP _0x2020048
                 _0x202004A:
                 _0x2020047:
0002cb 2f31      	MOV  R19,R17
0002cc ff01      	SBRS R16,1
0002cd c017      	RJMP _0x202004F
                 _0x2020050:
0002ce 3030      	CPI  R19,0
0002cf f0a1      	BREQ _0x2020052
0002d0 ff03      	SBRS R16,3
0002d1 c006      	RJMP _0x2020053
0002d2 81ee      	LDD  R30,Y+6
0002d3 81ff      	LDD  R31,Y+6+1
0002d4 9125      	LPM  R18,Z+
0002d5 83ee      	STD  Y+6,R30
0002d6 83ff      	STD  Y+6+1,R31
0002d7 c005      	RJMP _0x2020054
                 _0x2020053:
0002d8 81ae      	LDD  R26,Y+6
0002d9 81bf      	LDD  R27,Y+6+1
0002da 912d      	LD   R18,X+
0002db 83ae      	STD  Y+6,R26
0002dc 83bf      	STD  Y+6+1,R27
                 _0x2020054:
0002dd 940e 03ed 	CALL SUBOPT_0x5
0002df 3050      	CPI  R21,0
0002e0 f009      	BREQ _0x2020055
0002e1 5051      	SUBI R21,LOW(1)
                 _0x2020055:
0002e2 5031      	SUBI R19,LOW(1)
0002e3 cfea      	RJMP _0x2020050
                 _0x2020052:
0002e4 c04b      	RJMP _0x2020056
                 _0x202004F:
                 _0x2020058:
0002e5 e320      	LDI  R18,LOW(48)
0002e6 81ee      	LDD  R30,Y+6
0002e7 81ff      	LDD  R31,Y+6+1
0002e8 940e 0434 	CALL __GETW1PF
0002ea 87e8      	STD  Y+8,R30
0002eb 87f9      	STD  Y+8+1,R31
0002ec 81ee      	LDD  R30,Y+6
0002ed 81ff      	LDD  R31,Y+6+1
0002ee 9632      	ADIW R30,2
0002ef 83ee      	STD  Y+6,R30
0002f0 83ff      	STD  Y+6+1,R31
                 _0x202005A:
0002f1 85e8      	LDD  R30,Y+8
0002f2 85f9      	LDD  R31,Y+8+1
0002f3 85aa      	LDD  R26,Y+10
0002f4 85bb      	LDD  R27,Y+10+1
0002f5 17ae      	CP   R26,R30
0002f6 07bf      	CPC  R27,R31
0002f7 f050      	BRLO _0x202005C
0002f8 5f2f      	SUBI R18,-LOW(1)
0002f9 85a8      	LDD  R26,Y+8
0002fa 85b9      	LDD  R27,Y+8+1
0002fb 85ea      	LDD  R30,Y+10
0002fc 85fb      	LDD  R31,Y+10+1
0002fd 1bea      	SUB  R30,R26
0002fe 0bfb      	SBC  R31,R27
0002ff 87ea      	STD  Y+10,R30
000300 87fb      	STD  Y+10+1,R31
000301 cfef      	RJMP _0x202005A
                 _0x202005C:
000302 332a      	CPI  R18,58
000303 f028      	BRLO _0x202005D
000304 ff03      	SBRS R16,3
000305 c002      	RJMP _0x202005E
000306 5f29      	SUBI R18,-LOW(7)
000307 c001      	RJMP _0x202005F
                 _0x202005E:
000308 5d29      	SUBI R18,-LOW(39)
                 _0x202005F:
                 _0x202005D:
000309 fd04      	SBRC R16,4
00030a c01a      	RJMP _0x2020061
00030b 3321      	CPI  R18,49
00030c f420      	BRSH _0x2020063
00030d 85a8      	LDD  R26,Y+8
00030e 85b9      	LDD  R27,Y+8+1
00030f 9711      	SBIW R26,1
000310 f409      	BRNE _0x2020062
                 _0x2020063:
000311 c009      	RJMP _0x20200CD
                 _0x2020062:
000312 1753      	CP   R21,R19
000313 f010      	BRLO _0x2020067
000314 ff00      	SBRS R16,0
000315 c001      	RJMP _0x2020068
                 _0x2020067:
000316 c013      	RJMP _0x2020066
                 _0x2020068:
000317 e220      	LDI  R18,LOW(32)
000318 ff07      	SBRS R16,7
000319 c00b      	RJMP _0x2020069
00031a e320      	LDI  R18,LOW(48)
                 _0x20200CD:
00031b 6100      	ORI  R16,LOW(16)
00031c ff02      	SBRS R16,2
00031d c007      	RJMP _0x202006A
00031e 7f0b      	ANDI R16,LOW(251)
00031f 934a      	ST   -Y,R20
000320 940e 03fa 	CALL SUBOPT_0x7
000322 3050      	CPI  R21,0
000323 f009      	BREQ _0x202006B
000324 5051      	SUBI R21,LOW(1)
                 _0x202006B:
                 _0x202006A:
                 _0x2020069:
                 _0x2020061:
000325 940e 03ed 	CALL SUBOPT_0x5
000327 3050      	CPI  R21,0
000328 f009      	BREQ _0x202006C
000329 5051      	SUBI R21,LOW(1)
                 _0x202006C:
                 _0x2020066:
00032a 5031      	SUBI R19,LOW(1)
00032b 85a8      	LDD  R26,Y+8
00032c 85b9      	LDD  R27,Y+8+1
00032d 9712      	SBIW R26,2
00032e f008      	BRLO _0x2020059
00032f cfb5      	RJMP _0x2020058
                 _0x2020059:
                 _0x2020056:
000330 ff00      	SBRS R16,0
000331 c008      	RJMP _0x202006D
                 _0x202006E:
000332 3050      	CPI  R21,0
000333 f031      	BREQ _0x2020070
000334 5051      	SUBI R21,LOW(1)
000335 e2e0      	LDI  R30,LOW(32)
000336 93ea      	ST   -Y,R30
000337 940e 03fa 	CALL SUBOPT_0x7
000339 cff8      	RJMP _0x202006E
                 _0x2020070:
                 _0x202006D:
                 _0x2020071:
                 _0x2020030:
                 _0x20200CC:
00033a e010      	LDI  R17,LOW(0)
                 _0x202001B:
00033b cee0      	RJMP _0x2020016
                 _0x2020018:
00033c 85ac      	LDD  R26,Y+12
00033d 85bd      	LDD  R27,Y+12+1
00033e 940e 0430 	CALL __GETW1P
000340 940e 0444 	CALL __LOADLOCR6
000342 9664      	ADIW R28,20
000343 9508      	RET
                 ; .FEND
                 _sprintf:
                 ; .FSTART _sprintf
000344 92ff      	PUSH R15
000345 2ef8      	MOV  R15,R24
000346 9726      	SBIW R28,6
000347 940e 043f 	CALL __SAVELOCR4
000349 940e 0412 	CALL SUBOPT_0xA
00034b 9730      	SBIW R30,0
00034c f419      	BRNE _0x2020072
00034d efef      	LDI  R30,LOW(65535)
00034e efff      	LDI  R31,HIGH(65535)
00034f c023      	RJMP _0x2080001
                 _0x2020072:
000350 01de      	MOVW R26,R28
000351 9616      	ADIW R26,6
000352 940e 0423 	CALL __ADDW2R15
000354 018d      	MOVW R16,R26
000355 940e 0412 	CALL SUBOPT_0xA
000357 83ee      	STD  Y+6,R30
000358 83ff      	STD  Y+6+1,R31
000359 e0e0      	LDI  R30,LOW(0)
00035a 87e8      	STD  Y+8,R30
00035b 87e9      	STD  Y+8+1,R30
00035c 01de      	MOVW R26,R28
00035d 961a      	ADIW R26,10
00035e 940e 0423 	CALL __ADDW2R15
000360 940e 0430 	CALL __GETW1P
000362 93fa      	ST   -Y,R31
000363 93ea      	ST   -Y,R30
000364 931a      	ST   -Y,R17
000365 930a      	ST   -Y,R16
000366 ede0      	LDI  R30,LOW(_put_buff_G101)
000367 e0f1      	LDI  R31,HIGH(_put_buff_G101)
000368 93fa      	ST   -Y,R31
000369 93ea      	ST   -Y,R30
00036a 01de      	MOVW R26,R28
00036b 961a      	ADIW R26,10
00036c dea3      	RCALL __print_G101
00036d 019f      	MOVW R18,R30
00036e 81ae      	LDD  R26,Y+6
00036f 81bf      	LDD  R27,Y+6+1
000370 e0e0      	LDI  R30,LOW(0)
000371 93ec      	ST   X,R30
000372 01f9      	MOVW R30,R18
                 _0x2080001:
000373 940e 0446 	CALL __LOADLOCR4
000375 962a      	ADIW R28,10
000376 90ff      	POP  R15
000377 9508      	RET
                 ; .FEND
                 
                 	.CSEG
                 
                 	.CSEG
                 _strlen:
                 ; .FSTART _strlen
000378 93ba      	ST   -Y,R27
000379 93aa      	ST   -Y,R26
00037a 91a9          ld   r26,y+
00037b 91b9          ld   r27,y+
00037c 27ee          clr  r30
00037d 27ff          clr  r31
                 strlen0:
00037e 916d          ld   r22,x+
00037f 2366          tst  r22
000380 f011          breq strlen1
000381 9631          adiw r30,1
000382 cffb          rjmp strlen0
                 strlen1:
000383 9508          ret
                 ; .FEND
                 _strlenf:
                 ; .FSTART _strlenf
000384 93ba      	ST   -Y,R27
000385 93aa      	ST   -Y,R26
000386 27aa          clr  r26
000387 27bb          clr  r27
000388 91e9          ld   r30,y+
000389 91f9          ld   r31,y+
                 strlenf0:
00038a 9005      	lpm  r0,z+
00038b 2000          tst  r0
00038c f011          breq strlenf1
00038d 9611          adiw r26,1
00038e cffb          rjmp strlenf0
                 strlenf1:
00038f 01fd          movw r30,r26
000390 9508          ret
                 ; .FEND
                 
                 	.DSEG
                 _str2:
000165           	.BYTE 0x14
                 _str:
000179           	.BYTE 0x14
                 __base_y_G100:
00018d           	.BYTE 0x4
                 __lcd_maxx:
000191           	.BYTE 0x1
                 
                 	.CSEG
                 ;OPTIMIZER ADDED SUBROUTINE, CALLED 2 TIMES, CODE SIZE REDUCTION:10 WORDS
                 SUBOPT_0x0:
000391 920a      	ST   -Y,R0
000392 921a      	ST   -Y,R1
000393 92fa      	ST   -Y,R15
000394 936a      	ST   -Y,R22
000395 937a      	ST   -Y,R23
000396 938a      	ST   -Y,R24
000397 939a      	ST   -Y,R25
000398 93aa      	ST   -Y,R26
000399 93ba      	ST   -Y,R27
00039a 93ea      	ST   -Y,R30
00039b 93fa      	ST   -Y,R31
00039c b7ef      	IN   R30,SREG
00039d 93ea      	ST   -Y,R30
00039e 940c 016d 	JMP  _lcd_clear
                 
                 ;OPTIMIZER ADDED SUBROUTINE, CALLED 4 TIMES, CODE SIZE REDUCTION:69 WORDS
                 SUBOPT_0x1:
0003a0 e0e0      	LDI  R30,LOW(0)
0003a1 93ea      	ST   -Y,R30
0003a2 e0a1      	LDI  R26,LOW(1)
0003a3 940e 0160 	CALL _lcd_gotoxy
0003a5 e6e5      	LDI  R30,LOW(_str2)
0003a6 e0f1      	LDI  R31,HIGH(_str2)
0003a7 93fa      	ST   -Y,R31
0003a8 93ea      	ST   -Y,R30
                +
0003a9 e6ec     +LDI R30 , LOW ( 2 * _0x0 + ( 0 ) )
0003aa e0f0     +LDI R31 , HIGH ( 2 * _0x0 + ( 0 ) )
                 	__POINTW1FN _0x0,0
0003ab 93fa      	ST   -Y,R31
0003ac 93ea      	ST   -Y,R30
0003ad 01f2      	MOVW R30,R4
0003ae 940e 042b 	CALL __CWD1
0003b0 940e 0438 	CALL __PUTPARD1
0003b2 e084      	LDI  R24,4
0003b3 940e 0344 	CALL _sprintf
0003b5 9628      	ADIW R28,8
0003b6 e6a5      	LDI  R26,LOW(_str2)
0003b7 e0b1      	LDI  R27,HIGH(_str2)
0003b8 940c 0190 	JMP  _lcd_puts
                 
                 ;OPTIMIZER ADDED SUBROUTINE, CALLED 2 TIMES, CODE SIZE REDUCTION:31 WORDS
                 SUBOPT_0x2:
0003ba e7e9      	LDI  R30,LOW(_str)
0003bb e0f1      	LDI  R31,HIGH(_str)
0003bc 93fa      	ST   -Y,R31
0003bd 93ea      	ST   -Y,R30
                +
0003be e7ea     +LDI R30 , LOW ( 2 * _0x0 + ( 14 ) )
0003bf e0f0     +LDI R31 , HIGH ( 2 * _0x0 + ( 14 ) )
                 	__POINTW1FN _0x0,14
0003c0 93fa      	ST   -Y,R31
0003c1 93ea      	ST   -Y,R30
0003c2 2de8      	MOV  R30,R8
0003c3 27ff      	CLR  R31
0003c4 2766      	CLR  R22
0003c5 2777      	CLR  R23
0003c6 940e 0438 	CALL __PUTPARD1
0003c8 2de9      	MOV  R30,R9
0003c9 27ff      	CLR  R31
0003ca 2766      	CLR  R22
0003cb 2777      	CLR  R23
0003cc 940e 0438 	CALL __PUTPARD1
0003ce 2de6      	MOV  R30,R6
0003cf 27ff      	CLR  R31
0003d0 2766      	CLR  R22
0003d1 2777      	CLR  R23
0003d2 940e 0438 	CALL __PUTPARD1
0003d4 2de7      	MOV  R30,R7
0003d5 27ff      	CLR  R31
0003d6 2766      	CLR  R22
0003d7 2777      	CLR  R23
0003d8 940e 0438 	CALL __PUTPARD1
0003da e180      	LDI  R24,16
0003db 940e 0344 	CALL _sprintf
0003dd 9664      	ADIW R28,20
0003de 9508      	RET
                 
                 ;OPTIMIZER ADDED SUBROUTINE, CALLED 2 TIMES, CODE SIZE REDUCTION:1 WORDS
                 SUBOPT_0x3:
0003df 940e 0154 	CALL __lcd_write_data
0003e1 e0a3      	LDI  R26,LOW(3)
0003e2 e0b0      	LDI  R27,0
0003e3 940c 0419 	JMP  _delay_ms
                 
                 ;OPTIMIZER ADDED SUBROUTINE, CALLED 3 TIMES, CODE SIZE REDUCTION:7 WORDS
                 SUBOPT_0x4:
0003e5 e3a0      	LDI  R26,LOW(48)
0003e6 940e 0140 	CALL __lcd_write_nibble_G100
                +
0003e8 ec88     +LDI R24 , LOW ( 200 )
0003e9 e090     +LDI R25 , HIGH ( 200 )
                +__DELAY_USW_LOOP :
0003ea 9701     +SBIW R24 , 1
0003eb f7f1     +BRNE __DELAY_USW_LOOP
                 	__DELAY_USW 200
0003ec 9508      	RET
                 
                 ;OPTIMIZER ADDED SUBROUTINE, CALLED 5 TIMES, CODE SIZE REDUCTION:13 WORDS
                 SUBOPT_0x5:
0003ed 932a      	ST   -Y,R18
0003ee 85ad      	LDD  R26,Y+13
0003ef 85be      	LDD  R27,Y+13+1
0003f0 85ef      	LDD  R30,Y+15
0003f1 89f8      	LDD  R31,Y+15+1
0003f2 9509      	ICALL
0003f3 9508      	RET
                 
                 ;OPTIMIZER ADDED SUBROUTINE, CALLED 5 TIMES, CODE SIZE REDUCTION:9 WORDS
                 SUBOPT_0x6:
0003f4 89e8      	LDD  R30,Y+16
0003f5 89f9      	LDD  R31,Y+16+1
0003f6 9734      	SBIW R30,4
0003f7 8be8      	STD  Y+16,R30
0003f8 8bf9      	STD  Y+16+1,R31
0003f9 9508      	RET
                 
                 ;OPTIMIZER ADDED SUBROUTINE, CALLED 3 TIMES, CODE SIZE REDUCTION:3 WORDS
                 SUBOPT_0x7:
0003fa 85ad      	LDD  R26,Y+13
0003fb 85be      	LDD  R27,Y+13+1
0003fc 85ef      	LDD  R30,Y+15
0003fd 89f8      	LDD  R31,Y+15+1
0003fe 9509      	ICALL
0003ff 9508      	RET
                 
                 ;OPTIMIZER ADDED SUBROUTINE, CALLED 2 TIMES, CODE SIZE REDUCTION:4 WORDS
                 SUBOPT_0x8:
000400 89a8      	LDD  R26,Y+16
000401 89b9      	LDD  R27,Y+16+1
000402 9614      	ADIW R26,4
000403 940e 0430 	CALL __GETW1P
000405 83ee      	STD  Y+6,R30
000406 83ff      	STD  Y+6+1,R31
000407 81ae      	LDD  R26,Y+6
000408 81bf      	LDD  R27,Y+6+1
000409 9508      	RET
                 
                 ;OPTIMIZER ADDED SUBROUTINE, CALLED 2 TIMES, CODE SIZE REDUCTION:2 WORDS
                 SUBOPT_0x9:
00040a 89a8      	LDD  R26,Y+16
00040b 89b9      	LDD  R27,Y+16+1
00040c 9614      	ADIW R26,4
00040d 940e 0430 	CALL __GETW1P
00040f 87ea      	STD  Y+10,R30
000410 87fb      	STD  Y+10+1,R31
000411 9508      	RET
                 
                 ;OPTIMIZER ADDED SUBROUTINE, CALLED 2 TIMES, CODE SIZE REDUCTION:1 WORDS
                 SUBOPT_0xA:
000412 01de      	MOVW R26,R28
000413 961c      	ADIW R26,12
000414 940e 0423 	CALL __ADDW2R15
000416 940e 0430 	CALL __GETW1P
000418 9508      	RET
                 
                 
                 	.CSEG
                 _delay_ms:
000419 9610      	adiw r26,0
00041a f039      	breq __delay_ms1
                 __delay_ms0:
                +
00041b ed80     +LDI R24 , LOW ( 0x7D0 )
00041c e097     +LDI R25 , HIGH ( 0x7D0 )
                +__DELAY_USW_LOOP :
00041d 9701     +SBIW R24 , 1
00041e f7f1     +BRNE __DELAY_USW_LOOP
                 	__DELAY_USW 0x7D0
00041f 95a8      	wdr
000420 9711      	sbiw r26,1
000421 f7c9      	brne __delay_ms0
                 __delay_ms1:
000422 9508      	ret
                 
                 __ADDW2R15:
000423 2400      	CLR  R0
000424 0daf      	ADD  R26,R15
000425 1db0      	ADC  R27,R0
000426 9508      	RET
                 
                 __ANEGW1:
000427 95f1      	NEG  R31
000428 95e1      	NEG  R30
000429 40f0      	SBCI R31,0
00042a 9508      	RET
                 
                 __CWD1:
00042b 2f6f      	MOV  R22,R31
00042c 0f66      	ADD  R22,R22
00042d 0b66      	SBC  R22,R22
00042e 2f76      	MOV  R23,R22
00042f 9508      	RET
                 
                 __GETW1P:
000430 91ed      	LD   R30,X+
000431 91fc      	LD   R31,X
000432 9711      	SBIW R26,1
000433 9508      	RET
                 
                 __GETW1PF:
000434 9005      	LPM  R0,Z+
000435 91f4      	LPM  R31,Z
000436 2de0      	MOV  R30,R0
000437 9508      	RET
                 
                 __PUTPARD1:
000438 937a      	ST   -Y,R23
000439 936a      	ST   -Y,R22
00043a 93fa      	ST   -Y,R31
00043b 93ea      	ST   -Y,R30
00043c 9508      	RET
                 
                 __SAVELOCR6:
00043d 935a      	ST   -Y,R21
                 __SAVELOCR5:
00043e 934a      	ST   -Y,R20
                 __SAVELOCR4:
00043f 933a      	ST   -Y,R19
                 __SAVELOCR3:
000440 932a      	ST   -Y,R18
                 __SAVELOCR2:
000441 931a      	ST   -Y,R17
000442 930a      	ST   -Y,R16
000443 9508      	RET
                 
                 __LOADLOCR6:
000444 815d      	LDD  R21,Y+5
                 __LOADLOCR5:
000445 814c      	LDD  R20,Y+4
                 __LOADLOCR4:
000446 813b      	LDD  R19,Y+3
                 __LOADLOCR3:
000447 812a      	LDD  R18,Y+2
                 __LOADLOCR2:
000448 8119      	LDD  R17,Y+1
000449 8108      	LD   R16,Y
00044a 9508      	RET
                 
                 ;END OF CODE MARKER
                 __END_OF_CODE:


RESOURCE USE INFORMATION
------------------------

Notice:
The register and instruction counts are symbol table hit counts,
and hence implicitly used resources are not counted, eg, the
'lpm' instruction without operands implicitly uses r0 and z,
none of which are counted.

x,y,z are separate entities in the symbol table and are
counted separately from r26..r31 here.

.dseg memory usage only counts static data declared with .byte

ATmega16 register use summary:
r0 :  16 r1 :   4 r2 :   0 r3 :   0 r4 :   9 r5 :   2 r6 :   5 r7 :   5 
r8 :   5 r9 :   5 r10:   4 r11:   3 r12:   4 r13:   4 r14:   0 r15:   7 
r16:  34 r17:  24 r18:  29 r19:   8 r20:   9 r21:  17 r22:  18 r23:   9 
r24:  27 r25:   8 r26: 107 r27:  45 r28:  15 r29:   1 r30: 250 r31:  72 
x  :  23 y  : 207 z  :  15 
Registers used: 32 out of 35 (91.4%)

ATmega16 instruction use summary:
.lds  :   0 .lds.l:   0 .sts  :   0 .sts.l:   0 adc   :   1 add   :   4 
adiw  :  26 and   :   0 andi  :   6 asr   :   0 bclr  :   0 bld   :   0 
brbc  :   0 brbs  :   0 brcc  :   0 brcs  :   0 break :   0 breq  :  19 
brge  :   0 brhc  :   0 brhs  :   0 brid  :   0 brie  :   0 brlo  :   8 
brlt  :   1 brmi  :   1 brne  :  36 brpl  :   1 brsh  :   2 brtc  :   0 
brts  :   0 brvc  :   0 brvs  :   0 bset  :   0 bst   :   0 call  :  66 
cbi   :   5 cbr   :   0 clc   :   0 clh   :   0 cli   :   1 cln   :   0 
clr   :  29 cls   :   0 clt   :   0 clv   :   0 clz   :   0 com   :   0 
cp    :  11 cpc   :   3 cpi   :  33 cpse  :   0 dec   :   5 des   :   0 
eor   :   0 fmul  :   0 fmuls :   0 fmulsu:   0 icall :   2 ijmp  :   0 
in    :   5 inc   :   6 jmp   :  25 ld    :  37 ldd   :  76 ldi   : 129 
lds   :   1 lpm   :  14 lsl   :   0 lsr   :   0 mov   :  26 movw  :  21 
mul   :   1 muls  :   0 mulsu :   0 neg   :   2 nop   :   0 or    :   2 
ori   :   8 out   :  46 pop   :   1 push  :   1 rcall :  20 ret   :  26 
reti  :   1 rjmp  :  66 rol   :   0 ror   :   0 sbc   :   2 sbci  :   2 
sbi   :   5 sbic  :   3 sbis  :   0 sbiw  :  20 sbr   :   0 sbrc  :   2 
sbrs  :  10 sec   :   0 seh   :   0 sei   :   1 sen   :   0 ser   :   0 
ses   :   0 set   :   0 sev   :   0 sez   :   0 sleep :   0 spm   :   0 
st    :  89 std   :  31 sts   :   3 sub   :   1 subi  :  16 swap  :   1 
tst   :   5 wdr   :   1 
Instructions used: 57 out of 116 (49.1%)

ATmega16 memory use summary [bytes]:
Segment   Begin    End      Code   Data   Used    Size   Use%
---------------------------------------------------------------
[.cseg] 0x000000 0x000896   2118     80   2198   16384  13.4%
[.dseg] 0x000060 0x000192      0     50     50    1024   4.9%
[.eseg] 0x000000 0x000000      0      0      0     512   0.0%

Assembly complete, 0 errors, 10 warnings
